#
# There is insufficient memory for the Java Runtime Environment to continue.
# Native memory allocation (malloc) failed to allocate 194496 bytes for Chunk::new
# Possible reasons:
#   The system is out of physical RAM or swap space
#   The process is running with CompressedOops enabled, and the Java Heap may be blocking the growth of the native heap
# Possible solutions:
#   Reduce memory load on the system
#   Increase physical memory or swap space
#   Check if swap backing store is full
#   Decrease Java heap size (-Xmx/-Xms)
#   Decrease number of Java threads
#   Decrease Java thread stack sizes (-Xss)
#   Set larger code cache with -XX:ReservedCodeCacheSize=
#   JVM is running with Zero Based Compressed Oops mode in which the Java heap is
#     placed in the first 32GB address space. The Java Heap base address is the
#     maximum limit for the native heap growth. Please use -XX:HeapBaseMinAddress
#     to set the Java Heap base and to place the Java Heap above 32GB virtual address.
# This output file may be truncated or incomplete.
#
#  Out of Memory Error (arena.cpp:189), pid=11184, tid=1628
#
# JRE version: Java(TM) SE Runtime Environment (17.0.10+11) (build 17.0.10+11-LTS-240)
# Java VM: Java HotSpot(TM) 64-Bit Server VM (17.0.10+11-LTS-240, mixed mode, sharing, tiered, compressed oops, compressed class ptrs, g1 gc, windows-amd64)
# No core dump will be written. Minidumps are not enabled by default on client versions of Windows
#

---------------  S U M M A R Y ------------

Command Line: --module-path=C:\Users\LENOVO\.m2\repository\org\openjfx\javafx-base\21.0.2\javafx-base-21.0.2-win.jar;C:\Users\LENOVO\.m2\repository\org\openjfx\javafx-base\21.0.2\javafx-base-21.0.2.jar;C:\Users\LENOVO\.m2\repository\org\openjfx\javafx-controls\21.0.2\javafx-controls-21.0.2-win.jar;C:\Users\LENOVO\.m2\repository\org\openjfx\javafx-controls\21.0.2\javafx-controls-21.0.2.jar;C:\Users\LENOVO\.m2\repository\org\openjfx\javafx-fxml\21.0.2\javafx-fxml-21.0.2-win.jar;C:\Users\LENOVO\.m2\repository\org\openjfx\javafx-fxml\21.0.2\javafx-fxml-21.0.2.jar;C:\Users\LENOVO\.m2\repository\org\openjfx\javafx-graphics\21.0.2\javafx-graphics-21.0.2-win.jar;C:\Users\LENOVO\.m2\repository\org\openjfx\javafx-graphics\21.0.2\javafx-graphics-21.0.2.jar;C:\Users\LENOVO\.m2\repository\org\openjfx\javafx-media\21.0.2\javafx-media-21.0.2-win.jar;C:\Users\LENOVO\.m2\repository\org\openjfx\javafx-media\21.0.2\javafx-media-21.0.2.jar --add-modules=javafx.base,javafx.controls,javafx.fxml,javafx.graphics,javafx.media edu.esprit.tests.MainFx

Host: Intel(R) Core(TM) i7-10750H CPU @ 2.60GHz, 12 cores, 15G,  Windows 10 , 64 bit Build 19041 (10.0.19041.3155)
Time: Tue Mar  5 12:46:09 2024 Paris, Madrid elapsed time: 4.882625 seconds (0d 0h 0m 4s)

---------------  T H R E A D  ---------------

Current thread (0x000001aa0413c020):  JavaThread "C2 CompilerThread1" daemon [_thread_in_native, id=1628, stack(0x0000004e46900000,0x0000004e46a00000)]


Current CompileTask:
C2:   4882  348       4       java.util.HashMap::putVal (300 bytes)

Stack: [0x0000004e46900000,0x0000004e46a00000]
Native frames: (J=compiled Java code, j=interpreted, Vv=VM code, C=native code)
V  [jvm.dll+0x677a5a]
V  [jvm.dll+0x7d8b2d]
V  [jvm.dll+0x7da48e]
V  [jvm.dll+0x7daaf3]
V  [jvm.dll+0x2455ff]
V  [jvm.dll+0xaaafb]
V  [jvm.dll+0xab09c]
V  [jvm.dll+0x361bae]
V  [jvm.dll+0x32c211]
V  [jvm.dll+0x32b6aa]
V  [jvm.dll+0x21794f]
V  [jvm.dll+0x216d81]
V  [jvm.dll+0x1a3410]
V  [jvm.dll+0x226aeb]
V  [jvm.dll+0x224cab]
V  [jvm.dll+0x78e45c]
V  [jvm.dll+0x78888a]
V  [jvm.dll+0x676935]
C  [ucrtbase.dll+0x21bb2]
C  [KERNEL32.DLL+0x17614]
C  [ntdll.dll+0x526b1]


---------------  P R O C E S S  ---------------

Threads class SMR info:
_java_thread_list=0x000001aa041f87f0, length=13, elements={
0x000001a99bb34cc0, 0x000001a9bec90590, 0x000001a9bec91210, 0x000001a9beca9f70,
0x000001a9becab940, 0x000001a9becac300, 0x000001a9becaccc0, 0x000001a9becada60,
0x000001a9becaef30, 0x000001a9becb20e0, 0x000001aa040f2c30, 0x000001aa0413c020,
0x000001aa042d9f60
}

Java Threads: ( => current thread )
  0x000001a99bb34cc0 JavaThread "main" [_thread_in_native, id=26524, stack(0x0000004e45800000,0x0000004e45900000)]
  0x000001a9bec90590 JavaThread "Reference Handler" daemon [_thread_blocked, id=25516, stack(0x0000004e45f00000,0x0000004e46000000)]
  0x000001a9bec91210 JavaThread "Finalizer" daemon [_thread_blocked, id=27672, stack(0x0000004e46000000,0x0000004e46100000)]
  0x000001a9beca9f70 JavaThread "Signal Dispatcher" daemon [_thread_blocked, id=24168, stack(0x0000004e46100000,0x0000004e46200000)]
  0x000001a9becab940 JavaThread "Attach Listener" daemon [_thread_blocked, id=24596, stack(0x0000004e46200000,0x0000004e46300000)]
  0x000001a9becac300 JavaThread "Service Thread" daemon [_thread_blocked, id=15128, stack(0x0000004e46300000,0x0000004e46400000)]
  0x000001a9becaccc0 JavaThread "Monitor Deflation Thread" daemon [_thread_blocked, id=14084, stack(0x0000004e46400000,0x0000004e46500000)]
  0x000001a9becada60 JavaThread "C2 CompilerThread0" daemon [_thread_blocked, id=26076, stack(0x0000004e46500000,0x0000004e46600000)]
  0x000001a9becaef30 JavaThread "C1 CompilerThread0" daemon [_thread_blocked, id=14384, stack(0x0000004e46600000,0x0000004e46700000)]
  0x000001a9becb20e0 JavaThread "Sweeper thread" daemon [_thread_blocked, id=22740, stack(0x0000004e46700000,0x0000004e46800000)]
  0x000001aa040f2c30 JavaThread "Common-Cleaner" daemon [_thread_blocked, id=24524, stack(0x0000004e46800000,0x0000004e46900000)]
=>0x000001aa0413c020 JavaThread "C2 CompilerThread1" daemon [_thread_in_native, id=1628, stack(0x0000004e46900000,0x0000004e46a00000)]
  0x000001aa042d9f60 JavaThread "Notification Thread" daemon [_thread_blocked, id=23960, stack(0x0000004e46a00000,0x0000004e46b00000)]

Other Threads:
  0x000001a9bec8b2d0 VMThread "VM Thread" [stack: 0x0000004e45e00000,0x0000004e45f00000] [id=11312]
  0x000001aa0413f600 WatcherThread [stack: 0x0000004e46b00000,0x0000004e46c00000] [id=18468]
  0x000001a99bb9f0d0 GCTaskThread "GC Thread#0" [stack: 0x0000004e45900000,0x0000004e45a00000] [id=19668]
  0x000001a99bbb0e30 ConcurrentGCThread "G1 Main Marker" [stack: 0x0000004e45a00000,0x0000004e45b00000] [id=21600]
  0x000001a99bbb1840 ConcurrentGCThread "G1 Conc#0" [stack: 0x0000004e45b00000,0x0000004e45c00000] [id=20032]
  0x000001a9beb424d0 ConcurrentGCThread "G1 Refine#0" [stack: 0x0000004e45c00000,0x0000004e45d00000] [id=7424]
  0x000001a9beb44d20 ConcurrentGCThread "G1 Service" [stack: 0x0000004e45d00000,0x0000004e45e00000] [id=30508]

Threads with active compile tasks:
C2 CompilerThread1     6223  348       4       java.util.HashMap::putVal (300 bytes)

VM state: not at safepoint (normal execution)

VM Mutex/Monitor currently owned by a thread: None

Heap address: 0x0000000702000000, size: 4064 MB, Compressed Oops mode: Zero based, Oop shift amount: 3

CDS archive(s) mapped at: [0x000001a9bf000000-0x000001a9bfbd0000-0x000001a9bfbd0000), size 12386304, SharedBaseAddress: 0x000001a9bf000000, ArchiveRelocationMode: 1.
Compressed class space mapped at: 0x000001a9c0000000-0x000001aa00000000, reserved size: 1073741824
Narrow klass base: 0x000001a9bf000000, Narrow klass shift: 0, Narrow klass range: 0x100000000

GC Precious Log:
 CPUs: 12 total, 12 available
 Memory: 16251M
 Large Page Support: Disabled
 NUMA Support: Disabled
 Compressed Oops: Enabled (Zero based)
 Heap Region Size: 2M
 Heap Min Capacity: 8M
 Heap Initial Capacity: 254M
 Heap Max Capacity: 4064M
 Pre-touch: Disabled
 Parallel Workers: 10
 Concurrent Workers: 3
 Concurrent Refinement Workers: 10
 Periodic GC: Disabled

Heap:
 garbage-first heap   total 260096K, used 8192K [0x0000000702000000, 0x0000000800000000)
  region size 2048K, 5 young (10240K), 0 survivors (0K)
 Metaspace       used 1704K, committed 1920K, reserved 1114112K
  class space    used 173K, committed 256K, reserved 1048576K

Heap Regions: E=young(eden), S=young(survivor), O=old, HS=humongous(starts), HC=humongous(continues), CS=collection set, F=free, OA=open archive, CA=closed archive, TAMS=top-at-mark-start (previous, next)
|   0|0x0000000702000000, 0x0000000702000000, 0x0000000702200000|  0%| F|  |TAMS 0x0000000702000000, 0x0000000702000000| Untracked 
|   1|0x0000000702200000, 0x0000000702200000, 0x0000000702400000|  0%| F|  |TAMS 0x0000000702200000, 0x0000000702200000| Untracked 
|   2|0x0000000702400000, 0x0000000702400000, 0x0000000702600000|  0%| F|  |TAMS 0x0000000702400000, 0x0000000702400000| Untracked 
|   3|0x0000000702600000, 0x0000000702600000, 0x0000000702800000|  0%| F|  |TAMS 0x0000000702600000, 0x0000000702600000| Untracked 
|   4|0x0000000702800000, 0x0000000702800000, 0x0000000702a00000|  0%| F|  |TAMS 0x0000000702800000, 0x0000000702800000| Untracked 
|   5|0x0000000702a00000, 0x0000000702a00000, 0x0000000702c00000|  0%| F|  |TAMS 0x0000000702a00000, 0x0000000702a00000| Untracked 
|   6|0x0000000702c00000, 0x0000000702c00000, 0x0000000702e00000|  0%| F|  |TAMS 0x0000000702c00000, 0x0000000702c00000| Untracked 
|   7|0x0000000702e00000, 0x0000000702e00000, 0x0000000703000000|  0%| F|  |TAMS 0x0000000702e00000, 0x0000000702e00000| Untracked 
|   8|0x0000000703000000, 0x0000000703000000, 0x0000000703200000|  0%| F|  |TAMS 0x0000000703000000, 0x0000000703000000| Untracked 
|   9|0x0000000703200000, 0x0000000703200000, 0x0000000703400000|  0%| F|  |TAMS 0x0000000703200000, 0x0000000703200000| Untracked 
|  10|0x0000000703400000, 0x0000000703400000, 0x0000000703600000|  0%| F|  |TAMS 0x0000000703400000, 0x0000000703400000| Untracked 
|  11|0x0000000703600000, 0x0000000703600000, 0x0000000703800000|  0%| F|  |TAMS 0x0000000703600000, 0x0000000703600000| Untracked 
|  12|0x0000000703800000, 0x0000000703800000, 0x0000000703a00000|  0%| F|  |TAMS 0x0000000703800000, 0x0000000703800000| Untracked 
|  13|0x0000000703a00000, 0x0000000703a00000, 0x0000000703c00000|  0%| F|  |TAMS 0x0000000703a00000, 0x0000000703a00000| Untracked 
|  14|0x0000000703c00000, 0x0000000703c00000, 0x0000000703e00000|  0%| F|  |TAMS 0x0000000703c00000, 0x0000000703c00000| Untracked 
|  15|0x0000000703e00000, 0x0000000703e00000, 0x0000000704000000|  0%| F|  |TAMS 0x0000000703e00000, 0x0000000703e00000| Untracked 
|  16|0x0000000704000000, 0x0000000704000000, 0x0000000704200000|  0%| F|  |TAMS 0x0000000704000000, 0x0000000704000000| Untracked 
|  17|0x0000000704200000, 0x0000000704200000, 0x0000000704400000|  0%| F|  |TAMS 0x0000000704200000, 0x0000000704200000| Untracked 
|  18|0x0000000704400000, 0x0000000704400000, 0x0000000704600000|  0%| F|  |TAMS 0x0000000704400000, 0x0000000704400000| Untracked 
|  19|0x0000000704600000, 0x0000000704600000, 0x0000000704800000|  0%| F|  |TAMS 0x0000000704600000, 0x0000000704600000| Untracked 
|  20|0x0000000704800000, 0x0000000704800000, 0x0000000704a00000|  0%| F|  |TAMS 0x0000000704800000, 0x0000000704800000| Untracked 
|  21|0x0000000704a00000, 0x0000000704a00000, 0x0000000704c00000|  0%| F|  |TAMS 0x0000000704a00000, 0x0000000704a00000| Untracked 
|  22|0x0000000704c00000, 0x0000000704c00000, 0x0000000704e00000|  0%| F|  |TAMS 0x0000000704c00000, 0x0000000704c00000| Untracked 
|  23|0x0000000704e00000, 0x0000000704e00000, 0x0000000705000000|  0%| F|  |TAMS 0x0000000704e00000, 0x0000000704e00000| Untracked 
|  24|0x0000000705000000, 0x0000000705000000, 0x0000000705200000|  0%| F|  |TAMS 0x0000000705000000, 0x0000000705000000| Untracked 
|  25|0x0000000705200000, 0x0000000705200000, 0x0000000705400000|  0%| F|  |TAMS 0x0000000705200000, 0x0000000705200000| Untracked 
|  26|0x0000000705400000, 0x0000000705400000, 0x0000000705600000|  0%| F|  |TAMS 0x0000000705400000, 0x0000000705400000| Untracked 
|  27|0x0000000705600000, 0x0000000705600000, 0x0000000705800000|  0%| F|  |TAMS 0x0000000705600000, 0x0000000705600000| Untracked 
|  28|0x0000000705800000, 0x0000000705800000, 0x0000000705a00000|  0%| F|  |TAMS 0x0000000705800000, 0x0000000705800000| Untracked 
|  29|0x0000000705a00000, 0x0000000705a00000, 0x0000000705c00000|  0%| F|  |TAMS 0x0000000705a00000, 0x0000000705a00000| Untracked 
|  30|0x0000000705c00000, 0x0000000705c00000, 0x0000000705e00000|  0%| F|  |TAMS 0x0000000705c00000, 0x0000000705c00000| Untracked 
|  31|0x0000000705e00000, 0x0000000705e00000, 0x0000000706000000|  0%| F|  |TAMS 0x0000000705e00000, 0x0000000705e00000| Untracked 
|  32|0x0000000706000000, 0x0000000706000000, 0x0000000706200000|  0%| F|  |TAMS 0x0000000706000000, 0x0000000706000000| Untracked 
|  33|0x0000000706200000, 0x0000000706200000, 0x0000000706400000|  0%| F|  |TAMS 0x0000000706200000, 0x0000000706200000| Untracked 
|  34|0x0000000706400000, 0x0000000706400000, 0x0000000706600000|  0%| F|  |TAMS 0x0000000706400000, 0x0000000706400000| Untracked 
|  35|0x0000000706600000, 0x0000000706600000, 0x0000000706800000|  0%| F|  |TAMS 0x0000000706600000, 0x0000000706600000| Untracked 
|  36|0x0000000706800000, 0x0000000706800000, 0x0000000706a00000|  0%| F|  |TAMS 0x0000000706800000, 0x0000000706800000| Untracked 
|  37|0x0000000706a00000, 0x0000000706a00000, 0x0000000706c00000|  0%| F|  |TAMS 0x0000000706a00000, 0x0000000706a00000| Untracked 
|  38|0x0000000706c00000, 0x0000000706c00000, 0x0000000706e00000|  0%| F|  |TAMS 0x0000000706c00000, 0x0000000706c00000| Untracked 
|  39|0x0000000706e00000, 0x0000000706e00000, 0x0000000707000000|  0%| F|  |TAMS 0x0000000706e00000, 0x0000000706e00000| Untracked 
|  40|0x0000000707000000, 0x0000000707000000, 0x0000000707200000|  0%| F|  |TAMS 0x0000000707000000, 0x0000000707000000| Untracked 
|  41|0x0000000707200000, 0x0000000707200000, 0x0000000707400000|  0%| F|  |TAMS 0x0000000707200000, 0x0000000707200000| Untracked 
|  42|0x0000000707400000, 0x0000000707400000, 0x0000000707600000|  0%| F|  |TAMS 0x0000000707400000, 0x0000000707400000| Untracked 
|  43|0x0000000707600000, 0x0000000707600000, 0x0000000707800000|  0%| F|  |TAMS 0x0000000707600000, 0x0000000707600000| Untracked 
|  44|0x0000000707800000, 0x0000000707800000, 0x0000000707a00000|  0%| F|  |TAMS 0x0000000707800000, 0x0000000707800000| Untracked 
|  45|0x0000000707a00000, 0x0000000707a00000, 0x0000000707c00000|  0%| F|  |TAMS 0x0000000707a00000, 0x0000000707a00000| Untracked 
|  46|0x0000000707c00000, 0x0000000707c00000, 0x0000000707e00000|  0%| F|  |TAMS 0x0000000707c00000, 0x0000000707c00000| Untracked 
|  47|0x0000000707e00000, 0x0000000707e00000, 0x0000000708000000|  0%| F|  |TAMS 0x0000000707e00000, 0x0000000707e00000| Untracked 
|  48|0x0000000708000000, 0x0000000708000000, 0x0000000708200000|  0%| F|  |TAMS 0x0000000708000000, 0x0000000708000000| Untracked 
|  49|0x0000000708200000, 0x0000000708200000, 0x0000000708400000|  0%| F|  |TAMS 0x0000000708200000, 0x0000000708200000| Untracked 
|  50|0x0000000708400000, 0x0000000708400000, 0x0000000708600000|  0%| F|  |TAMS 0x0000000708400000, 0x0000000708400000| Untracked 
|  51|0x0000000708600000, 0x0000000708600000, 0x0000000708800000|  0%| F|  |TAMS 0x0000000708600000, 0x0000000708600000| Untracked 
|  52|0x0000000708800000, 0x0000000708800000, 0x0000000708a00000|  0%| F|  |TAMS 0x0000000708800000, 0x0000000708800000| Untracked 
|  53|0x0000000708a00000, 0x0000000708a00000, 0x0000000708c00000|  0%| F|  |TAMS 0x0000000708a00000, 0x0000000708a00000| Untracked 
|  54|0x0000000708c00000, 0x0000000708c00000, 0x0000000708e00000|  0%| F|  |TAMS 0x0000000708c00000, 0x0000000708c00000| Untracked 
|  55|0x0000000708e00000, 0x0000000708e00000, 0x0000000709000000|  0%| F|  |TAMS 0x0000000708e00000, 0x0000000708e00000| Untracked 
|  56|0x0000000709000000, 0x0000000709000000, 0x0000000709200000|  0%| F|  |TAMS 0x0000000709000000, 0x0000000709000000| Untracked 
|  57|0x0000000709200000, 0x0000000709200000, 0x0000000709400000|  0%| F|  |TAMS 0x0000000709200000, 0x0000000709200000| Untracked 
|  58|0x0000000709400000, 0x0000000709400000, 0x0000000709600000|  0%| F|  |TAMS 0x0000000709400000, 0x0000000709400000| Untracked 
|  59|0x0000000709600000, 0x0000000709600000, 0x0000000709800000|  0%| F|  |TAMS 0x0000000709600000, 0x0000000709600000| Untracked 
|  60|0x0000000709800000, 0x0000000709800000, 0x0000000709a00000|  0%| F|  |TAMS 0x0000000709800000, 0x0000000709800000| Untracked 
|  61|0x0000000709a00000, 0x0000000709a00000, 0x0000000709c00000|  0%| F|  |TAMS 0x0000000709a00000, 0x0000000709a00000| Untracked 
|  62|0x0000000709c00000, 0x0000000709c00000, 0x0000000709e00000|  0%| F|  |TAMS 0x0000000709c00000, 0x0000000709c00000| Untracked 
|  63|0x0000000709e00000, 0x0000000709e00000, 0x000000070a000000|  0%| F|  |TAMS 0x0000000709e00000, 0x0000000709e00000| Untracked 
|  64|0x000000070a000000, 0x000000070a000000, 0x000000070a200000|  0%| F|  |TAMS 0x000000070a000000, 0x000000070a000000| Untracked 
|  65|0x000000070a200000, 0x000000070a200000, 0x000000070a400000|  0%| F|  |TAMS 0x000000070a200000, 0x000000070a200000| Untracked 
|  66|0x000000070a400000, 0x000000070a400000, 0x000000070a600000|  0%| F|  |TAMS 0x000000070a400000, 0x000000070a400000| Untracked 
|  67|0x000000070a600000, 0x000000070a600000, 0x000000070a800000|  0%| F|  |TAMS 0x000000070a600000, 0x000000070a600000| Untracked 
|  68|0x000000070a800000, 0x000000070a800000, 0x000000070aa00000|  0%| F|  |TAMS 0x000000070a800000, 0x000000070a800000| Untracked 
|  69|0x000000070aa00000, 0x000000070aa00000, 0x000000070ac00000|  0%| F|  |TAMS 0x000000070aa00000, 0x000000070aa00000| Untracked 
|  70|0x000000070ac00000, 0x000000070ac00000, 0x000000070ae00000|  0%| F|  |TAMS 0x000000070ac00000, 0x000000070ac00000| Untracked 
|  71|0x000000070ae00000, 0x000000070ae00000, 0x000000070b000000|  0%| F|  |TAMS 0x000000070ae00000, 0x000000070ae00000| Untracked 
|  72|0x000000070b000000, 0x000000070b000000, 0x000000070b200000|  0%| F|  |TAMS 0x000000070b000000, 0x000000070b000000| Untracked 
|  73|0x000000070b200000, 0x000000070b200000, 0x000000070b400000|  0%| F|  |TAMS 0x000000070b200000, 0x000000070b200000| Untracked 
|  74|0x000000070b400000, 0x000000070b400000, 0x000000070b600000|  0%| F|  |TAMS 0x000000070b400000, 0x000000070b400000| Untracked 
|  75|0x000000070b600000, 0x000000070b600000, 0x000000070b800000|  0%| F|  |TAMS 0x000000070b600000, 0x000000070b600000| Untracked 
|  76|0x000000070b800000, 0x000000070b800000, 0x000000070ba00000|  0%| F|  |TAMS 0x000000070b800000, 0x000000070b800000| Untracked 
|  77|0x000000070ba00000, 0x000000070ba00000, 0x000000070bc00000|  0%| F|  |TAMS 0x000000070ba00000, 0x000000070ba00000| Untracked 
|  78|0x000000070bc00000, 0x000000070bc00000, 0x000000070be00000|  0%| F|  |TAMS 0x000000070bc00000, 0x000000070bc00000| Untracked 
|  79|0x000000070be00000, 0x000000070be00000, 0x000000070c000000|  0%| F|  |TAMS 0x000000070be00000, 0x000000070be00000| Untracked 
|  80|0x000000070c000000, 0x000000070c000000, 0x000000070c200000|  0%| F|  |TAMS 0x000000070c000000, 0x000000070c000000| Untracked 
|  81|0x000000070c200000, 0x000000070c200000, 0x000000070c400000|  0%| F|  |TAMS 0x000000070c200000, 0x000000070c200000| Untracked 
|  82|0x000000070c400000, 0x000000070c400000, 0x000000070c600000|  0%| F|  |TAMS 0x000000070c400000, 0x000000070c400000| Untracked 
|  83|0x000000070c600000, 0x000000070c600000, 0x000000070c800000|  0%| F|  |TAMS 0x000000070c600000, 0x000000070c600000| Untracked 
|  84|0x000000070c800000, 0x000000070c800000, 0x000000070ca00000|  0%| F|  |TAMS 0x000000070c800000, 0x000000070c800000| Untracked 
|  85|0x000000070ca00000, 0x000000070ca00000, 0x000000070cc00000|  0%| F|  |TAMS 0x000000070ca00000, 0x000000070ca00000| Untracked 
|  86|0x000000070cc00000, 0x000000070cc00000, 0x000000070ce00000|  0%| F|  |TAMS 0x000000070cc00000, 0x000000070cc00000| Untracked 
|  87|0x000000070ce00000, 0x000000070ce00000, 0x000000070d000000|  0%| F|  |TAMS 0x000000070ce00000, 0x000000070ce00000| Untracked 
|  88|0x000000070d000000, 0x000000070d000000, 0x000000070d200000|  0%| F|  |TAMS 0x000000070d000000, 0x000000070d000000| Untracked 
|  89|0x000000070d200000, 0x000000070d200000, 0x000000070d400000|  0%| F|  |TAMS 0x000000070d200000, 0x000000070d200000| Untracked 
|  90|0x000000070d400000, 0x000000070d400000, 0x000000070d600000|  0%| F|  |TAMS 0x000000070d400000, 0x000000070d400000| Untracked 
|  91|0x000000070d600000, 0x000000070d600000, 0x000000070d800000|  0%| F|  |TAMS 0x000000070d600000, 0x000000070d600000| Untracked 
|  92|0x000000070d800000, 0x000000070d800000, 0x000000070da00000|  0%| F|  |TAMS 0x000000070d800000, 0x000000070d800000| Untracked 
|  93|0x000000070da00000, 0x000000070da00000, 0x000000070dc00000|  0%| F|  |TAMS 0x000000070da00000, 0x000000070da00000| Untracked 
|  94|0x000000070dc00000, 0x000000070dc00000, 0x000000070de00000|  0%| F|  |TAMS 0x000000070dc00000, 0x000000070dc00000| Untracked 
|  95|0x000000070de00000, 0x000000070de00000, 0x000000070e000000|  0%| F|  |TAMS 0x000000070de00000, 0x000000070de00000| Untracked 
|  96|0x000000070e000000, 0x000000070e000000, 0x000000070e200000|  0%| F|  |TAMS 0x000000070e000000, 0x000000070e000000| Untracked 
|  97|0x000000070e200000, 0x000000070e200000, 0x000000070e400000|  0%| F|  |TAMS 0x000000070e200000, 0x000000070e200000| Untracked 
|  98|0x000000070e400000, 0x000000070e400000, 0x000000070e600000|  0%| F|  |TAMS 0x000000070e400000, 0x000000070e400000| Untracked 
|  99|0x000000070e600000, 0x000000070e600000, 0x000000070e800000|  0%| F|  |TAMS 0x000000070e600000, 0x000000070e600000| Untracked 
| 100|0x000000070e800000, 0x000000070e800000, 0x000000070ea00000|  0%| F|  |TAMS 0x000000070e800000, 0x000000070e800000| Untracked 
| 101|0x000000070ea00000, 0x000000070ea00000, 0x000000070ec00000|  0%| F|  |TAMS 0x000000070ea00000, 0x000000070ea00000| Untracked 
| 102|0x000000070ec00000, 0x000000070ec00000, 0x000000070ee00000|  0%| F|  |TAMS 0x000000070ec00000, 0x000000070ec00000| Untracked 
| 103|0x000000070ee00000, 0x000000070ee00000, 0x000000070f000000|  0%| F|  |TAMS 0x000000070ee00000, 0x000000070ee00000| Untracked 
| 104|0x000000070f000000, 0x000000070f000000, 0x000000070f200000|  0%| F|  |TAMS 0x000000070f000000, 0x000000070f000000| Untracked 
| 105|0x000000070f200000, 0x000000070f200000, 0x000000070f400000|  0%| F|  |TAMS 0x000000070f200000, 0x000000070f200000| Untracked 
| 106|0x000000070f400000, 0x000000070f400000, 0x000000070f600000|  0%| F|  |TAMS 0x000000070f400000, 0x000000070f400000| Untracked 
| 107|0x000000070f600000, 0x000000070f600000, 0x000000070f800000|  0%| F|  |TAMS 0x000000070f600000, 0x000000070f600000| Untracked 
| 108|0x000000070f800000, 0x000000070f800000, 0x000000070fa00000|  0%| F|  |TAMS 0x000000070f800000, 0x000000070f800000| Untracked 
| 109|0x000000070fa00000, 0x000000070fa00000, 0x000000070fc00000|  0%| F|  |TAMS 0x000000070fa00000, 0x000000070fa00000| Untracked 
| 110|0x000000070fc00000, 0x000000070fc00000, 0x000000070fe00000|  0%| F|  |TAMS 0x000000070fc00000, 0x000000070fc00000| Untracked 
| 111|0x000000070fe00000, 0x000000070fe00000, 0x0000000710000000|  0%| F|  |TAMS 0x000000070fe00000, 0x000000070fe00000| Untracked 
| 112|0x0000000710000000, 0x0000000710000000, 0x0000000710200000|  0%| F|  |TAMS 0x0000000710000000, 0x0000000710000000| Untracked 
| 113|0x0000000710200000, 0x0000000710200000, 0x0000000710400000|  0%| F|  |TAMS 0x0000000710200000, 0x0000000710200000| Untracked 
| 114|0x0000000710400000, 0x0000000710400000, 0x0000000710600000|  0%| F|  |TAMS 0x0000000710400000, 0x0000000710400000| Untracked 
| 115|0x0000000710600000, 0x0000000710600000, 0x0000000710800000|  0%| F|  |TAMS 0x0000000710600000, 0x0000000710600000| Untracked 
| 116|0x0000000710800000, 0x0000000710800000, 0x0000000710a00000|  0%| F|  |TAMS 0x0000000710800000, 0x0000000710800000| Untracked 
| 117|0x0000000710a00000, 0x0000000710a00000, 0x0000000710c00000|  0%| F|  |TAMS 0x0000000710a00000, 0x0000000710a00000| Untracked 
| 118|0x0000000710c00000, 0x0000000710c00000, 0x0000000710e00000|  0%| F|  |TAMS 0x0000000710c00000, 0x0000000710c00000| Untracked 
| 119|0x0000000710e00000, 0x0000000710e00000, 0x0000000711000000|  0%| F|  |TAMS 0x0000000710e00000, 0x0000000710e00000| Untracked 
| 120|0x0000000711000000, 0x0000000711000000, 0x0000000711200000|  0%| F|  |TAMS 0x0000000711000000, 0x0000000711000000| Untracked 
| 121|0x0000000711200000, 0x0000000711200000, 0x0000000711400000|  0%| F|  |TAMS 0x0000000711200000, 0x0000000711200000| Untracked 
| 122|0x0000000711400000, 0x00000007115586c0, 0x0000000711600000| 67%| E|  |TAMS 0x0000000711400000, 0x0000000711400000| Complete 
| 123|0x0000000711600000, 0x0000000711800000, 0x0000000711800000|100%| E|CS|TAMS 0x0000000711600000, 0x0000000711600000| Complete 
| 124|0x0000000711800000, 0x0000000711a00000, 0x0000000711a00000|100%| E|CS|TAMS 0x0000000711800000, 0x0000000711800000| Complete 
| 125|0x0000000711a00000, 0x0000000711c00000, 0x0000000711c00000|100%| E|CS|TAMS 0x0000000711a00000, 0x0000000711a00000| Complete 
| 126|0x0000000711c00000, 0x0000000711e00000, 0x0000000711e00000|100%| E|CS|TAMS 0x0000000711c00000, 0x0000000711c00000| Complete 

Card table byte_map: [0x000001a9b3130000,0x000001a9b3920000] _byte_map_base: 0x000001a9af920000

Marking Bits (Prev, Next): (CMBitMap*) 0x000001a99bba0700, (CMBitMap*) 0x000001a99bba0740
 Prev Bits: [0x000001a9b4110000, 0x000001a9b8090000)
 Next Bits: [0x000001a9b8090000, 0x000001a9bc010000)

Polling page: 0x000001a999900000

Metaspace:

Usage:
  Non-class:      1.49 MB used.
      Class:    173.81 KB used.
       Both:      1.66 MB used.

Virtual space:
  Non-class space:       64.00 MB reserved,       1.62 MB (  3%) committed,  1 nodes.
      Class space:        1.00 GB reserved,     256.00 KB ( <1%) committed,  1 nodes.
             Both:        1.06 GB reserved,       1.88 MB ( <1%) committed. 

Chunk freelists:
   Non-Class:  11.56 MB
       Class:  15.65 MB
        Both:  27.21 MB

MaxMetaspaceSize: unlimited
CompressedClassSpaceSize: 1.00 GB
Initial GC threshold: 21.00 MB
Current GC threshold: 21.00 MB
CDS: on
MetaspaceReclaimPolicy: balanced
 - commit_granule_bytes: 65536.
 - commit_granule_words: 8192.
 - virtual_space_node_default_size: 8388608.
 - enlarge_chunks_in_place: 1.
 - new_chunks_are_fully_committed: 0.
 - uncommit_free_chunks: 1.
 - use_allocation_guard: 0.
 - handle_deallocations: 1.


Internal statistics:

num_allocs_failed_limit: 0.
num_arena_births: 48.
num_arena_deaths: 0.
num_vsnodes_births: 2.
num_vsnodes_deaths: 0.
num_space_committed: 30.
num_space_uncommitted: 0.
num_chunks_returned_to_freelist: 0.
num_chunks_taken_from_freelist: 75.
num_chunk_merges: 0.
num_chunk_splits: 53.
num_chunks_enlarged: 35.
num_inconsistent_stats: 0.

CodeHeap 'non-profiled nmethods': size=120000Kb used=186Kb max_used=186Kb free=119813Kb
 bounds [0x000001a9aaec0000, 0x000001a9ab130000, 0x000001a9b23f0000]
CodeHeap 'profiled nmethods': size=120000Kb used=790Kb max_used=790Kb free=119209Kb
 bounds [0x000001a9a33f0000, 0x000001a9a3660000, 0x000001a9aa920000]
CodeHeap 'non-nmethods': size=5760Kb used=1122Kb max_used=1136Kb free=4637Kb
 bounds [0x000001a9aa920000, 0x000001a9aab90000, 0x000001a9aaec0000]
 total_blobs=979 nmethods=574 adapters=318
 compilation: enabled
              stopped_count=0, restarted_count=0
 full_count=0

Compilation events (20 events):
Event: 2.867 Thread 0x000001a9becaef30  371       1       java.lang.module.ModuleDescriptor::isOpen (5 bytes)
Event: 2.867 Thread 0x000001a9becaef30 nmethod 371 0x000001a9aaed9f90 code [0x000001a9aaeda120, 0x000001a9aaeda1f8]
Event: 2.867 Thread 0x000001a9becaef30  373       3       java.util.HashMap::isEmpty (13 bytes)
Event: 2.867 Thread 0x000001a9becaef30 nmethod 373 0x000001a9a346aa10 code [0x000001a9a346aba0, 0x000001a9a346ad18]
Event: 2.867 Thread 0x000001a9becaef30  374       1       java.lang.module.ResolvedModule::configuration (5 bytes)
Event: 2.867 Thread 0x000001a9becaef30 nmethod 374 0x000001a9aaeda290 code [0x000001a9aaeda420, 0x000001a9aaeda4f8]
Event: 2.867 Thread 0x000001a9becaef30  375       3       java.util.HashMap::keysToArray (81 bytes)
Event: 2.867 Thread 0x000001a9becaef30 nmethod 375 0x000001a9a346ad90 code [0x000001a9a346af60, 0x000001a9a346b438]
Event: 2.867 Thread 0x000001a9becaef30  377       3       java.util.AbstractCollection::addAll (42 bytes)
Event: 2.867 Thread 0x000001a9becaef30 nmethod 377 0x000001a9a346b610 code [0x000001a9a346b800, 0x000001a9a346bd38]
Event: 2.867 Thread 0x000001a9becaef30  378       1       java.lang.module.ModuleDescriptor$Provides::service (5 bytes)
Event: 2.867 Thread 0x000001a9becaef30 nmethod 378 0x000001a9aaeda990 code [0x000001a9aaedab20, 0x000001a9aaedabf8]
Event: 2.868 Thread 0x000001a9becaef30  379       3       jdk.internal.util.ArraysSupport::newLength (27 bytes)
Event: 2.868 Thread 0x000001a9becaef30 nmethod 379 0x000001a9a346be90 code [0x000001a9a346c040, 0x000001a9a346c2a8]
Event: 2.869 Thread 0x000001a9becaef30  380       3       java.lang.String::charAt (25 bytes)
Event: 2.869 Thread 0x000001a9becaef30 nmethod 380 0x000001a9a346c390 code [0x000001a9a346c580, 0x000001a9a346cab8]
Event: 2.869 Thread 0x000001a9becada60 nmethod 277 0x000001a9aaedac90 code [0x000001a9aaedae20, 0x000001a9aaedb2d8]
Event: 2.869 Thread 0x000001a9becada60  290       4       java.lang.String::checkBoundsBeginEnd (63 bytes)
Event: 2.870 Thread 0x000001a9becada60 nmethod 290 0x000001a9aaedb490 code [0x000001a9aaedb600, 0x000001a9aaedb6b8]
Event: 2.870 Thread 0x000001a9becada60  292       4       java.lang.String::substring (58 bytes)

GC Heap History (0 events):
No events

Deoptimization events (20 events):
Event: 2.852 Thread 0x000001a99bb34cc0 DEOPT PACKING pc=0x000001a9a341ecd6 sp=0x0000004e458fdde0
Event: 2.852 Thread 0x000001a99bb34cc0 DEOPT UNPACKING pc=0x000001a9aa972b43 sp=0x0000004e458fd268 mode 0
Event: 2.852 Thread 0x000001a99bb34cc0 DEOPT PACKING pc=0x000001a9a341ecd6 sp=0x0000004e458fdde0
Event: 2.852 Thread 0x000001a99bb34cc0 DEOPT UNPACKING pc=0x000001a9aa972b43 sp=0x0000004e458fd268 mode 0
Event: 2.852 Thread 0x000001a99bb34cc0 DEOPT PACKING pc=0x000001a9a341ecd6 sp=0x0000004e458fdde0
Event: 2.852 Thread 0x000001a99bb34cc0 DEOPT UNPACKING pc=0x000001a9aa972b43 sp=0x0000004e458fd268 mode 0
Event: 2.853 Thread 0x000001a99bb34cc0 DEOPT PACKING pc=0x000001a9a341ecd6 sp=0x0000004e458fdde0
Event: 2.853 Thread 0x000001a99bb34cc0 DEOPT UNPACKING pc=0x000001a9aa972b43 sp=0x0000004e458fd268 mode 0
Event: 2.853 Thread 0x000001a99bb34cc0 DEOPT PACKING pc=0x000001a9a341ecd6 sp=0x0000004e458fdde0
Event: 2.853 Thread 0x000001a99bb34cc0 DEOPT UNPACKING pc=0x000001a9aa972b43 sp=0x0000004e458fd268 mode 0
Event: 2.856 Thread 0x000001a99bb34cc0 DEOPT PACKING pc=0x000001a9a341ecd6 sp=0x0000004e458fdde0
Event: 2.856 Thread 0x000001a99bb34cc0 DEOPT UNPACKING pc=0x000001a9aa972b43 sp=0x0000004e458fd268 mode 0
Event: 2.861 Thread 0x000001a99bb34cc0 Uncommon trap: trap_request=0xffffff45 fr.pc=0x000001a9aaed3714 relative=0x0000000000000654
Event: 2.861 Thread 0x000001a99bb34cc0 Uncommon trap: reason=unstable_if action=reinterpret pc=0x000001a9aaed3714 method=java.util.ImmutableCollections$SetN.probe(Ljava/lang/Object;)I @ 34 c2
Event: 2.861 Thread 0x000001a99bb34cc0 DEOPT PACKING pc=0x000001a9aaed3714 sp=0x0000004e458fecb0
Event: 2.861 Thread 0x000001a99bb34cc0 DEOPT UNPACKING pc=0x000001a9aa9723a3 sp=0x0000004e458fec50 mode 2
Event: 2.868 Thread 0x000001a99bb34cc0 Uncommon trap: trap_request=0xffffff45 fr.pc=0x000001a9aaec9800 relative=0x0000000000000080
Event: 2.868 Thread 0x000001a99bb34cc0 Uncommon trap: reason=unstable_if action=reinterpret pc=0x000001a9aaec9800 method=java.lang.String.isLatin1()Z @ 10 c2
Event: 2.868 Thread 0x000001a99bb34cc0 DEOPT PACKING pc=0x000001a9aaec9800 sp=0x0000004e458fef50
Event: 2.868 Thread 0x000001a99bb34cc0 DEOPT UNPACKING pc=0x000001a9aa9723a3 sp=0x0000004e458fee90 mode 2

Classes unloaded (0 events):
No events

Classes redefined (0 events):
No events

Internal exceptions (0 events):
No events

VM Operations (9 events):
Event: 1.797 Executing VM operation: Cleanup
Event: 1.797 Executing VM operation: Cleanup done
Event: 1.811 Executing VM operation: HandshakeAllThreads
Event: 1.811 Executing VM operation: HandshakeAllThreads done
Event: 2.825 Executing VM operation: Cleanup
Event: 2.825 Executing VM operation: Cleanup done
Event: 2.859 Executing VM operation: HandshakeAllThreads
Event: 2.859 Executing VM operation: HandshakeAllThreads done
Event: 3.872 Executing VM operation: Cleanup

Events (20 events):
Event: 1.809 loading class java/util/WeakHashMap$HashIterator done
Event: 1.809 loading class java/util/WeakHashMap$KeyIterator done
Event: 2.842 Thread 0x000001aa0413c020 Thread added: 0x000001aa0413c020
Event: 2.867 Thread 0x000001aa042d9f60 Thread added: 0x000001aa042d9f60
Event: 2.868 loading class jdk/internal/loader/URLClassPath$FileLoader
Event: 2.868 loading class jdk/internal/loader/URLClassPath$FileLoader done
Event: 2.869 loading class jdk/internal/loader/URLClassPath$FileLoader$1
Event: 2.869 loading class jdk/internal/loader/URLClassPath$FileLoader$1 done
Event: 2.869 loading class jdk/internal/module/ModuleReferences$JarModuleReader
Event: 2.869 loading class jdk/internal/module/ModuleReferences$SafeCloseModuleReader
Event: 2.869 loading class jdk/internal/module/ModuleReferences$SafeCloseModuleReader done
Event: 2.869 loading class jdk/internal/module/ModuleReferences$JarModuleReader done
Event: 2.869 loading class java/util/concurrent/locks/ReentrantReadWriteLock
Event: 2.869 loading class java/util/concurrent/locks/ReadWriteLock
Event: 2.869 loading class java/util/concurrent/locks/ReadWriteLock done
Event: 2.869 loading class java/util/concurrent/locks/ReentrantReadWriteLock done
Event: 2.870 loading class java/util/concurrent/locks/ReentrantReadWriteLock$NonfairSync
Event: 2.870 loading class java/util/concurrent/locks/ReentrantReadWriteLock$Sync
Event: 2.888 loading class java/util/concurrent/locks/ReentrantReadWriteLock$Sync done
Event: 2.888 loading class java/util/concurrent/locks/ReentrantReadWriteLock$NonfairSync done


Dynamic libraries:
0x00007ff67e230000 - 0x00007ff67e240000 	C:\Program Files\Java\jdk-17\bin\java.exe
0x00007ff919410000 - 0x00007ff919608000 	C:\Windows\SYSTEM32\ntdll.dll
0x00007ff918cc0000 - 0x00007ff918d7f000 	C:\Windows\System32\KERNEL32.DLL
0x00007ff916cf0000 - 0x00007ff916fe6000 	C:\Windows\System32\KERNELBASE.dll
0x00007ff916ff0000 - 0x00007ff9170f0000 	C:\Windows\System32\ucrtbase.dll
0x00007ff9126b0000 - 0x00007ff9126c9000 	C:\Program Files\Java\jdk-17\bin\jli.dll
0x00007ff918990000 - 0x00007ff918a3f000 	C:\Windows\System32\ADVAPI32.dll
0x00007ff9190d0000 - 0x00007ff91916e000 	C:\Windows\System32\msvcrt.dll
0x00007ff918d80000 - 0x00007ff918e1c000 	C:\Windows\System32\sechost.dll
0x00007ff918e50000 - 0x00007ff918f76000 	C:\Windows\System32\RPCRT4.dll
0x00007ff917470000 - 0x00007ff91760d000 	C:\Windows\System32\USER32.dll
0x00007ff917440000 - 0x00007ff917462000 	C:\Windows\System32\win32u.dll
0x00007ff919030000 - 0x00007ff91905c000 	C:\Windows\System32\GDI32.dll
0x00007ff9171a0000 - 0x00007ff9172b5000 	C:\Windows\System32\gdi32full.dll
0x00007ff916af0000 - 0x00007ff916b8d000 	C:\Windows\System32\msvcp_win.dll
0x00007ff9114a0000 - 0x00007ff9114bb000 	C:\Program Files\Java\jdk-17\bin\VCRUNTIME140.dll
0x00007ff8fce00000 - 0x00007ff8fd09a000 	C:\Windows\WinSxS\amd64_microsoft.windows.common-controls_6595b64144ccf1df_6.0.19041.1110_none_60b5254171f9507e\COMCTL32.dll
0x00007ff9106b0000 - 0x00007ff9106ba000 	C:\Windows\SYSTEM32\VERSION.dll
0x00007ff918e20000 - 0x00007ff918e50000 	C:\Windows\System32\IMM32.DLL
0x00007ff913330000 - 0x00007ff91333c000 	C:\Program Files\Java\jdk-17\bin\vcruntime140_1.dll
0x00007ff910f70000 - 0x00007ff910ffe000 	C:\Program Files\Java\jdk-17\bin\msvcp140.dll
0x00007ff8daca0000 - 0x00007ff8db87f000 	C:\Program Files\Java\jdk-17\bin\server\jvm.dll
0x00007ff918bd0000 - 0x00007ff918bd8000 	C:\Windows\System32\PSAPI.DLL
0x00007ff8ffe20000 - 0x00007ff8ffe47000 	C:\Windows\SYSTEM32\WINMM.dll
0x00007ff8fda40000 - 0x00007ff8fda49000 	C:\Windows\SYSTEM32\WSOCK32.dll
0x00007ff919060000 - 0x00007ff9190cb000 	C:\Windows\System32\WS2_32.dll
0x00007ff914b70000 - 0x00007ff914b82000 	C:\Windows\SYSTEM32\kernel.appcore.dll
0x00007ff912760000 - 0x00007ff91276a000 	C:\Program Files\Java\jdk-17\bin\jimage.dll
0x00007ff914570000 - 0x00007ff914754000 	C:\Windows\SYSTEM32\DBGHELP.DLL
0x00007ff8fdaf0000 - 0x00007ff8fdb24000 	C:\Windows\SYSTEM32\dbgcore.DLL
0x00007ff9172f0000 - 0x00007ff917372000 	C:\Windows\System32\bcryptPrimitives.dll
0x00007ff90fd90000 - 0x00007ff90fdb5000 	C:\Program Files\Java\jdk-17\bin\java.dll
0x00007ff90b4a0000 - 0x00007ff90b577000 	C:\Program Files\Java\jdk-17\bin\jsvml.dll
0x00007ff917c10000 - 0x00007ff918354000 	C:\Windows\System32\SHELL32.dll
0x00007ff914b90000 - 0x00007ff915323000 	C:\Windows\SYSTEM32\windows.storage.dll
0x00007ff918360000 - 0x00007ff9186b4000 	C:\Windows\System32\combase.dll
0x00007ff916530000 - 0x00007ff91655e000 	C:\Windows\SYSTEM32\Wldp.dll
0x00007ff919170000 - 0x00007ff91921d000 	C:\Windows\System32\SHCORE.dll
0x00007ff918a40000 - 0x00007ff918a95000 	C:\Windows\System32\shlwapi.dll
0x00007ff916a20000 - 0x00007ff916a45000 	C:\Windows\SYSTEM32\profapi.dll
0x00007ff90f680000 - 0x00007ff90f699000 	C:\Program Files\Java\jdk-17\bin\net.dll
0x00007ff90fa30000 - 0x00007ff90fb3a000 	C:\Windows\SYSTEM32\WINHTTP.dll
0x00007ff916290000 - 0x00007ff9162fa000 	C:\Windows\system32\mswsock.dll
0x00007ff90f660000 - 0x00007ff90f676000 	C:\Program Files\Java\jdk-17\bin\nio.dll
0x00007ff910cf0000 - 0x00007ff910d08000 	C:\Program Files\Java\jdk-17\bin\zip.dll

dbghelp: loaded successfully - version: 4.0.5 - missing functions: none
symbol engine: initialized successfully - sym options: 0x614 - pdb path: .;C:\Program Files\Java\jdk-17\bin;C:\Windows\SYSTEM32;C:\Windows\WinSxS\amd64_microsoft.windows.common-controls_6595b64144ccf1df_6.0.19041.1110_none_60b5254171f9507e;C:\Program Files\Java\jdk-17\bin\server

VM Arguments:
jvm_args: --module-path=C:\Users\LENOVO\.m2\repository\org\openjfx\javafx-base\21.0.2\javafx-base-21.0.2-win.jar;C:\Users\LENOVO\.m2\repository\org\openjfx\javafx-base\21.0.2\javafx-base-21.0.2.jar;C:\Users\LENOVO\.m2\repository\org\openjfx\javafx-controls\21.0.2\javafx-controls-21.0.2-win.jar;C:\Users\LENOVO\.m2\repository\org\openjfx\javafx-controls\21.0.2\javafx-controls-21.0.2.jar;C:\Users\LENOVO\.m2\repository\org\openjfx\javafx-fxml\21.0.2\javafx-fxml-21.0.2-win.jar;C:\Users\LENOVO\.m2\repository\org\openjfx\javafx-fxml\21.0.2\javafx-fxml-21.0.2.jar;C:\Users\LENOVO\.m2\repository\org\openjfx\javafx-graphics\21.0.2\javafx-graphics-21.0.2-win.jar;C:\Users\LENOVO\.m2\repository\org\openjfx\javafx-graphics\21.0.2\javafx-graphics-21.0.2.jar;C:\Users\LENOVO\.m2\repository\org\openjfx\javafx-media\21.0.2\javafx-media-21.0.2-win.jar;C:\Users\LENOVO\.m2\repository\org\openjfx\javafx-media\21.0.2\javafx-media-21.0.2.jar --add-modules=javafx.base,javafx.controls,javafx.fxml,javafx.graphics,javafx.media 
java_command: edu.esprit.tests.MainFx
java_class_path (initial): C:\projetPIDEV\gestionCours\target\classes;C:\Users\LENOVO\.m2\repository\com\fasterxml\jackson\core\jackson-annotations\2.12.5\jackson-annotations-2.12.5.jar;C:\Users\LENOVO\.m2\repository\com\fasterxml\jackson\core\jackson-core\2.12.5\jackson-core-2.12.5.jar;C:\Users\LENOVO\.m2\repository\com\fasterxml\jackson\core\jackson-databind\2.12.5\jackson-databind-2.12.5.jar;C:\Users\LENOVO\.m2\repository\com\fasterxml\jackson\datatype\jackson-datatype-jsr310\2.12.5\jackson-datatype-jsr310-2.12.5.jar;C:\Users\LENOVO\.m2\repository\com\google\protobuf\protobuf-java\3.21.9\protobuf-java-3.21.9.jar;C:\Users\LENOVO\.m2\repository\com\mysql\mysql-connector-j\8.0.33\mysql-connector-j-8.0.33.jar;C:\Users\LENOVO\.m2\repository\com\sun\mail\javax.mail\1.5.6\javax.mail-1.5.6.jar;C:\Users\LENOVO\.m2\repository\com\twilio\sdk\twilio\8.22.0\twilio-8.22.0.jar;C:\Users\LENOVO\.m2\repository\commons-codec\commons-codec\1.15\commons-codec-1.15.jar;C:\Users\LENOVO\.m2\repository\commons-io\commons-io\2.7\commons-io-2.7.jar;C:\Users\LENOVO\.m2\repository\commons-logging\commons-logging\1.2\commons-logging-1.2.jar;C:\Users\LENOVO\.m2\repository\io\jsonwebtoken\jjwt-api\0.11.2\jjwt-api-0.11.2.jar;C:\Users\LENOVO\.m2\repository\io\jsonwebtoken\jjwt-impl\0.11.2\jjwt-impl-0.11.2.jar;C:\Users\LENOVO\.m2\repository\io\jsonwebtoken\jjwt-jackson\0.11.2\jjwt-jackson-0.11.2.jar;C:\Users\LENOVO\.m2\repository\javax\activation\activation\1.1\activation-1.1.jar;C:\Users\LENOVO\.m2\repository\javax\activation\javax.activation-api\1.2.0\javax.activation-api-1.2.0.jar;C:\Users\LENOVO\.m2\repository\javax\xml\bind\jaxb-api\2.3.1\jaxb-api-2.3.1.jar;C:\Users\LENOVO\.m2\repository\org\apache\commons\commons-email\1.5\commons-email-1.5.jar;C:\Users\LENOVO\.m2\repository\org\apache\httpcomponents\httpclient\4.5.13\httpclient-4.5.13.jar;C:\Users\LENOVO\.m2\repository\org\apache\httpcomponents\httpcore\4.4.13\httpcore-4.4.13.jar;C:\Users\LENOVO\.m2\repository\org\slf4j\slf4j-api\1.7.30\s
Launcher Type: SUN_STANDARD

[Global flags]
     intx CICompilerCount                          = 4                                         {product} {ergonomic}
     uint ConcGCThreads                            = 3                                         {product} {ergonomic}
     uint G1ConcRefinementThreads                  = 10                                        {product} {ergonomic}
   size_t G1HeapRegionSize                         = 2097152                                   {product} {ergonomic}
    uintx GCDrainStackTargetSize                   = 64                                        {product} {ergonomic}
   size_t InitialHeapSize                          = 266338304                                 {product} {ergonomic}
   size_t MarkStackSize                            = 4194304                                   {product} {ergonomic}
   size_t MaxHeapSize                              = 4261412864                                {product} {ergonomic}
   size_t MaxNewSize                               = 2556428288                                {product} {ergonomic}
   size_t MinHeapDeltaBytes                        = 2097152                                   {product} {ergonomic}
   size_t MinHeapSize                              = 8388608                                   {product} {ergonomic}
    uintx NonNMethodCodeHeapSize                   = 5839372                                {pd product} {ergonomic}
    uintx NonProfiledCodeHeapSize                  = 122909434                              {pd product} {ergonomic}
    uintx ProfiledCodeHeapSize                     = 122909434                              {pd product} {ergonomic}
    uintx ReservedCodeCacheSize                    = 251658240                              {pd product} {ergonomic}
     bool SegmentedCodeCache                       = true                                      {product} {ergonomic}
   size_t SoftMaxHeapSize                          = 4261412864                             {manageable} {ergonomic}
     bool UseCompressedClassPointers               = true                           {product lp64_product} {ergonomic}
     bool UseCompressedOops                        = true                           {product lp64_product} {ergonomic}
     bool UseG1GC                                  = true                                      {product} {ergonomic}
     bool UseLargePagesIndividualAllocation        = false                                  {pd product} {ergonomic}

Logging:
Log output configuration:
 #0: stdout all=warning uptime,level,tags
 #1: stderr all=off uptime,level,tags

Environment Variables:
PATH=C:\oraclexe\app\oracle\product\11.2.0\server\bin;;C:\Users\LENOVO\.jdks\corretto-17.0.8.1\bin;C:\Program Files\Common Files\Oracle\Java\javapath;C:\oraclexe\app\oracle\product\11.2.0\server\bin;C:\Program Files (x86)\Common Files\Intel\Shared Libraries\redist\intel64\compiler;C:\Windows\system32;C:\Windows;C:\Windows\System32\Wbem;C:\Windows\System32\WindowsPowerShell\v1.0\;C:\Windows\System32\OpenSSH\;C:\Program Files\Git\cmd;C:\Program Files\nodejs\;C:\ProgramData\chocolatey\bin;C:\Strawberry\c\bin;C:\Strawberry\perl\site\bin;C:\Strawberry\perl\bin;C:\instantclient12_2;C:\oraclexe\app\oracle\admin\XE;C:\oraclexe;C:\ProgramData\ComposerSetup\bin;C:\Users\LENOVO\scoop\shims;C:\Users\LENOVO\AppData\Local\Microsoft\WindowsApps;C:\Users\LENOVO\AppData\Local\Programs\Microsoft VS Code\bin;C:\Users\LENOVO\AppData\Roaming\npm;C:\Users\LENOVO\AppData\Local\atom\bin;C:\Program Files\JetBrains\IntelliJ IDEA 2023.2.1\bin;;C:\Users\LENOVO\AppData\Local\GitHubDesktop\bin;C:\xampp\php;C:\Users\LENOVO\AppData\Roaming\Composer\vendor\bin;C:\Users\LENOVO\Downloads;C:\Flex Windows\gcc\bin;C:\Flex Windows\Lex\bin;C:\Flex Windows\bison\bin
USERNAME=LENOVO
OS=Windows_NT
PROCESSOR_IDENTIFIER=Intel64 Family 6 Model 165 Stepping 2, GenuineIntel



---------------  S Y S T E M  ---------------

OS:
 Windows 10 , 64 bit Build 19041 (10.0.19041.3155)
OS uptime: 7 days 3:24 hours

CPU: total 12 (initial active 12) (6 cores per cpu, 2 threads per core) family 6 model 165 stepping 2 microcode 0xe2, cx8, cmov, fxsr, ht, mmx, 3dnowpref, sse, sse2, sse3, ssse3, sse4.1, sse4.2, popcnt, lzcnt, tsc, tscinvbit, avx, avx2, aes, erms, clmul, bmi1, bmi2, adx, fma, vzeroupper, clflush, clflushopt

Memory: 4k page, system-wide physical 16251M (355M free)
TotalPageFile size 37291M (AvailPageFile size 3M)
current process WorkingSet (physical memory assigned to process): 48M, peak: 48M
current process commit charge ("private bytes"): 350M, peak: 350M

vm_info: Java HotSpot(TM) 64-Bit Server VM (17.0.10+11-LTS-240) for windows-amd64 JRE (17.0.10+11-LTS-240), built on Dec 19 2023 21:47:25 by "mach5one" with MS VC++ 17.1 (VS2022)

END.
