#
# There is insufficient memory for the Java Runtime Environment to continue.
# Native memory allocation (malloc) failed to allocate 641712 bytes for Chunk::new
# Possible reasons:
#   The system is out of physical RAM or swap space
#   The process is running with CompressedOops enabled, and the Java Heap may be blocking the growth of the native heap
# Possible solutions:
#   Reduce memory load on the system
#   Increase physical memory or swap space
#   Check if swap backing store is full
#   Decrease Java heap size (-Xmx/-Xms)
#   Decrease number of Java threads
#   Decrease Java thread stack sizes (-Xss)
#   Set larger code cache with -XX:ReservedCodeCacheSize=
#   JVM is running with Zero Based Compressed Oops mode in which the Java heap is
#     placed in the first 32GB address space. The Java Heap base address is the
#     maximum limit for the native heap growth. Please use -XX:HeapBaseMinAddress
#     to set the Java Heap base and to place the Java Heap above 32GB virtual address.
# This output file may be truncated or incomplete.
#
#  Out of Memory Error (arena.cpp:189), pid=14680, tid=5336
#
# JRE version: Java(TM) SE Runtime Environment (17.0.10+11) (build 17.0.10+11-LTS-240)
# Java VM: Java HotSpot(TM) 64-Bit Server VM (17.0.10+11-LTS-240, mixed mode, sharing, tiered, compressed oops, compressed class ptrs, g1 gc, windows-amd64)
# No core dump will be written. Minidumps are not enabled by default on client versions of Windows
#

---------------  S U M M A R Y ------------

Command Line: -Dmaven.multiModuleProjectDirectory=C:\projetPIDEV\gestionCours -Djansi.passthrough=true -Dmaven.home=C:\Users\LENOVO\Desktop\IntelliJ IDEA 2023.2.1\plugins\maven\lib\maven3 -Dclassworlds.conf=C:\Users\LENOVO\Desktop\IntelliJ IDEA 2023.2.1\plugins\maven\lib\maven3\bin\m2.conf -Dmaven.ext.class.path=C:\Users\LENOVO\Desktop\IntelliJ IDEA 2023.2.1\plugins\maven\lib\maven-event-listener.jar -javaagent:C:\Users\LENOVO\Desktop\IntelliJ IDEA 2023.2.1\lib\idea_rt.jar=60124:C:\Users\LENOVO\Desktop\IntelliJ IDEA 2023.2.1\bin -Dfile.encoding=UTF-8 org.codehaus.classworlds.Launcher -Didea.version=2023.2.1 org.openjfx:javafx-maven-plugin:0.0.8:run

Host: Intel(R) Core(TM) i7-10750H CPU @ 2.60GHz, 12 cores, 15G,  Windows 10 , 64 bit Build 19041 (10.0.19041.3155)
Time: Tue Mar  5 12:46:18 2024 Paris, Madrid elapsed time: 16.003702 seconds (0d 0h 0m 16s)

---------------  T H R E A D  ---------------

Current thread (0x00000236dd11bfc0):  JavaThread "C2 CompilerThread1" daemon [_thread_in_native, id=5336, stack(0x0000003798a00000,0x0000003798b00000)]


Current CompileTask:
C2:  16003 1454       4       jdk.internal.module.SystemModuleFinders$SystemModuleReader::find (59 bytes)

Stack: [0x0000003798a00000,0x0000003798b00000]
Native frames: (J=compiled Java code, j=interpreted, Vv=VM code, C=native code)
V  [jvm.dll+0x677a5a]
V  [jvm.dll+0x7d8b2d]
V  [jvm.dll+0x7da48e]
V  [jvm.dll+0x7daaf3]
V  [jvm.dll+0x2455ff]
V  [jvm.dll+0xaaafb]
V  [jvm.dll+0xab09c]
V  [jvm.dll+0x361bae]
V  [jvm.dll+0x1bb3ca]
V  [jvm.dll+0x217aa7]
V  [jvm.dll+0x216d81]
V  [jvm.dll+0x1a3410]
V  [jvm.dll+0x226aeb]
V  [jvm.dll+0x224cab]
V  [jvm.dll+0x78e45c]
V  [jvm.dll+0x78888a]
V  [jvm.dll+0x676935]
C  [ucrtbase.dll+0x21bb2]
C  [KERNEL32.DLL+0x17614]
C  [ntdll.dll+0x526b1]


---------------  P R O C E S S  ---------------

Threads class SMR info:
_java_thread_list=0x00000236976810c0, length=14, elements={
0x00000236f40e1620, 0x00000236972ee170, 0x00000236972eeff0, 0x00000236972fe650,
0x0000023697300220, 0x0000023697302cf0, 0x00000236973036b0, 0x0000023697304450,
0x000002369730cf10, 0x0000023697312e20, 0x00000236972d7040, 0x0000023697694f50,
0x0000023697696440, 0x00000236dd11bfc0
}

Java Threads: ( => current thread )
  0x00000236f40e1620 JavaThread "main" [_thread_in_native, id=25856, stack(0x0000003797600000,0x0000003797700000)]
  0x00000236972ee170 JavaThread "Reference Handler" daemon [_thread_blocked, id=12108, stack(0x0000003797d00000,0x0000003797e00000)]
  0x00000236972eeff0 JavaThread "Finalizer" daemon [_thread_blocked, id=12532, stack(0x0000003797e00000,0x0000003797f00000)]
  0x00000236972fe650 JavaThread "Signal Dispatcher" daemon [_thread_blocked, id=9676, stack(0x0000003797f00000,0x0000003798000000)]
  0x0000023697300220 JavaThread "Attach Listener" daemon [_thread_blocked, id=21180, stack(0x0000003798000000,0x0000003798100000)]
  0x0000023697302cf0 JavaThread "Service Thread" daemon [_thread_blocked, id=28976, stack(0x0000003798100000,0x0000003798200000)]
  0x00000236973036b0 JavaThread "Monitor Deflation Thread" daemon [_thread_blocked, id=16380, stack(0x0000003798200000,0x0000003798300000)]
  0x0000023697304450 JavaThread "C2 CompilerThread0" daemon [_thread_in_vm, id=28512, stack(0x0000003798300000,0x0000003798400000)]
  0x000002369730cf10 JavaThread "C1 CompilerThread0" daemon [_thread_blocked, id=18188, stack(0x0000003798400000,0x0000003798500000)]
  0x0000023697312e20 JavaThread "Sweeper thread" daemon [_thread_blocked, id=26464, stack(0x0000003798500000,0x0000003798600000)]
  0x00000236972d7040 JavaThread "Common-Cleaner" daemon [_thread_blocked, id=3168, stack(0x0000003798600000,0x0000003798700000)]
  0x0000023697694f50 JavaThread "Monitor Ctrl-Break" daemon [_thread_in_native, id=17480, stack(0x0000003798700000,0x0000003798800000)]
  0x0000023697696440 JavaThread "Notification Thread" daemon [_thread_blocked, id=14600, stack(0x0000003798800000,0x0000003798900000)]
=>0x00000236dd11bfc0 JavaThread "C2 CompilerThread1" daemon [_thread_in_native, id=5336, stack(0x0000003798a00000,0x0000003798b00000)]

Other Threads:
  0x00000236972e8ca0 VMThread "VM Thread" [stack: 0x0000003797c00000,0x0000003797d00000] [id=25956]
  0x000002369763b560 WatcherThread [stack: 0x0000003798900000,0x0000003798a00000] [id=11712]
  0x00000236f414bfd0 GCTaskThread "GC Thread#0" [stack: 0x0000003797700000,0x0000003797800000] [id=29944]
  0x000002369763b1d0 GCTaskThread "GC Thread#1" [stack: 0x0000003798b00000,0x0000003798c00000] [id=10020]
  0x00000236977abcc0 GCTaskThread "GC Thread#2" [stack: 0x0000003798c00000,0x0000003798d00000] [id=14200]
  0x00000236dd2aedd0 GCTaskThread "GC Thread#3" [stack: 0x0000003798d00000,0x0000003798e00000] [id=23136]
  0x00000236dd2af090 GCTaskThread "GC Thread#4" [stack: 0x0000003798e00000,0x0000003798f00000] [id=5760]
  0x00000236dd124830 GCTaskThread "GC Thread#5" [stack: 0x0000003798f00000,0x0000003799000000] [id=10744]
  0x00000236dd163540 GCTaskThread "GC Thread#6" [stack: 0x0000003799000000,0x0000003799100000] [id=15580]
  0x00000236dd163800 GCTaskThread "GC Thread#7" [stack: 0x0000003799100000,0x0000003799200000] [id=17180]
  0x00000236f415dd30 ConcurrentGCThread "G1 Main Marker" [stack: 0x0000003797800000,0x0000003797900000] [id=13348]
  0x00000236f415eee0 ConcurrentGCThread "G1 Conc#0" [stack: 0x0000003797900000,0x0000003797a00000] [id=15228]
  0x00000236971a34e0 ConcurrentGCThread "G1 Refine#0" [stack: 0x0000003797a00000,0x0000003797b00000] [id=27556]
  0x00000236971a3f10 ConcurrentGCThread "G1 Service" [stack: 0x0000003797b00000,0x0000003797c00000] [id=19380]

Threads with active compile tasks:
C2 CompilerThread0    16012 1551       4       jdk.internal.loader.URLClassPath::getResource (74 bytes)
C2 CompilerThread1    16012 1454       4       jdk.internal.module.SystemModuleFinders$SystemModuleReader::find (59 bytes)

VM state: not at safepoint (normal execution)

VM Mutex/Monitor currently owned by a thread: None

Heap address: 0x0000000702000000, size: 4064 MB, Compressed Oops mode: Zero based, Oop shift amount: 3

CDS archive(s) mapped at: [0x0000023698000000-0x0000023698bd0000-0x0000023698bd0000), size 12386304, SharedBaseAddress: 0x0000023698000000, ArchiveRelocationMode: 1.
Compressed class space mapped at: 0x0000023699000000-0x00000236d9000000, reserved size: 1073741824
Narrow klass base: 0x0000023698000000, Narrow klass shift: 0, Narrow klass range: 0x100000000

GC Precious Log:
 CPUs: 12 total, 12 available
 Memory: 16251M
 Large Page Support: Disabled
 NUMA Support: Disabled
 Compressed Oops: Enabled (Zero based)
 Heap Region Size: 2M
 Heap Min Capacity: 8M
 Heap Initial Capacity: 254M
 Heap Max Capacity: 4064M
 Pre-touch: Disabled
 Parallel Workers: 10
 Concurrent Workers: 3
 Concurrent Refinement Workers: 10
 Periodic GC: Disabled

Heap:
 garbage-first heap   total 260096K, used 24397K [0x0000000702000000, 0x0000000800000000)
  region size 2048K, 13 young (26624K), 2 survivors (4096K)
 Metaspace       used 7772K, committed 7936K, reserved 1114112K
  class space    used 919K, committed 1024K, reserved 1048576K

Heap Regions: E=young(eden), S=young(survivor), O=old, HS=humongous(starts), HC=humongous(continues), CS=collection set, F=free, OA=open archive, CA=closed archive, TAMS=top-at-mark-start (previous, next)
|   0|0x0000000702000000, 0x0000000702000000, 0x0000000702200000|  0%| F|  |TAMS 0x0000000702000000, 0x0000000702000000| Untracked 
|   1|0x0000000702200000, 0x0000000702200000, 0x0000000702400000|  0%| F|  |TAMS 0x0000000702200000, 0x0000000702200000| Untracked 
|   2|0x0000000702400000, 0x0000000702400000, 0x0000000702600000|  0%| F|  |TAMS 0x0000000702400000, 0x0000000702400000| Untracked 
|   3|0x0000000702600000, 0x0000000702600000, 0x0000000702800000|  0%| F|  |TAMS 0x0000000702600000, 0x0000000702600000| Untracked 
|   4|0x0000000702800000, 0x0000000702800000, 0x0000000702a00000|  0%| F|  |TAMS 0x0000000702800000, 0x0000000702800000| Untracked 
|   5|0x0000000702a00000, 0x0000000702a00000, 0x0000000702c00000|  0%| F|  |TAMS 0x0000000702a00000, 0x0000000702a00000| Untracked 
|   6|0x0000000702c00000, 0x0000000702c00000, 0x0000000702e00000|  0%| F|  |TAMS 0x0000000702c00000, 0x0000000702c00000| Untracked 
|   7|0x0000000702e00000, 0x0000000702e00000, 0x0000000703000000|  0%| F|  |TAMS 0x0000000702e00000, 0x0000000702e00000| Untracked 
|   8|0x0000000703000000, 0x0000000703000000, 0x0000000703200000|  0%| F|  |TAMS 0x0000000703000000, 0x0000000703000000| Untracked 
|   9|0x0000000703200000, 0x0000000703200000, 0x0000000703400000|  0%| F|  |TAMS 0x0000000703200000, 0x0000000703200000| Untracked 
|  10|0x0000000703400000, 0x0000000703400000, 0x0000000703600000|  0%| F|  |TAMS 0x0000000703400000, 0x0000000703400000| Untracked 
|  11|0x0000000703600000, 0x0000000703600000, 0x0000000703800000|  0%| F|  |TAMS 0x0000000703600000, 0x0000000703600000| Untracked 
|  12|0x0000000703800000, 0x0000000703800000, 0x0000000703a00000|  0%| F|  |TAMS 0x0000000703800000, 0x0000000703800000| Untracked 
|  13|0x0000000703a00000, 0x0000000703a00000, 0x0000000703c00000|  0%| F|  |TAMS 0x0000000703a00000, 0x0000000703a00000| Untracked 
|  14|0x0000000703c00000, 0x0000000703c00000, 0x0000000703e00000|  0%| F|  |TAMS 0x0000000703c00000, 0x0000000703c00000| Untracked 
|  15|0x0000000703e00000, 0x0000000703e00000, 0x0000000704000000|  0%| F|  |TAMS 0x0000000703e00000, 0x0000000703e00000| Untracked 
|  16|0x0000000704000000, 0x0000000704000000, 0x0000000704200000|  0%| F|  |TAMS 0x0000000704000000, 0x0000000704000000| Untracked 
|  17|0x0000000704200000, 0x0000000704200000, 0x0000000704400000|  0%| F|  |TAMS 0x0000000704200000, 0x0000000704200000| Untracked 
|  18|0x0000000704400000, 0x0000000704400000, 0x0000000704600000|  0%| F|  |TAMS 0x0000000704400000, 0x0000000704400000| Untracked 
|  19|0x0000000704600000, 0x0000000704600000, 0x0000000704800000|  0%| F|  |TAMS 0x0000000704600000, 0x0000000704600000| Untracked 
|  20|0x0000000704800000, 0x0000000704800000, 0x0000000704a00000|  0%| F|  |TAMS 0x0000000704800000, 0x0000000704800000| Untracked 
|  21|0x0000000704a00000, 0x0000000704a00000, 0x0000000704c00000|  0%| F|  |TAMS 0x0000000704a00000, 0x0000000704a00000| Untracked 
|  22|0x0000000704c00000, 0x0000000704c00000, 0x0000000704e00000|  0%| F|  |TAMS 0x0000000704c00000, 0x0000000704c00000| Untracked 
|  23|0x0000000704e00000, 0x0000000704e00000, 0x0000000705000000|  0%| F|  |TAMS 0x0000000704e00000, 0x0000000704e00000| Untracked 
|  24|0x0000000705000000, 0x0000000705000000, 0x0000000705200000|  0%| F|  |TAMS 0x0000000705000000, 0x0000000705000000| Untracked 
|  25|0x0000000705200000, 0x0000000705200000, 0x0000000705400000|  0%| F|  |TAMS 0x0000000705200000, 0x0000000705200000| Untracked 
|  26|0x0000000705400000, 0x0000000705400000, 0x0000000705600000|  0%| F|  |TAMS 0x0000000705400000, 0x0000000705400000| Untracked 
|  27|0x0000000705600000, 0x0000000705600000, 0x0000000705800000|  0%| F|  |TAMS 0x0000000705600000, 0x0000000705600000| Untracked 
|  28|0x0000000705800000, 0x0000000705800000, 0x0000000705a00000|  0%| F|  |TAMS 0x0000000705800000, 0x0000000705800000| Untracked 
|  29|0x0000000705a00000, 0x0000000705a00000, 0x0000000705c00000|  0%| F|  |TAMS 0x0000000705a00000, 0x0000000705a00000| Untracked 
|  30|0x0000000705c00000, 0x0000000705c00000, 0x0000000705e00000|  0%| F|  |TAMS 0x0000000705c00000, 0x0000000705c00000| Untracked 
|  31|0x0000000705e00000, 0x0000000705e00000, 0x0000000706000000|  0%| F|  |TAMS 0x0000000705e00000, 0x0000000705e00000| Untracked 
|  32|0x0000000706000000, 0x0000000706000000, 0x0000000706200000|  0%| F|  |TAMS 0x0000000706000000, 0x0000000706000000| Untracked 
|  33|0x0000000706200000, 0x0000000706200000, 0x0000000706400000|  0%| F|  |TAMS 0x0000000706200000, 0x0000000706200000| Untracked 
|  34|0x0000000706400000, 0x0000000706400000, 0x0000000706600000|  0%| F|  |TAMS 0x0000000706400000, 0x0000000706400000| Untracked 
|  35|0x0000000706600000, 0x0000000706600000, 0x0000000706800000|  0%| F|  |TAMS 0x0000000706600000, 0x0000000706600000| Untracked 
|  36|0x0000000706800000, 0x0000000706800000, 0x0000000706a00000|  0%| F|  |TAMS 0x0000000706800000, 0x0000000706800000| Untracked 
|  37|0x0000000706a00000, 0x0000000706a00000, 0x0000000706c00000|  0%| F|  |TAMS 0x0000000706a00000, 0x0000000706a00000| Untracked 
|  38|0x0000000706c00000, 0x0000000706c00000, 0x0000000706e00000|  0%| F|  |TAMS 0x0000000706c00000, 0x0000000706c00000| Untracked 
|  39|0x0000000706e00000, 0x0000000706e00000, 0x0000000707000000|  0%| F|  |TAMS 0x0000000706e00000, 0x0000000706e00000| Untracked 
|  40|0x0000000707000000, 0x0000000707000000, 0x0000000707200000|  0%| F|  |TAMS 0x0000000707000000, 0x0000000707000000| Untracked 
|  41|0x0000000707200000, 0x0000000707200000, 0x0000000707400000|  0%| F|  |TAMS 0x0000000707200000, 0x0000000707200000| Untracked 
|  42|0x0000000707400000, 0x0000000707400000, 0x0000000707600000|  0%| F|  |TAMS 0x0000000707400000, 0x0000000707400000| Untracked 
|  43|0x0000000707600000, 0x0000000707600000, 0x0000000707800000|  0%| F|  |TAMS 0x0000000707600000, 0x0000000707600000| Untracked 
|  44|0x0000000707800000, 0x0000000707800000, 0x0000000707a00000|  0%| F|  |TAMS 0x0000000707800000, 0x0000000707800000| Untracked 
|  45|0x0000000707a00000, 0x0000000707a00000, 0x0000000707c00000|  0%| F|  |TAMS 0x0000000707a00000, 0x0000000707a00000| Untracked 
|  46|0x0000000707c00000, 0x0000000707c00000, 0x0000000707e00000|  0%| F|  |TAMS 0x0000000707c00000, 0x0000000707c00000| Untracked 
|  47|0x0000000707e00000, 0x0000000707e00000, 0x0000000708000000|  0%| F|  |TAMS 0x0000000707e00000, 0x0000000707e00000| Untracked 
|  48|0x0000000708000000, 0x0000000708000000, 0x0000000708200000|  0%| F|  |TAMS 0x0000000708000000, 0x0000000708000000| Untracked 
|  49|0x0000000708200000, 0x0000000708200000, 0x0000000708400000|  0%| F|  |TAMS 0x0000000708200000, 0x0000000708200000| Untracked 
|  50|0x0000000708400000, 0x0000000708400000, 0x0000000708600000|  0%| F|  |TAMS 0x0000000708400000, 0x0000000708400000| Untracked 
|  51|0x0000000708600000, 0x0000000708600000, 0x0000000708800000|  0%| F|  |TAMS 0x0000000708600000, 0x0000000708600000| Untracked 
|  52|0x0000000708800000, 0x0000000708800000, 0x0000000708a00000|  0%| F|  |TAMS 0x0000000708800000, 0x0000000708800000| Untracked 
|  53|0x0000000708a00000, 0x0000000708a00000, 0x0000000708c00000|  0%| F|  |TAMS 0x0000000708a00000, 0x0000000708a00000| Untracked 
|  54|0x0000000708c00000, 0x0000000708c00000, 0x0000000708e00000|  0%| F|  |TAMS 0x0000000708c00000, 0x0000000708c00000| Untracked 
|  55|0x0000000708e00000, 0x0000000708e00000, 0x0000000709000000|  0%| F|  |TAMS 0x0000000708e00000, 0x0000000708e00000| Untracked 
|  56|0x0000000709000000, 0x0000000709000000, 0x0000000709200000|  0%| F|  |TAMS 0x0000000709000000, 0x0000000709000000| Untracked 
|  57|0x0000000709200000, 0x0000000709200000, 0x0000000709400000|  0%| F|  |TAMS 0x0000000709200000, 0x0000000709200000| Untracked 
|  58|0x0000000709400000, 0x0000000709400000, 0x0000000709600000|  0%| F|  |TAMS 0x0000000709400000, 0x0000000709400000| Untracked 
|  59|0x0000000709600000, 0x0000000709600000, 0x0000000709800000|  0%| F|  |TAMS 0x0000000709600000, 0x0000000709600000| Untracked 
|  60|0x0000000709800000, 0x0000000709800000, 0x0000000709a00000|  0%| F|  |TAMS 0x0000000709800000, 0x0000000709800000| Untracked 
|  61|0x0000000709a00000, 0x0000000709a00000, 0x0000000709c00000|  0%| F|  |TAMS 0x0000000709a00000, 0x0000000709a00000| Untracked 
|  62|0x0000000709c00000, 0x0000000709c00000, 0x0000000709e00000|  0%| F|  |TAMS 0x0000000709c00000, 0x0000000709c00000| Untracked 
|  63|0x0000000709e00000, 0x0000000709e00000, 0x000000070a000000|  0%| F|  |TAMS 0x0000000709e00000, 0x0000000709e00000| Untracked 
|  64|0x000000070a000000, 0x000000070a000000, 0x000000070a200000|  0%| F|  |TAMS 0x000000070a000000, 0x000000070a000000| Untracked 
|  65|0x000000070a200000, 0x000000070a200000, 0x000000070a400000|  0%| F|  |TAMS 0x000000070a200000, 0x000000070a200000| Untracked 
|  66|0x000000070a400000, 0x000000070a400000, 0x000000070a600000|  0%| F|  |TAMS 0x000000070a400000, 0x000000070a400000| Untracked 
|  67|0x000000070a600000, 0x000000070a600000, 0x000000070a800000|  0%| F|  |TAMS 0x000000070a600000, 0x000000070a600000| Untracked 
|  68|0x000000070a800000, 0x000000070a800000, 0x000000070aa00000|  0%| F|  |TAMS 0x000000070a800000, 0x000000070a800000| Untracked 
|  69|0x000000070aa00000, 0x000000070aa00000, 0x000000070ac00000|  0%| F|  |TAMS 0x000000070aa00000, 0x000000070aa00000| Untracked 
|  70|0x000000070ac00000, 0x000000070ac00000, 0x000000070ae00000|  0%| F|  |TAMS 0x000000070ac00000, 0x000000070ac00000| Untracked 
|  71|0x000000070ae00000, 0x000000070ae00000, 0x000000070b000000|  0%| F|  |TAMS 0x000000070ae00000, 0x000000070ae00000| Untracked 
|  72|0x000000070b000000, 0x000000070b000000, 0x000000070b200000|  0%| F|  |TAMS 0x000000070b000000, 0x000000070b000000| Untracked 
|  73|0x000000070b200000, 0x000000070b200000, 0x000000070b400000|  0%| F|  |TAMS 0x000000070b200000, 0x000000070b200000| Untracked 
|  74|0x000000070b400000, 0x000000070b400000, 0x000000070b600000|  0%| F|  |TAMS 0x000000070b400000, 0x000000070b400000| Untracked 
|  75|0x000000070b600000, 0x000000070b600000, 0x000000070b800000|  0%| F|  |TAMS 0x000000070b600000, 0x000000070b600000| Untracked 
|  76|0x000000070b800000, 0x000000070b800000, 0x000000070ba00000|  0%| F|  |TAMS 0x000000070b800000, 0x000000070b800000| Untracked 
|  77|0x000000070ba00000, 0x000000070ba00000, 0x000000070bc00000|  0%| F|  |TAMS 0x000000070ba00000, 0x000000070ba00000| Untracked 
|  78|0x000000070bc00000, 0x000000070bc00000, 0x000000070be00000|  0%| F|  |TAMS 0x000000070bc00000, 0x000000070bc00000| Untracked 
|  79|0x000000070be00000, 0x000000070be00000, 0x000000070c000000|  0%| F|  |TAMS 0x000000070be00000, 0x000000070be00000| Untracked 
|  80|0x000000070c000000, 0x000000070c000000, 0x000000070c200000|  0%| F|  |TAMS 0x000000070c000000, 0x000000070c000000| Untracked 
|  81|0x000000070c200000, 0x000000070c200000, 0x000000070c400000|  0%| F|  |TAMS 0x000000070c200000, 0x000000070c200000| Untracked 
|  82|0x000000070c400000, 0x000000070c400000, 0x000000070c600000|  0%| F|  |TAMS 0x000000070c400000, 0x000000070c400000| Untracked 
|  83|0x000000070c600000, 0x000000070c600000, 0x000000070c800000|  0%| F|  |TAMS 0x000000070c600000, 0x000000070c600000| Untracked 
|  84|0x000000070c800000, 0x000000070c800000, 0x000000070ca00000|  0%| F|  |TAMS 0x000000070c800000, 0x000000070c800000| Untracked 
|  85|0x000000070ca00000, 0x000000070ca00000, 0x000000070cc00000|  0%| F|  |TAMS 0x000000070ca00000, 0x000000070ca00000| Untracked 
|  86|0x000000070cc00000, 0x000000070cc00000, 0x000000070ce00000|  0%| F|  |TAMS 0x000000070cc00000, 0x000000070cc00000| Untracked 
|  87|0x000000070ce00000, 0x000000070ce00000, 0x000000070d000000|  0%| F|  |TAMS 0x000000070ce00000, 0x000000070ce00000| Untracked 
|  88|0x000000070d000000, 0x000000070d000000, 0x000000070d200000|  0%| F|  |TAMS 0x000000070d000000, 0x000000070d000000| Untracked 
|  89|0x000000070d200000, 0x000000070d200000, 0x000000070d400000|  0%| F|  |TAMS 0x000000070d200000, 0x000000070d200000| Untracked 
|  90|0x000000070d400000, 0x000000070d400000, 0x000000070d600000|  0%| F|  |TAMS 0x000000070d400000, 0x000000070d400000| Untracked 
|  91|0x000000070d600000, 0x000000070d600000, 0x000000070d800000|  0%| F|  |TAMS 0x000000070d600000, 0x000000070d600000| Untracked 
|  92|0x000000070d800000, 0x000000070d800000, 0x000000070da00000|  0%| F|  |TAMS 0x000000070d800000, 0x000000070d800000| Untracked 
|  93|0x000000070da00000, 0x000000070da00000, 0x000000070dc00000|  0%| F|  |TAMS 0x000000070da00000, 0x000000070da00000| Untracked 
|  94|0x000000070dc00000, 0x000000070dc00000, 0x000000070de00000|  0%| F|  |TAMS 0x000000070dc00000, 0x000000070dc00000| Untracked 
|  95|0x000000070de00000, 0x000000070de00000, 0x000000070e000000|  0%| F|  |TAMS 0x000000070de00000, 0x000000070de00000| Untracked 
|  96|0x000000070e000000, 0x000000070e000000, 0x000000070e200000|  0%| F|  |TAMS 0x000000070e000000, 0x000000070e000000| Untracked 
|  97|0x000000070e200000, 0x000000070e200000, 0x000000070e400000|  0%| F|  |TAMS 0x000000070e200000, 0x000000070e200000| Untracked 
|  98|0x000000070e400000, 0x000000070e400000, 0x000000070e600000|  0%| F|  |TAMS 0x000000070e400000, 0x000000070e400000| Untracked 
|  99|0x000000070e600000, 0x000000070e600000, 0x000000070e800000|  0%| F|  |TAMS 0x000000070e600000, 0x000000070e600000| Untracked 
| 100|0x000000070e800000, 0x000000070e800000, 0x000000070ea00000|  0%| F|  |TAMS 0x000000070e800000, 0x000000070e800000| Untracked 
| 101|0x000000070ea00000, 0x000000070ea00000, 0x000000070ec00000|  0%| F|  |TAMS 0x000000070ea00000, 0x000000070ea00000| Untracked 
| 102|0x000000070ec00000, 0x000000070ec00000, 0x000000070ee00000|  0%| F|  |TAMS 0x000000070ec00000, 0x000000070ec00000| Untracked 
| 103|0x000000070ee00000, 0x000000070ee00000, 0x000000070f000000|  0%| F|  |TAMS 0x000000070ee00000, 0x000000070ee00000| Untracked 
| 104|0x000000070f000000, 0x000000070f000000, 0x000000070f200000|  0%| F|  |TAMS 0x000000070f000000, 0x000000070f000000| Untracked 
| 105|0x000000070f200000, 0x000000070f200000, 0x000000070f400000|  0%| F|  |TAMS 0x000000070f200000, 0x000000070f200000| Untracked 
| 106|0x000000070f400000, 0x000000070f400000, 0x000000070f600000|  0%| F|  |TAMS 0x000000070f400000, 0x000000070f400000| Untracked 
| 107|0x000000070f600000, 0x000000070f600000, 0x000000070f800000|  0%| F|  |TAMS 0x000000070f600000, 0x000000070f600000| Untracked 
| 108|0x000000070f800000, 0x000000070f800000, 0x000000070fa00000|  0%| F|  |TAMS 0x000000070f800000, 0x000000070f800000| Untracked 
| 109|0x000000070fa00000, 0x000000070fa00000, 0x000000070fc00000|  0%| F|  |TAMS 0x000000070fa00000, 0x000000070fa00000| Untracked 
| 110|0x000000070fc00000, 0x000000070fc00000, 0x000000070fe00000|  0%| F|  |TAMS 0x000000070fc00000, 0x000000070fc00000| Untracked 
| 111|0x000000070fe00000, 0x000000070fe00000, 0x0000000710000000|  0%| F|  |TAMS 0x000000070fe00000, 0x000000070fe00000| Untracked 
| 112|0x0000000710000000, 0x0000000710000000, 0x0000000710200000|  0%| F|  |TAMS 0x0000000710000000, 0x0000000710000000| Untracked 
| 113|0x0000000710200000, 0x0000000710200000, 0x0000000710400000|  0%| F|  |TAMS 0x0000000710200000, 0x0000000710200000| Untracked 
| 114|0x0000000710400000, 0x00000007105d35f8, 0x0000000710600000| 91%| S|CS|TAMS 0x0000000710400000, 0x0000000710400000| Complete 
| 115|0x0000000710600000, 0x0000000710800000, 0x0000000710800000|100%| S|CS|TAMS 0x0000000710600000, 0x0000000710600000| Complete 
| 116|0x0000000710800000, 0x0000000710933518, 0x0000000710a00000| 60%| E|  |TAMS 0x0000000710800000, 0x0000000710800000| Complete 
| 117|0x0000000710a00000, 0x0000000710c00000, 0x0000000710c00000|100%| E|CS|TAMS 0x0000000710a00000, 0x0000000710a00000| Complete 
| 118|0x0000000710c00000, 0x0000000710e00000, 0x0000000710e00000|100%| E|CS|TAMS 0x0000000710c00000, 0x0000000710c00000| Complete 
| 119|0x0000000710e00000, 0x0000000711000000, 0x0000000711000000|100%| E|CS|TAMS 0x0000000710e00000, 0x0000000710e00000| Complete 
| 120|0x0000000711000000, 0x0000000711200000, 0x0000000711200000|100%| E|CS|TAMS 0x0000000711000000, 0x0000000711000000| Complete 
| 121|0x0000000711200000, 0x0000000711400000, 0x0000000711400000|100%| E|CS|TAMS 0x0000000711200000, 0x0000000711200000| Complete 
| 122|0x0000000711400000, 0x0000000711600000, 0x0000000711600000|100%| E|CS|TAMS 0x0000000711400000, 0x0000000711400000| Complete 
| 123|0x0000000711600000, 0x0000000711800000, 0x0000000711800000|100%| E|CS|TAMS 0x0000000711600000, 0x0000000711600000| Complete 
| 124|0x0000000711800000, 0x0000000711a00000, 0x0000000711a00000|100%| E|CS|TAMS 0x0000000711800000, 0x0000000711800000| Complete 
| 125|0x0000000711a00000, 0x0000000711c00000, 0x0000000711c00000|100%| E|CS|TAMS 0x0000000711a00000, 0x0000000711a00000| Complete 
| 126|0x0000000711c00000, 0x0000000711e00000, 0x0000000711e00000|100%| E|CS|TAMS 0x0000000711c00000, 0x0000000711c00000| Complete 

Card table byte_map: [0x00000236fc6e0000,0x00000236fced0000] _byte_map_base: 0x00000236f8ed0000

Marking Bits (Prev, Next): (CMBitMap*) 0x00000236f414c5f0, (CMBitMap*) 0x00000236f414c630
 Prev Bits: [0x000002368f000000, 0x0000023692f80000)
 Next Bits: [0x0000023692f80000, 0x0000023696f00000)

Polling page: 0x00000236f20d0000

Metaspace:

Usage:
  Non-class:      6.71 MB used.
      Class:    925.84 KB used.
       Both:      7.61 MB used.

Virtual space:
  Non-class space:       64.00 MB reserved,       6.75 MB ( 11%) committed,  1 nodes.
      Class space:        1.00 GB reserved,       1.00 MB ( <1%) committed,  1 nodes.
             Both:        1.06 GB reserved,       7.75 MB ( <1%) committed. 

Chunk freelists:
   Non-Class:  7.82 MB
       Class:  15.06 MB
        Both:  22.88 MB

MaxMetaspaceSize: unlimited
CompressedClassSpaceSize: 1.00 GB
Initial GC threshold: 21.00 MB
Current GC threshold: 21.00 MB
CDS: on
MetaspaceReclaimPolicy: balanced
 - commit_granule_bytes: 65536.
 - commit_granule_words: 8192.
 - virtual_space_node_default_size: 8388608.
 - enlarge_chunks_in_place: 1.
 - new_chunks_are_fully_committed: 0.
 - uncommit_free_chunks: 1.
 - use_allocation_guard: 0.
 - handle_deallocations: 1.


Internal statistics:

num_allocs_failed_limit: 0.
num_arena_births: 50.
num_arena_deaths: 0.
num_vsnodes_births: 2.
num_vsnodes_deaths: 0.
num_space_committed: 124.
num_space_uncommitted: 0.
num_chunks_returned_to_freelist: 0.
num_chunks_taken_from_freelist: 285.
num_chunk_merges: 0.
num_chunk_splits: 190.
num_chunks_enlarged: 153.
num_inconsistent_stats: 0.

CodeHeap 'non-profiled nmethods': size=120000Kb used=632Kb max_used=632Kb free=119368Kb
 bounds [0x0000023687ad0000, 0x0000023687d40000, 0x000002368f000000]
CodeHeap 'profiled nmethods': size=120000Kb used=3030Kb max_used=3030Kb free=116969Kb
 bounds [0x0000023680000000, 0x0000023680300000, 0x0000023687530000]
CodeHeap 'non-nmethods': size=5760Kb used=1158Kb max_used=1194Kb free=4601Kb
 bounds [0x0000023687530000, 0x00000236877a0000, 0x0000023687ad0000]
 total_blobs=2002 nmethods=1553 adapters=362
 compilation: enabled
              stopped_count=0, restarted_count=0
 full_count=0

Compilation events (20 events):
Event: 12.941 Thread 0x000002369730cf10 1519       3       com.google.inject.internal.DeclaredMembers$$Lambda$76/0x00000236990aa000::apply (8 bytes)
Event: 12.941 Thread 0x000002369730cf10 nmethod 1519 0x00000236802df310 code [0x00000236802df4a0, 0x00000236802df6d8]
Event: 12.941 Thread 0x000002369730cf10 1520       3       java.util.Collections$UnmodifiableCollection$1::next (10 bytes)
Event: 12.941 Thread 0x000002369730cf10 nmethod 1520 0x00000236802df790 code [0x00000236802df940, 0x00000236802dfb28]
Event: 12.942 Thread 0x000002369730cf10 1524       3       java.util.TimSort::binarySort (223 bytes)
Event: 12.942 Thread 0x000002369730cf10 nmethod 1524 0x00000236802dfc10 code [0x00000236802dfe20, 0x00000236802e0978]
Event: 12.942 Thread 0x000002369730cf10 1525       3       java.lang.reflect.Field::getAnnotation (23 bytes)
Event: 12.942 Thread 0x000002369730cf10 nmethod 1525 0x00000236802e0c90 code [0x00000236802e0ea0, 0x00000236802e1548]
Event: 12.942 Thread 0x000002369730cf10 1523       3       com.google.common.collect.Ordering::<init> (5 bytes)
Event: 12.942 Thread 0x000002369730cf10 nmethod 1523 0x00000236802e1790 code [0x00000236802e1920, 0x00000236802e1a78]
Event: 12.942 Thread 0x000002369730cf10 1521       3       com.google.inject.internal.DeclaredMembers::getDeclaredMethods (76 bytes)
Event: 12.956 Thread 0x000002369730cf10 nmethod 1521 0x00000236802e1b10 code [0x00000236802e2080, 0x00000236802e5468]
Event: 12.956 Thread 0x000002369730cf10 1522       3       com.google.common.collect.Ordering::from (23 bytes)
Event: 12.956 Thread 0x000002369730cf10 nmethod 1522 0x00000236802e6110 code [0x00000236802e6300, 0x00000236802e6aa8]
Event: 12.957 Thread 0x000002369730cf10 1526       3       jdk.internal.org.objectweb.asm.MethodWriter::visitFieldInsn (258 bytes)
Event: 12.957 Thread 0x000002369730cf10 nmethod 1526 0x00000236802e6c90 code [0x00000236802e6f00, 0x00000236802e7ae8]
Event: 12.957 Thread 0x000002369730cf10 1527       3       jdk.internal.org.objectweb.asm.SymbolTable::addConstantFieldref (10 bytes)
Event: 12.957 Thread 0x000002369730cf10 nmethod 1527 0x00000236802e7f10 code [0x00000236802e80a0, 0x00000236802e81e8]
Event: 12.957 Thread 0x000002369730cf10 1528       3       java.util.LinkedHashMap$LinkedValueIterator::next (8 bytes)
Event: 12.957 Thread 0x000002369730cf10 nmethod 1528 0x00000236802e8290 code [0x00000236802e8440, 0x00000236802e8588]

GC Heap History (2 events):
Event: 10.228 GC heap before
{Heap before GC invocations=0 (full 0):
 garbage-first heap   total 260096K, used 22528K [0x0000000702000000, 0x0000000800000000)
  region size 2048K, 11 young (22528K), 0 survivors (0K)
 Metaspace       used 5732K, committed 5952K, reserved 1114112K
  class space    used 682K, committed 768K, reserved 1048576K
}
Event: 10.230 GC heap after
{Heap after GC invocations=1 (full 0):
 garbage-first heap   total 260096K, used 3917K [0x0000000702000000, 0x0000000800000000)
  region size 2048K, 2 young (4096K), 2 survivors (4096K)
 Metaspace       used 5732K, committed 5952K, reserved 1114112K
  class space    used 682K, committed 768K, reserved 1048576K
}

Deoptimization events (20 events):
Event: 11.565 Thread 0x00000236f40e1620 DEOPT PACKING pc=0x0000023687b52c48 sp=0x00000037976fd9f0
Event: 11.565 Thread 0x00000236f40e1620 DEOPT UNPACKING pc=0x00000236875823a3 sp=0x00000037976fd978 mode 2
Event: 11.565 Thread 0x00000236f40e1620 Uncommon trap: trap_request=0xffffffde fr.pc=0x0000023687b52c48 relative=0x0000000000000128
Event: 11.565 Thread 0x00000236f40e1620 Uncommon trap: reason=class_check action=maybe_recompile pc=0x0000023687b52c48 method=jdk.internal.misc.Unsafe.allocateUninitializedArray(Ljava/lang/Class;I)Ljava/lang/Object; @ 51 c2
Event: 11.565 Thread 0x00000236f40e1620 DEOPT PACKING pc=0x0000023687b52c48 sp=0x00000037976fd870
Event: 11.565 Thread 0x00000236f40e1620 DEOPT UNPACKING pc=0x00000236875823a3 sp=0x00000037976fd7f8 mode 2
Event: 11.565 Thread 0x00000236f40e1620 Uncommon trap: trap_request=0xffffffde fr.pc=0x0000023687b52c48 relative=0x0000000000000128
Event: 11.565 Thread 0x00000236f40e1620 Uncommon trap: reason=class_check action=maybe_recompile pc=0x0000023687b52c48 method=jdk.internal.misc.Unsafe.allocateUninitializedArray(Ljava/lang/Class;I)Ljava/lang/Object; @ 51 c2
Event: 11.565 Thread 0x00000236f40e1620 DEOPT PACKING pc=0x0000023687b52c48 sp=0x00000037976fd8c0
Event: 11.565 Thread 0x00000236f40e1620 DEOPT UNPACKING pc=0x00000236875823a3 sp=0x00000037976fd848 mode 2
Event: 11.565 Thread 0x00000236f40e1620 Uncommon trap: trap_request=0xffffffde fr.pc=0x0000023687b52c48 relative=0x0000000000000128
Event: 11.565 Thread 0x00000236f40e1620 Uncommon trap: reason=class_check action=maybe_recompile pc=0x0000023687b52c48 method=jdk.internal.misc.Unsafe.allocateUninitializedArray(Ljava/lang/Class;I)Ljava/lang/Object; @ 51 c2
Event: 11.565 Thread 0x00000236f40e1620 DEOPT PACKING pc=0x0000023687b52c48 sp=0x00000037976fd5b0
Event: 11.566 Thread 0x00000236f40e1620 DEOPT UNPACKING pc=0x00000236875823a3 sp=0x00000037976fd538 mode 2
Event: 11.599 Thread 0x00000236f40e1620 Uncommon trap: trap_request=0xffffff45 fr.pc=0x0000023687b54f5c relative=0x00000000000004bc
Event: 11.599 Thread 0x00000236f40e1620 Uncommon trap: reason=unstable_if action=reinterpret pc=0x0000023687b54f5c method=java.lang.String.<init>([CIILjava/lang/Void;)V @ 5 c2
Event: 11.599 Thread 0x00000236f40e1620 DEOPT PACKING pc=0x0000023687b54f5c sp=0x00000037976fdd50
Event: 11.599 Thread 0x00000236f40e1620 DEOPT UNPACKING pc=0x00000236875823a3 sp=0x00000037976fdbe8 mode 2
Event: 11.664 Thread 0x00000236f40e1620 DEOPT PACKING pc=0x000002368020a5b4 sp=0x00000037976fdec0
Event: 11.664 Thread 0x00000236f40e1620 DEOPT UNPACKING pc=0x0000023687582b43 sp=0x00000037976fd330 mode 0

Classes unloaded (0 events):
No events

Classes redefined (0 events):
No events

Internal exceptions (17 events):
Event: 2.054 Thread 0x0000023697694f50 Exception <a 'java/lang/NoSuchMethodError'{0x0000000711a75970}: 'java.lang.Object java.lang.invoke.DirectMethodHandle$Holder.invokeStaticInit(java.lang.Object)'> (0x0000000711a75970) 
thrown [s\open\src\hotspot\share\interpreter\linkResolver.cpp, line 759]
Event: 2.057 Thread 0x0000023697694f50 Exception <a 'java/lang/NoSuchMethodError'{0x0000000711a836b0}: 'void java.lang.invoke.DirectMethodHandle$Holder.invokeStatic(java.lang.Object, java.lang.Object)'> (0x0000000711a836b0) 
thrown [s\open\src\hotspot\share\interpreter\linkResolver.cpp, line 759]
Event: 2.286 Thread 0x00000236f40e1620 Exception <a 'java/lang/NoSuchMethodError'{0x0000000711aff4c0}: 'int java.lang.invoke.DirectMethodHandle$Holder.invokeSpecial(java.lang.Object, java.lang.Object, java.lang.Object)'> (0x0000000711aff4c0) 
thrown [s\open\src\hotspot\share\interpreter\linkResolver.cpp, line 759]
Event: 5.094 Thread 0x00000236f40e1620 Exception <a 'java/lang/NullPointerException'{0x000000071194e3c8}> (0x000000071194e3c8) 
thrown [s\open\src\hotspot\share\interpreter\linkResolver.cpp, line 1350]
Event: 6.140 Thread 0x00000236f40e1620 Exception <a 'sun/nio/fs/WindowsException'{0x00000007119dfa88}> (0x00000007119dfa88) 
thrown [s\open\src\hotspot\share\prims\jni.cpp, line 516]
Event: 6.140 Thread 0x00000236f40e1620 Exception <a 'sun/nio/fs/WindowsException'{0x00000007119e0100}> (0x00000007119e0100) 
thrown [s\open\src\hotspot\share\prims\jni.cpp, line 516]
Event: 6.140 Thread 0x00000236f40e1620 Exception <a 'sun/nio/fs/WindowsException'{0x00000007119e05b8}> (0x00000007119e05b8) 
thrown [s\open\src\hotspot\share\prims\jni.cpp, line 516]
Event: 6.155 Thread 0x00000236f40e1620 Exception <a 'java/lang/NoSuchMethodError'{0x000000071165fd20}: 'void java.lang.invoke.DirectMethodHandle$Holder.invokeStatic(java.lang.Object, java.lang.Object, java.lang.Object)'> (0x000000071165fd20) 
thrown [s\open\src\hotspot\share\interpreter\linkResolver.cpp, line 759]
Event: 6.161 Thread 0x00000236f40e1620 Exception <a 'java/lang/NoSuchMethodError'{0x00000007116bd4e0}: 'int java.lang.invoke.DirectMethodHandle$Holder.invokeStatic(java.lang.Object, java.lang.Object, int)'> (0x00000007116bd4e0) 
thrown [s\open\src\hotspot\share\interpreter\linkResolver.cpp, line 759]
Event: 6.207 Thread 0x00000236f40e1620 Exception <a 'java/lang/NoSuchMethodError'{0x0000000711434d28}: 'java.lang.Object java.lang.invoke.DirectMethodHandle$Holder.invokeSpecialIFC(java.lang.Object, java.lang.Object, java.lang.Object, java.lang.Object)'> (0x0000000711434d28) 
thrown [s\open\src\hotspot\share\interpreter\linkResolver.cpp, line 759]
Event: 7.944 Thread 0x00000236f40e1620 Exception <a 'java/lang/NoSuchMethodError'{0x00000007111f6650}: 'void java.lang.invoke.DirectMethodHandle$Holder.invokeSpecial(java.lang.Object, java.lang.Object, java.lang.Object)'> (0x00000007111f6650) 
thrown [s\open\src\hotspot\share\interpreter\linkResolver.cpp, line 759]
Event: 8.994 Thread 0x00000236f40e1620 Exception <a 'java/lang/NoSuchMethodError'{0x0000000710f541d0}: 'java.lang.Object java.lang.invoke.DirectMethodHandle$Holder.invokeInterface(java.lang.Object, java.lang.Object)'> (0x0000000710f541d0) 
thrown [s\open\src\hotspot\share\interpreter\linkResolver.cpp, line 759]
Event: 9.004 Thread 0x00000236f40e1620 Exception <a 'java/lang/NoSuchMethodError'{0x0000000710ffd7e8}: 'java.lang.Object java.lang.invoke.Invokers$Holder.invokeExact_MT(java.lang.Object, java.lang.Object, java.lang.Object, java.lang.Object, java.lang.Object, java.lang.Object)'> (0x0000000710ffd7e8) 
thrown [s\open\src\hotspot\share\interpreter\linkResolver.cpp, line 759]
Event: 10.039 Thread 0x00000236f40e1620 Exception <a 'java/lang/NoSuchMethodError'{0x0000000710c0f0b0}: 'int java.lang.invoke.DirectMethodHandle$Holder.invokeSpecialIFC(java.lang.Object, java.lang.Object, java.lang.Object, java.lang.Object, java.lang.Object)'> (0x0000000710c0f0b0) 
thrown [s\open\src\hotspot\share\interpreter\linkResolver.cpp, line 759]
Event: 10.065 Thread 0x00000236f40e1620 Exception <a 'java/lang/NoSuchMethodError'{0x0000000710dbccd0}: 'java.lang.Object java.lang.invoke.DirectMethodHandle$Holder.newInvokeSpecial(java.lang.Object, java.lang.Object, java.lang.Object, java.lang.Object, java.lang.Object)'> (0x0000000710dbccd0) 
thrown [s\open\src\hotspot\share\interpreter\linkResolver.cpp, line 759]
Event: 10.080 Thread 0x00000236f40e1620 Exception <a 'java/lang/NoSuchMethodError'{0x0000000710ac2d40}: 'int java.lang.invoke.DirectMethodHandle$Holder.invokeStaticInit(java.lang.Object, java.lang.Object)'> (0x0000000710ac2d40) 
thrown [s\open\src\hotspot\share\interpreter\linkResolver.cpp, line 759]
Event: 10.084 Thread 0x00000236f40e1620 Exception <a 'java/lang/NoClassDefFoundError'{0x0000000710afd308}: javax/enterprise/inject/Typed> (0x0000000710afd308) 
thrown [s\open\src\hotspot\share\classfile\systemDictionary.cpp, line 245]

VM Operations (20 events):
Event: 5.093 Executing VM operation: HandshakeAllThreads
Event: 5.093 Executing VM operation: HandshakeAllThreads done
Event: 5.100 Executing VM operation: HandshakeAllThreads
Event: 5.100 Executing VM operation: HandshakeAllThreads done
Event: 6.107 Executing VM operation: Cleanup
Event: 6.139 Executing VM operation: Cleanup done
Event: 7.152 Executing VM operation: Cleanup
Event: 7.152 Executing VM operation: Cleanup done
Event: 8.164 Executing VM operation: Cleanup
Event: 8.979 Executing VM operation: Cleanup done
Event: 9.991 Executing VM operation: Cleanup
Event: 10.037 Executing VM operation: Cleanup done
Event: 10.228 Executing VM operation: G1CollectForAllocation
Event: 10.231 Executing VM operation: G1CollectForAllocation done
Event: 11.235 Executing VM operation: Cleanup
Event: 11.236 Executing VM operation: Cleanup done
Event: 12.251 Executing VM operation: Cleanup
Event: 12.251 Executing VM operation: Cleanup done
Event: 13.262 Executing VM operation: Cleanup
Event: 13.262 Executing VM operation: Cleanup done

Events (20 events):
Event: 11.553 loading class jdk/internal/reflect/MethodAccessorGenerator$1
Event: 11.553 loading class jdk/internal/reflect/MethodAccessorGenerator$1 done
Event: 11.553 loading class jdk/internal/reflect/ClassDefiner
Event: 11.553 loading class jdk/internal/reflect/ClassDefiner done
Event: 11.553 loading class jdk/internal/reflect/ClassDefiner$1
Event: 11.553 loading class jdk/internal/reflect/ClassDefiner$1 done
Event: 11.553 loading class jdk/internal/reflect/BootstrapConstructorAccessorImpl
Event: 11.553 loading class jdk/internal/reflect/BootstrapConstructorAccessorImpl done
Event: 12.733 loading class java/lang/Deprecated
Event: 12.734 loading class java/lang/Deprecated done
Event: 12.919 loading class sun/reflect/generics/tree/BottomSignature
Event: 12.919 loading class sun/reflect/generics/tree/BottomSignature done
Event: 12.919 loading class sun/reflect/generics/tree/Wildcard
Event: 12.919 loading class sun/reflect/generics/tree/Wildcard done
Event: 12.919 loading class sun/reflect/generics/reflectiveObjects/WildcardTypeImpl
Event: 12.919 loading class sun/reflect/generics/reflectiveObjects/WildcardTypeImpl done
Event: 12.919 loading class sun/reflect/annotation/AnnotatedTypeFactory$AnnotatedParameterizedTypeImpl
Event: 12.919 loading class java/lang/reflect/AnnotatedParameterizedType
Event: 12.919 loading class java/lang/reflect/AnnotatedParameterizedType done
Event: 12.919 loading class sun/reflect/annotation/AnnotatedTypeFactory$AnnotatedParameterizedTypeImpl done


Dynamic libraries:
0x00007ff67e230000 - 0x00007ff67e240000 	C:\Program Files\Java\jdk-17\bin\java.exe
0x00007ff919410000 - 0x00007ff919608000 	C:\Windows\SYSTEM32\ntdll.dll
0x00007ff918cc0000 - 0x00007ff918d7f000 	C:\Windows\System32\KERNEL32.DLL
0x00007ff916cf0000 - 0x00007ff916fe6000 	C:\Windows\System32\KERNELBASE.dll
0x00007ff916ff0000 - 0x00007ff9170f0000 	C:\Windows\System32\ucrtbase.dll
0x00007ff9126b0000 - 0x00007ff9126c9000 	C:\Program Files\Java\jdk-17\bin\jli.dll
0x00007ff918990000 - 0x00007ff918a3f000 	C:\Windows\System32\ADVAPI32.dll
0x00007ff9190d0000 - 0x00007ff91916e000 	C:\Windows\System32\msvcrt.dll
0x00007ff918d80000 - 0x00007ff918e1c000 	C:\Windows\System32\sechost.dll
0x00007ff918e50000 - 0x00007ff918f76000 	C:\Windows\System32\RPCRT4.dll
0x00007ff9114a0000 - 0x00007ff9114bb000 	C:\Program Files\Java\jdk-17\bin\VCRUNTIME140.dll
0x00007ff917470000 - 0x00007ff91760d000 	C:\Windows\System32\USER32.dll
0x00007ff917440000 - 0x00007ff917462000 	C:\Windows\System32\win32u.dll
0x00007ff919030000 - 0x00007ff91905c000 	C:\Windows\System32\GDI32.dll
0x00007ff9171a0000 - 0x00007ff9172b5000 	C:\Windows\System32\gdi32full.dll
0x00007ff916af0000 - 0x00007ff916b8d000 	C:\Windows\System32\msvcp_win.dll
0x00007ff8fce00000 - 0x00007ff8fd09a000 	C:\Windows\WinSxS\amd64_microsoft.windows.common-controls_6595b64144ccf1df_6.0.19041.1110_none_60b5254171f9507e\COMCTL32.dll
0x00007ff9106b0000 - 0x00007ff9106ba000 	C:\Windows\SYSTEM32\VERSION.dll
0x00007ff918e20000 - 0x00007ff918e50000 	C:\Windows\System32\IMM32.DLL
0x00007ff913330000 - 0x00007ff91333c000 	C:\Program Files\Java\jdk-17\bin\vcruntime140_1.dll
0x00007ff910f70000 - 0x00007ff910ffe000 	C:\Program Files\Java\jdk-17\bin\msvcp140.dll
0x00007ff8daca0000 - 0x00007ff8db87f000 	C:\Program Files\Java\jdk-17\bin\server\jvm.dll
0x00007ff918bd0000 - 0x00007ff918bd8000 	C:\Windows\System32\PSAPI.DLL
0x00007ff8ffe20000 - 0x00007ff8ffe47000 	C:\Windows\SYSTEM32\WINMM.dll
0x00007ff8fda40000 - 0x00007ff8fda49000 	C:\Windows\SYSTEM32\WSOCK32.dll
0x00007ff919060000 - 0x00007ff9190cb000 	C:\Windows\System32\WS2_32.dll
0x00007ff914b70000 - 0x00007ff914b82000 	C:\Windows\SYSTEM32\kernel.appcore.dll
0x00007ff912760000 - 0x00007ff91276a000 	C:\Program Files\Java\jdk-17\bin\jimage.dll
0x00007ff914570000 - 0x00007ff914754000 	C:\Windows\SYSTEM32\DBGHELP.DLL
0x00007ff8fdaf0000 - 0x00007ff8fdb24000 	C:\Windows\SYSTEM32\dbgcore.DLL
0x00007ff9172f0000 - 0x00007ff917372000 	C:\Windows\System32\bcryptPrimitives.dll
0x00007ff912740000 - 0x00007ff91274e000 	C:\Program Files\Java\jdk-17\bin\instrument.dll
0x00007ff90fd90000 - 0x00007ff90fdb5000 	C:\Program Files\Java\jdk-17\bin\java.dll
0x00007ff90b4a0000 - 0x00007ff90b577000 	C:\Program Files\Java\jdk-17\bin\jsvml.dll
0x00007ff917c10000 - 0x00007ff918354000 	C:\Windows\System32\SHELL32.dll
0x00007ff914b90000 - 0x00007ff915323000 	C:\Windows\SYSTEM32\windows.storage.dll
0x00007ff918360000 - 0x00007ff9186b4000 	C:\Windows\System32\combase.dll
0x00007ff916530000 - 0x00007ff91655e000 	C:\Windows\SYSTEM32\Wldp.dll
0x00007ff919170000 - 0x00007ff91921d000 	C:\Windows\System32\SHCORE.dll
0x00007ff918a40000 - 0x00007ff918a95000 	C:\Windows\System32\shlwapi.dll
0x00007ff916a20000 - 0x00007ff916a45000 	C:\Windows\SYSTEM32\profapi.dll
0x00007ff910cf0000 - 0x00007ff910d08000 	C:\Program Files\Java\jdk-17\bin\zip.dll
0x00007ff90f680000 - 0x00007ff90f699000 	C:\Program Files\Java\jdk-17\bin\net.dll
0x00007ff90fa30000 - 0x00007ff90fb3a000 	C:\Windows\SYSTEM32\WINHTTP.dll
0x00007ff916290000 - 0x00007ff9162fa000 	C:\Windows\system32\mswsock.dll
0x00007ff90f660000 - 0x00007ff90f676000 	C:\Program Files\Java\jdk-17\bin\nio.dll
0x00007ff90bec0000 - 0x00007ff90beda000 	C:\Users\LENOVO\Desktop\IntelliJ IDEA 2023.2.1\bin\breakgen64.dll
0x0000000069ac0000 - 0x0000000069ae4000 	C:\Users\LENOVO\AppData\Local\Temp\jansi-2.4.0-2b8827de98876656-jansi.dll
0x00007ff910930000 - 0x00007ff910940000 	C:\Program Files\Java\jdk-17\bin\verify.dll

dbghelp: loaded successfully - version: 4.0.5 - missing functions: none
symbol engine: initialized successfully - sym options: 0x614 - pdb path: .;C:\Program Files\Java\jdk-17\bin;C:\Windows\SYSTEM32;C:\Windows\WinSxS\amd64_microsoft.windows.common-controls_6595b64144ccf1df_6.0.19041.1110_none_60b5254171f9507e;C:\Program Files\Java\jdk-17\bin\server;C:\Users\LENOVO\Desktop\IntelliJ IDEA 2023.2.1\bin;C:\Users\LENOVO\AppData\Local\Temp

VM Arguments:
jvm_args: -Dmaven.multiModuleProjectDirectory=C:\projetPIDEV\gestionCours -Djansi.passthrough=true -Dmaven.home=C:\Users\LENOVO\Desktop\IntelliJ IDEA 2023.2.1\plugins\maven\lib\maven3 -Dclassworlds.conf=C:\Users\LENOVO\Desktop\IntelliJ IDEA 2023.2.1\plugins\maven\lib\maven3\bin\m2.conf -Dmaven.ext.class.path=C:\Users\LENOVO\Desktop\IntelliJ IDEA 2023.2.1\plugins\maven\lib\maven-event-listener.jar -javaagent:C:\Users\LENOVO\Desktop\IntelliJ IDEA 2023.2.1\lib\idea_rt.jar=60124:C:\Users\LENOVO\Desktop\IntelliJ IDEA 2023.2.1\bin -Dfile.encoding=UTF-8 
java_command: org.codehaus.classworlds.Launcher -Didea.version=2023.2.1 org.openjfx:javafx-maven-plugin:0.0.8:run
java_class_path (initial): C:\Users\LENOVO\Desktop\IntelliJ IDEA 2023.2.1\plugins\maven\lib\maven3\boot\plexus-classworlds-2.7.0.jar;C:\Users\LENOVO\Desktop\IntelliJ IDEA 2023.2.1\plugins\maven\lib\maven3\boot\plexus-classworlds.license
Launcher Type: SUN_STANDARD

[Global flags]
     intx CICompilerCount                          = 4                                         {product} {ergonomic}
     uint ConcGCThreads                            = 3                                         {product} {ergonomic}
     uint G1ConcRefinementThreads                  = 10                                        {product} {ergonomic}
   size_t G1HeapRegionSize                         = 2097152                                   {product} {ergonomic}
    uintx GCDrainStackTargetSize                   = 64                                        {product} {ergonomic}
   size_t InitialHeapSize                          = 266338304                                 {product} {ergonomic}
   size_t MarkStackSize                            = 4194304                                   {product} {ergonomic}
   size_t MaxHeapSize                              = 4261412864                                {product} {ergonomic}
   size_t MaxNewSize                               = 2556428288                                {product} {ergonomic}
   size_t MinHeapDeltaBytes                        = 2097152                                   {product} {ergonomic}
   size_t MinHeapSize                              = 8388608                                   {product} {ergonomic}
    uintx NonNMethodCodeHeapSize                   = 5839372                                {pd product} {ergonomic}
    uintx NonProfiledCodeHeapSize                  = 122909434                              {pd product} {ergonomic}
    uintx ProfiledCodeHeapSize                     = 122909434                              {pd product} {ergonomic}
    uintx ReservedCodeCacheSize                    = 251658240                              {pd product} {ergonomic}
     bool SegmentedCodeCache                       = true                                      {product} {ergonomic}
   size_t SoftMaxHeapSize                          = 4261412864                             {manageable} {ergonomic}
     bool UseCompressedClassPointers               = true                           {product lp64_product} {ergonomic}
     bool UseCompressedOops                        = true                           {product lp64_product} {ergonomic}
     bool UseG1GC                                  = true                                      {product} {ergonomic}
     bool UseLargePagesIndividualAllocation        = false                                  {pd product} {ergonomic}

Logging:
Log output configuration:
 #0: stdout all=warning uptime,level,tags
 #1: stderr all=off uptime,level,tags

Environment Variables:
PATH=C:\oraclexe\app\oracle\product\11.2.0\server\bin;;C:\Users\LENOVO\.jdks\corretto-17.0.8.1\bin;C:\Program Files\Common Files\Oracle\Java\javapath;C:\oraclexe\app\oracle\product\11.2.0\server\bin;C:\Program Files (x86)\Common Files\Intel\Shared Libraries\redist\intel64\compiler;C:\Windows\system32;C:\Windows;C:\Windows\System32\Wbem;C:\Windows\System32\WindowsPowerShell\v1.0\;C:\Windows\System32\OpenSSH\;C:\Program Files\Git\cmd;C:\Program Files\nodejs\;C:\ProgramData\chocolatey\bin;C:\Strawberry\c\bin;C:\Strawberry\perl\site\bin;C:\Strawberry\perl\bin;C:\instantclient12_2;C:\oraclexe\app\oracle\admin\XE;C:\oraclexe;C:\ProgramData\ComposerSetup\bin;C:\Users\LENOVO\scoop\shims;C:\Users\LENOVO\AppData\Local\Microsoft\WindowsApps;C:\Users\LENOVO\AppData\Local\Programs\Microsoft VS Code\bin;C:\Users\LENOVO\AppData\Roaming\npm;C:\Users\LENOVO\AppData\Local\atom\bin;C:\Program Files\JetBrains\IntelliJ IDEA 2023.2.1\bin;;C:\Users\LENOVO\AppData\Local\GitHubDesktop\bin;C:\xampp\php;C:\Users\LENOVO\AppData\Roaming\Composer\vendor\bin;C:\Users\LENOVO\Downloads;C:\Flex Windows\gcc\bin;C:\Flex Windows\Lex\bin;C:\Flex Windows\bison\bin
USERNAME=LENOVO
OS=Windows_NT
PROCESSOR_IDENTIFIER=Intel64 Family 6 Model 165 Stepping 2, GenuineIntel



---------------  S Y S T E M  ---------------

OS:
 Windows 10 , 64 bit Build 19041 (10.0.19041.3155)
OS uptime: 7 days 3:24 hours

CPU: total 12 (initial active 12) (6 cores per cpu, 2 threads per core) family 6 model 165 stepping 2 microcode 0xe2, cx8, cmov, fxsr, ht, mmx, 3dnowpref, sse, sse2, sse3, ssse3, sse4.1, sse4.2, popcnt, lzcnt, tsc, tscinvbit, avx, avx2, aes, erms, clmul, bmi1, bmi2, adx, fma, vzeroupper, clflush, clflushopt

Memory: 4k page, system-wide physical 16251M (380M free)
TotalPageFile size 37291M (AvailPageFile size 0M)
current process WorkingSet (physical memory assigned to process): 86M, peak: 86M
current process commit charge ("private bytes"): 367M, peak: 368M

vm_info: Java HotSpot(TM) 64-Bit Server VM (17.0.10+11-LTS-240) for windows-amd64 JRE (17.0.10+11-LTS-240), built on Dec 19 2023 21:47:25 by "mach5one" with MS VC++ 17.1 (VS2022)

END.
