#
# There is insufficient memory for the Java Runtime Environment to continue.
# Native memory allocation (malloc) failed to allocate 1088656 bytes for Chunk::new
# Possible reasons:
#   The system is out of physical RAM or swap space
#   The process is running with CompressedOops enabled, and the Java Heap may be blocking the growth of the native heap
# Possible solutions:
#   Reduce memory load on the system
#   Increase physical memory or swap space
#   Check if swap backing store is full
#   Decrease Java heap size (-Xmx/-Xms)
#   Decrease number of Java threads
#   Decrease Java thread stack sizes (-Xss)
#   Set larger code cache with -XX:ReservedCodeCacheSize=
#   JVM is running with Zero Based Compressed Oops mode in which the Java heap is
#     placed in the first 32GB address space. The Java Heap base address is the
#     maximum limit for the native heap growth. Please use -XX:HeapBaseMinAddress
#     to set the Java Heap base and to place the Java Heap above 32GB virtual address.
# This output file may be truncated or incomplete.
#
#  Out of Memory Error (arena.cpp:189), pid=4968, tid=24960
#
# JRE version: Java(TM) SE Runtime Environment (17.0.10+11) (build 17.0.10+11-LTS-240)
# Java VM: Java HotSpot(TM) 64-Bit Server VM (17.0.10+11-LTS-240, mixed mode, sharing, tiered, compressed oops, compressed class ptrs, g1 gc, windows-amd64)
# No core dump will be written. Minidumps are not enabled by default on client versions of Windows
#

---------------  S U M M A R Y ------------

Command Line: -Dmaven.multiModuleProjectDirectory=C:\projetPIDEV\gestionCours -Djansi.passthrough=true -Dmaven.home=C:\Users\LENOVO\Desktop\IntelliJ IDEA 2023.2.1\plugins\maven\lib\maven3 -Dclassworlds.conf=C:\Users\LENOVO\Desktop\IntelliJ IDEA 2023.2.1\plugins\maven\lib\maven3\bin\m2.conf -Dmaven.ext.class.path=C:\Users\LENOVO\Desktop\IntelliJ IDEA 2023.2.1\plugins\maven\lib\maven-event-listener.jar -javaagent:C:\Users\LENOVO\Desktop\IntelliJ IDEA 2023.2.1\lib\idea_rt.jar=60127:C:\Users\LENOVO\Desktop\IntelliJ IDEA 2023.2.1\bin -Dfile.encoding=UTF-8 org.codehaus.classworlds.Launcher -Didea.version=2023.2.1 org.openjfx:javafx-maven-plugin:0.0.8:run

Host: Intel(R) Core(TM) i7-10750H CPU @ 2.60GHz, 12 cores, 15G,  Windows 10 , 64 bit Build 19041 (10.0.19041.3155)
Time: Tue Mar  5 12:46:19 2024 Paris, Madrid elapsed time: 20.543565 seconds (0d 0h 0m 20s)

---------------  T H R E A D  ---------------

Current thread (0x00000277f6c37410):  JavaThread "C2 CompilerThread1" daemon [_thread_in_native, id=24960, stack(0x0000007e42600000,0x0000007e42700000)]


Current CompileTask:
C2:  20543 3278       4       org.codehaus.plexus.util.xml.Xpp3Dom::<init> (125 bytes)

Stack: [0x0000007e42600000,0x0000007e42700000]
Native frames: (J=compiled Java code, j=interpreted, Vv=VM code, C=native code)
V  [jvm.dll+0x677a5a]
V  [jvm.dll+0x7d8b2d]
V  [jvm.dll+0x7da48e]
V  [jvm.dll+0x7daaf3]
V  [jvm.dll+0x2455ff]
V  [jvm.dll+0xaaafb]
V  [jvm.dll+0xab09c]
V  [jvm.dll+0x361b5f]
V  [jvm.dll+0x32c211]
V  [jvm.dll+0x32b6aa]
V  [jvm.dll+0x21794f]
V  [jvm.dll+0x216d81]
V  [jvm.dll+0x1a3410]
V  [jvm.dll+0x226aeb]
V  [jvm.dll+0x224cab]
V  [jvm.dll+0x78e45c]
V  [jvm.dll+0x78888a]
V  [jvm.dll+0x676935]
C  [ucrtbase.dll+0x21bb2]
C  [KERNEL32.DLL+0x17614]
C  [ntdll.dll+0x526b1]


---------------  P R O C E S S  ---------------

Threads class SMR info:
_java_thread_list=0x00000277f6f362d0, length=15, elements={
0x00000277cea627f0, 0x00000277f1bbcad0, 0x00000277f1bbd950, 0x00000277f1bcf8f0,
0x00000277f1bd14c0, 0x00000277f1bd3f90, 0x00000277f1bd4950, 0x00000277f1bd5de0,
0x00000277f1bedc70, 0x00000277f6066a00, 0x00000277f60a2e40, 0x00000277f62641c0,
0x00000277f62646a0, 0x00000277f6c37410, 0x00000277f77dd3c0
}

Java Threads: ( => current thread )
  0x00000277cea627f0 JavaThread "main" [_thread_in_vm, id=17464, stack(0x0000007e40900000,0x0000007e40a00000)]
  0x00000277f1bbcad0 JavaThread "Reference Handler" daemon [_thread_blocked, id=26844, stack(0x0000007e41000000,0x0000007e41100000)]
  0x00000277f1bbd950 JavaThread "Finalizer" daemon [_thread_blocked, id=30004, stack(0x0000007e41100000,0x0000007e41200000)]
  0x00000277f1bcf8f0 JavaThread "Signal Dispatcher" daemon [_thread_blocked, id=22912, stack(0x0000007e41200000,0x0000007e41300000)]
  0x00000277f1bd14c0 JavaThread "Attach Listener" daemon [_thread_blocked, id=7236, stack(0x0000007e41300000,0x0000007e41400000)]
  0x00000277f1bd3f90 JavaThread "Service Thread" daemon [_thread_blocked, id=14740, stack(0x0000007e41400000,0x0000007e41500000)]
  0x00000277f1bd4950 JavaThread "Monitor Deflation Thread" daemon [_thread_blocked, id=6988, stack(0x0000007e41500000,0x0000007e41600000)]
  0x00000277f1bd5de0 JavaThread "C2 CompilerThread0" daemon [_thread_in_native, id=13584, stack(0x0000007e41600000,0x0000007e41700000)]
  0x00000277f1bedc70 JavaThread "C1 CompilerThread0" daemon [_thread_in_vm, id=9924, stack(0x0000007e41700000,0x0000007e41800000)]
  0x00000277f6066a00 JavaThread "Sweeper thread" daemon [_thread_blocked, id=26632, stack(0x0000007e41800000,0x0000007e41900000)]
  0x00000277f60a2e40 JavaThread "Common-Cleaner" daemon [_thread_blocked, id=5428, stack(0x0000007e41900000,0x0000007e41a00000)]
  0x00000277f62641c0 JavaThread "Monitor Ctrl-Break" daemon [_thread_in_native, id=19328, stack(0x0000007e41a00000,0x0000007e41b00000)]
  0x00000277f62646a0 JavaThread "Notification Thread" daemon [_thread_blocked, id=8500, stack(0x0000007e41b00000,0x0000007e41c00000)]
=>0x00000277f6c37410 JavaThread "C2 CompilerThread1" daemon [_thread_in_native, id=24960, stack(0x0000007e42600000,0x0000007e42700000)]
  0x00000277f77dd3c0 JavaThread "C2 CompilerThread2" daemon [_thread_new, id=24196, stack(0x0000000000000000,0x0000000000000000)]

Other Threads:
  0x00000277f1bb7e70 VMThread "VM Thread" [stack: 0x0000007e40f00000,0x0000007e41000000] [id=19428]
  0x00000277f6265d10 WatcherThread [stack: 0x0000007e41c00000,0x0000007e41d00000] [id=13888]
  0x00000277ceace1b0 GCTaskThread "GC Thread#0" [stack: 0x0000007e40a00000,0x0000007e40b00000] [id=28556]
  0x00000277f6192230 GCTaskThread "GC Thread#1" [stack: 0x0000007e41d00000,0x0000007e41e00000] [id=4936]
  0x00000277f6192a70 GCTaskThread "GC Thread#2" [stack: 0x0000007e41e00000,0x0000007e41f00000] [id=19392]
  0x00000277f61924f0 GCTaskThread "GC Thread#3" [stack: 0x0000007e41f00000,0x0000007e42000000] [id=24996]
  0x00000277f61927b0 GCTaskThread "GC Thread#4" [stack: 0x0000007e42000000,0x0000007e42100000] [id=2028]
  0x00000277f6b5dec0 GCTaskThread "GC Thread#5" [stack: 0x0000007e42100000,0x0000007e42200000] [id=12984]
  0x00000277f6b5e180 GCTaskThread "GC Thread#6" [stack: 0x0000007e42200000,0x0000007e42300000] [id=10948]
  0x00000277f6b5f780 GCTaskThread "GC Thread#7" [stack: 0x0000007e42300000,0x0000007e42400000] [id=17560]
  0x00000277f6b5d100 GCTaskThread "GC Thread#8" [stack: 0x0000007e42400000,0x0000007e42500000] [id=26460]
  0x00000277f6b5d3c0 GCTaskThread "GC Thread#9" [stack: 0x0000007e42500000,0x0000007e42600000] [id=19404]
  0x00000277ceae0f20 ConcurrentGCThread "G1 Main Marker" [stack: 0x0000007e40b00000,0x0000007e40c00000] [id=924]
  0x00000277ceae20d0 ConcurrentGCThread "G1 Conc#0" [stack: 0x0000007e40c00000,0x0000007e40d00000] [id=14072]
  0x00000277ceb3d130 ConcurrentGCThread "G1 Refine#0" [stack: 0x0000007e40d00000,0x0000007e40e00000] [id=8244]
  0x00000277ceb3db60 ConcurrentGCThread "G1 Service" [stack: 0x0000007e40e00000,0x0000007e40f00000] [id=27328]

Threads with active compile tasks:
C2 CompilerThread0    20566 3403       4       org.codehaus.plexus.util.xml.pull.MXParser::parseStartTag (1190 bytes)
C1 CompilerThread0    20566 3455   !   3       java.net.URL::getURLStreamHandler (191 bytes)
C2 CompilerThread1    20566 3278       4       org.codehaus.plexus.util.xml.Xpp3Dom::<init> (125 bytes)

VM state: not at safepoint (normal execution)

VM Mutex/Monitor currently owned by a thread:  ([mutex/lock_event])
[0x00000277cea5d470] Metaspace_lock - owner thread: 0x00000277f1bedc70
[0x00000277cea5eb40] MethodData_lock - owner thread: 0x00000277f1bedc70

Heap address: 0x0000000702000000, size: 4064 MB, Compressed Oops mode: Zero based, Oop shift amount: 3

CDS archive(s) mapped at: [0x0000027780000000-0x0000027780bd0000-0x0000027780bd0000), size 12386304, SharedBaseAddress: 0x0000027780000000, ArchiveRelocationMode: 1.
Compressed class space mapped at: 0x0000027781000000-0x00000277c1000000, reserved size: 1073741824
Narrow klass base: 0x0000027780000000, Narrow klass shift: 0, Narrow klass range: 0x100000000

GC Precious Log:
 CPUs: 12 total, 12 available
 Memory: 16251M
 Large Page Support: Disabled
 NUMA Support: Disabled
 Compressed Oops: Enabled (Zero based)
 Heap Region Size: 2M
 Heap Min Capacity: 8M
 Heap Initial Capacity: 254M
 Heap Max Capacity: 4064M
 Pre-touch: Disabled
 Parallel Workers: 10
 Concurrent Workers: 3
 Concurrent Refinement Workers: 10
 Periodic GC: Disabled

Heap:
 garbage-first heap   total 260096K, used 64818K [0x0000000702000000, 0x0000000800000000)
  region size 2048K, 31 young (63488K), 1 survivors (2048K)
 Metaspace       used 15608K, committed 15808K, reserved 1114112K
  class space    used 1855K, committed 1984K, reserved 1048576K

Heap Regions: E=young(eden), S=young(survivor), O=old, HS=humongous(starts), HC=humongous(continues), CS=collection set, F=free, OA=open archive, CA=closed archive, TAMS=top-at-mark-start (previous, next)
|   0|0x0000000702000000, 0x0000000702200000, 0x0000000702200000|100%| O|  |TAMS 0x0000000702000000, 0x0000000702000000| Untracked 
|   1|0x0000000702200000, 0x00000007023a1a00, 0x0000000702400000| 81%| O|  |TAMS 0x0000000702200000, 0x0000000702200000| Untracked 
|   2|0x0000000702400000, 0x0000000702400000, 0x0000000702600000|  0%| F|  |TAMS 0x0000000702400000, 0x0000000702400000| Untracked 
|   3|0x0000000702600000, 0x0000000702600000, 0x0000000702800000|  0%| F|  |TAMS 0x0000000702600000, 0x0000000702600000| Untracked 
|   4|0x0000000702800000, 0x0000000702800000, 0x0000000702a00000|  0%| F|  |TAMS 0x0000000702800000, 0x0000000702800000| Untracked 
|   5|0x0000000702a00000, 0x0000000702a00000, 0x0000000702c00000|  0%| F|  |TAMS 0x0000000702a00000, 0x0000000702a00000| Untracked 
|   6|0x0000000702c00000, 0x0000000702c00000, 0x0000000702e00000|  0%| F|  |TAMS 0x0000000702c00000, 0x0000000702c00000| Untracked 
|   7|0x0000000702e00000, 0x0000000702e00000, 0x0000000703000000|  0%| F|  |TAMS 0x0000000702e00000, 0x0000000702e00000| Untracked 
|   8|0x0000000703000000, 0x0000000703000000, 0x0000000703200000|  0%| F|  |TAMS 0x0000000703000000, 0x0000000703000000| Untracked 
|   9|0x0000000703200000, 0x0000000703200000, 0x0000000703400000|  0%| F|  |TAMS 0x0000000703200000, 0x0000000703200000| Untracked 
|  10|0x0000000703400000, 0x0000000703400000, 0x0000000703600000|  0%| F|  |TAMS 0x0000000703400000, 0x0000000703400000| Untracked 
|  11|0x0000000703600000, 0x0000000703600000, 0x0000000703800000|  0%| F|  |TAMS 0x0000000703600000, 0x0000000703600000| Untracked 
|  12|0x0000000703800000, 0x0000000703800000, 0x0000000703a00000|  0%| F|  |TAMS 0x0000000703800000, 0x0000000703800000| Untracked 
|  13|0x0000000703a00000, 0x0000000703a00000, 0x0000000703c00000|  0%| F|  |TAMS 0x0000000703a00000, 0x0000000703a00000| Untracked 
|  14|0x0000000703c00000, 0x0000000703c00000, 0x0000000703e00000|  0%| F|  |TAMS 0x0000000703c00000, 0x0000000703c00000| Untracked 
|  15|0x0000000703e00000, 0x0000000703e00000, 0x0000000704000000|  0%| F|  |TAMS 0x0000000703e00000, 0x0000000703e00000| Untracked 
|  16|0x0000000704000000, 0x0000000704000000, 0x0000000704200000|  0%| F|  |TAMS 0x0000000704000000, 0x0000000704000000| Untracked 
|  17|0x0000000704200000, 0x0000000704200000, 0x0000000704400000|  0%| F|  |TAMS 0x0000000704200000, 0x0000000704200000| Untracked 
|  18|0x0000000704400000, 0x0000000704400000, 0x0000000704600000|  0%| F|  |TAMS 0x0000000704400000, 0x0000000704400000| Untracked 
|  19|0x0000000704600000, 0x0000000704600000, 0x0000000704800000|  0%| F|  |TAMS 0x0000000704600000, 0x0000000704600000| Untracked 
|  20|0x0000000704800000, 0x0000000704800000, 0x0000000704a00000|  0%| F|  |TAMS 0x0000000704800000, 0x0000000704800000| Untracked 
|  21|0x0000000704a00000, 0x0000000704a00000, 0x0000000704c00000|  0%| F|  |TAMS 0x0000000704a00000, 0x0000000704a00000| Untracked 
|  22|0x0000000704c00000, 0x0000000704c00000, 0x0000000704e00000|  0%| F|  |TAMS 0x0000000704c00000, 0x0000000704c00000| Untracked 
|  23|0x0000000704e00000, 0x0000000704e00000, 0x0000000705000000|  0%| F|  |TAMS 0x0000000704e00000, 0x0000000704e00000| Untracked 
|  24|0x0000000705000000, 0x0000000705000000, 0x0000000705200000|  0%| F|  |TAMS 0x0000000705000000, 0x0000000705000000| Untracked 
|  25|0x0000000705200000, 0x0000000705200000, 0x0000000705400000|  0%| F|  |TAMS 0x0000000705200000, 0x0000000705200000| Untracked 
|  26|0x0000000705400000, 0x0000000705400000, 0x0000000705600000|  0%| F|  |TAMS 0x0000000705400000, 0x0000000705400000| Untracked 
|  27|0x0000000705600000, 0x0000000705600000, 0x0000000705800000|  0%| F|  |TAMS 0x0000000705600000, 0x0000000705600000| Untracked 
|  28|0x0000000705800000, 0x0000000705800000, 0x0000000705a00000|  0%| F|  |TAMS 0x0000000705800000, 0x0000000705800000| Untracked 
|  29|0x0000000705a00000, 0x0000000705a00000, 0x0000000705c00000|  0%| F|  |TAMS 0x0000000705a00000, 0x0000000705a00000| Untracked 
|  30|0x0000000705c00000, 0x0000000705c00000, 0x0000000705e00000|  0%| F|  |TAMS 0x0000000705c00000, 0x0000000705c00000| Untracked 
|  31|0x0000000705e00000, 0x0000000705e00000, 0x0000000706000000|  0%| F|  |TAMS 0x0000000705e00000, 0x0000000705e00000| Untracked 
|  32|0x0000000706000000, 0x0000000706000000, 0x0000000706200000|  0%| F|  |TAMS 0x0000000706000000, 0x0000000706000000| Untracked 
|  33|0x0000000706200000, 0x0000000706200000, 0x0000000706400000|  0%| F|  |TAMS 0x0000000706200000, 0x0000000706200000| Untracked 
|  34|0x0000000706400000, 0x0000000706400000, 0x0000000706600000|  0%| F|  |TAMS 0x0000000706400000, 0x0000000706400000| Untracked 
|  35|0x0000000706600000, 0x0000000706600000, 0x0000000706800000|  0%| F|  |TAMS 0x0000000706600000, 0x0000000706600000| Untracked 
|  36|0x0000000706800000, 0x0000000706800000, 0x0000000706a00000|  0%| F|  |TAMS 0x0000000706800000, 0x0000000706800000| Untracked 
|  37|0x0000000706a00000, 0x0000000706a00000, 0x0000000706c00000|  0%| F|  |TAMS 0x0000000706a00000, 0x0000000706a00000| Untracked 
|  38|0x0000000706c00000, 0x0000000706c00000, 0x0000000706e00000|  0%| F|  |TAMS 0x0000000706c00000, 0x0000000706c00000| Untracked 
|  39|0x0000000706e00000, 0x0000000706e00000, 0x0000000707000000|  0%| F|  |TAMS 0x0000000706e00000, 0x0000000706e00000| Untracked 
|  40|0x0000000707000000, 0x0000000707000000, 0x0000000707200000|  0%| F|  |TAMS 0x0000000707000000, 0x0000000707000000| Untracked 
|  41|0x0000000707200000, 0x0000000707200000, 0x0000000707400000|  0%| F|  |TAMS 0x0000000707200000, 0x0000000707200000| Untracked 
|  42|0x0000000707400000, 0x0000000707400000, 0x0000000707600000|  0%| F|  |TAMS 0x0000000707400000, 0x0000000707400000| Untracked 
|  43|0x0000000707600000, 0x0000000707600000, 0x0000000707800000|  0%| F|  |TAMS 0x0000000707600000, 0x0000000707600000| Untracked 
|  44|0x0000000707800000, 0x0000000707800000, 0x0000000707a00000|  0%| F|  |TAMS 0x0000000707800000, 0x0000000707800000| Untracked 
|  45|0x0000000707a00000, 0x0000000707a00000, 0x0000000707c00000|  0%| F|  |TAMS 0x0000000707a00000, 0x0000000707a00000| Untracked 
|  46|0x0000000707c00000, 0x0000000707c00000, 0x0000000707e00000|  0%| F|  |TAMS 0x0000000707c00000, 0x0000000707c00000| Untracked 
|  47|0x0000000707e00000, 0x0000000707e00000, 0x0000000708000000|  0%| F|  |TAMS 0x0000000707e00000, 0x0000000707e00000| Untracked 
|  48|0x0000000708000000, 0x0000000708000000, 0x0000000708200000|  0%| F|  |TAMS 0x0000000708000000, 0x0000000708000000| Untracked 
|  49|0x0000000708200000, 0x0000000708200000, 0x0000000708400000|  0%| F|  |TAMS 0x0000000708200000, 0x0000000708200000| Untracked 
|  50|0x0000000708400000, 0x0000000708400000, 0x0000000708600000|  0%| F|  |TAMS 0x0000000708400000, 0x0000000708400000| Untracked 
|  51|0x0000000708600000, 0x0000000708600000, 0x0000000708800000|  0%| F|  |TAMS 0x0000000708600000, 0x0000000708600000| Untracked 
|  52|0x0000000708800000, 0x0000000708800000, 0x0000000708a00000|  0%| F|  |TAMS 0x0000000708800000, 0x0000000708800000| Untracked 
|  53|0x0000000708a00000, 0x0000000708a00000, 0x0000000708c00000|  0%| F|  |TAMS 0x0000000708a00000, 0x0000000708a00000| Untracked 
|  54|0x0000000708c00000, 0x0000000708c00000, 0x0000000708e00000|  0%| F|  |TAMS 0x0000000708c00000, 0x0000000708c00000| Untracked 
|  55|0x0000000708e00000, 0x0000000708e00000, 0x0000000709000000|  0%| F|  |TAMS 0x0000000708e00000, 0x0000000708e00000| Untracked 
|  56|0x0000000709000000, 0x0000000709000000, 0x0000000709200000|  0%| F|  |TAMS 0x0000000709000000, 0x0000000709000000| Untracked 
|  57|0x0000000709200000, 0x0000000709200000, 0x0000000709400000|  0%| F|  |TAMS 0x0000000709200000, 0x0000000709200000| Untracked 
|  58|0x0000000709400000, 0x0000000709400000, 0x0000000709600000|  0%| F|  |TAMS 0x0000000709400000, 0x0000000709400000| Untracked 
|  59|0x0000000709600000, 0x0000000709600000, 0x0000000709800000|  0%| F|  |TAMS 0x0000000709600000, 0x0000000709600000| Untracked 
|  60|0x0000000709800000, 0x0000000709800000, 0x0000000709a00000|  0%| F|  |TAMS 0x0000000709800000, 0x0000000709800000| Untracked 
|  61|0x0000000709a00000, 0x0000000709a00000, 0x0000000709c00000|  0%| F|  |TAMS 0x0000000709a00000, 0x0000000709a00000| Untracked 
|  62|0x0000000709c00000, 0x0000000709c00000, 0x0000000709e00000|  0%| F|  |TAMS 0x0000000709c00000, 0x0000000709c00000| Untracked 
|  63|0x0000000709e00000, 0x0000000709e00000, 0x000000070a000000|  0%| F|  |TAMS 0x0000000709e00000, 0x0000000709e00000| Untracked 
|  64|0x000000070a000000, 0x000000070a000000, 0x000000070a200000|  0%| F|  |TAMS 0x000000070a000000, 0x000000070a000000| Untracked 
|  65|0x000000070a200000, 0x000000070a200000, 0x000000070a400000|  0%| F|  |TAMS 0x000000070a200000, 0x000000070a200000| Untracked 
|  66|0x000000070a400000, 0x000000070a400000, 0x000000070a600000|  0%| F|  |TAMS 0x000000070a400000, 0x000000070a400000| Untracked 
|  67|0x000000070a600000, 0x000000070a600000, 0x000000070a800000|  0%| F|  |TAMS 0x000000070a600000, 0x000000070a600000| Untracked 
|  68|0x000000070a800000, 0x000000070a800000, 0x000000070aa00000|  0%| F|  |TAMS 0x000000070a800000, 0x000000070a800000| Untracked 
|  69|0x000000070aa00000, 0x000000070aa00000, 0x000000070ac00000|  0%| F|  |TAMS 0x000000070aa00000, 0x000000070aa00000| Untracked 
|  70|0x000000070ac00000, 0x000000070ac00000, 0x000000070ae00000|  0%| F|  |TAMS 0x000000070ac00000, 0x000000070ac00000| Untracked 
|  71|0x000000070ae00000, 0x000000070ae00000, 0x000000070b000000|  0%| F|  |TAMS 0x000000070ae00000, 0x000000070ae00000| Untracked 
|  72|0x000000070b000000, 0x000000070b000000, 0x000000070b200000|  0%| F|  |TAMS 0x000000070b000000, 0x000000070b000000| Untracked 
|  73|0x000000070b200000, 0x000000070b200000, 0x000000070b400000|  0%| F|  |TAMS 0x000000070b200000, 0x000000070b200000| Untracked 
|  74|0x000000070b400000, 0x000000070b400000, 0x000000070b600000|  0%| F|  |TAMS 0x000000070b400000, 0x000000070b400000| Untracked 
|  75|0x000000070b600000, 0x000000070b600000, 0x000000070b800000|  0%| F|  |TAMS 0x000000070b600000, 0x000000070b600000| Untracked 
|  76|0x000000070b800000, 0x000000070b800000, 0x000000070ba00000|  0%| F|  |TAMS 0x000000070b800000, 0x000000070b800000| Untracked 
|  77|0x000000070ba00000, 0x000000070ba00000, 0x000000070bc00000|  0%| F|  |TAMS 0x000000070ba00000, 0x000000070ba00000| Untracked 
|  78|0x000000070bc00000, 0x000000070bc00000, 0x000000070be00000|  0%| F|  |TAMS 0x000000070bc00000, 0x000000070bc00000| Untracked 
|  79|0x000000070be00000, 0x000000070be00000, 0x000000070c000000|  0%| F|  |TAMS 0x000000070be00000, 0x000000070be00000| Untracked 
|  80|0x000000070c000000, 0x000000070c000000, 0x000000070c200000|  0%| F|  |TAMS 0x000000070c000000, 0x000000070c000000| Untracked 
|  81|0x000000070c200000, 0x000000070c200000, 0x000000070c400000|  0%| F|  |TAMS 0x000000070c200000, 0x000000070c200000| Untracked 
|  82|0x000000070c400000, 0x000000070c400000, 0x000000070c600000|  0%| F|  |TAMS 0x000000070c400000, 0x000000070c400000| Untracked 
|  83|0x000000070c600000, 0x000000070c600000, 0x000000070c800000|  0%| F|  |TAMS 0x000000070c600000, 0x000000070c600000| Untracked 
|  84|0x000000070c800000, 0x000000070c800000, 0x000000070ca00000|  0%| F|  |TAMS 0x000000070c800000, 0x000000070c800000| Untracked 
|  85|0x000000070ca00000, 0x000000070ca00000, 0x000000070cc00000|  0%| F|  |TAMS 0x000000070ca00000, 0x000000070ca00000| Untracked 
|  86|0x000000070cc00000, 0x000000070cc00000, 0x000000070ce00000|  0%| F|  |TAMS 0x000000070cc00000, 0x000000070cc00000| Untracked 
|  87|0x000000070ce00000, 0x000000070ce00000, 0x000000070d000000|  0%| F|  |TAMS 0x000000070ce00000, 0x000000070ce00000| Untracked 
|  88|0x000000070d000000, 0x000000070d000000, 0x000000070d200000|  0%| F|  |TAMS 0x000000070d000000, 0x000000070d000000| Untracked 
|  89|0x000000070d200000, 0x000000070d200000, 0x000000070d400000|  0%| F|  |TAMS 0x000000070d200000, 0x000000070d200000| Untracked 
|  90|0x000000070d400000, 0x000000070d400000, 0x000000070d600000|  0%| F|  |TAMS 0x000000070d400000, 0x000000070d400000| Untracked 
|  91|0x000000070d600000, 0x000000070d600000, 0x000000070d800000|  0%| F|  |TAMS 0x000000070d600000, 0x000000070d600000| Untracked 
|  92|0x000000070d800000, 0x000000070d800000, 0x000000070da00000|  0%| F|  |TAMS 0x000000070d800000, 0x000000070d800000| Untracked 
|  93|0x000000070da00000, 0x000000070da00000, 0x000000070dc00000|  0%| F|  |TAMS 0x000000070da00000, 0x000000070da00000| Untracked 
|  94|0x000000070dc00000, 0x000000070dc00000, 0x000000070de00000|  0%| F|  |TAMS 0x000000070dc00000, 0x000000070dc00000| Untracked 
|  95|0x000000070de00000, 0x000000070de00000, 0x000000070e000000|  0%| F|  |TAMS 0x000000070de00000, 0x000000070de00000| Untracked 
|  96|0x000000070e000000, 0x000000070e200000, 0x000000070e200000|100%| E|  |TAMS 0x000000070e000000, 0x000000070e000000| Complete 
|  97|0x000000070e200000, 0x000000070e400000, 0x000000070e400000|100%| E|CS|TAMS 0x000000070e200000, 0x000000070e200000| Complete 
|  98|0x000000070e400000, 0x000000070e600000, 0x000000070e600000|100%| E|CS|TAMS 0x000000070e400000, 0x000000070e400000| Complete 
|  99|0x000000070e600000, 0x000000070e800000, 0x000000070e800000|100%| E|CS|TAMS 0x000000070e600000, 0x000000070e600000| Complete 
| 100|0x000000070e800000, 0x000000070ea00000, 0x000000070ea00000|100%| E|CS|TAMS 0x000000070e800000, 0x000000070e800000| Complete 
| 101|0x000000070ea00000, 0x000000070ec00000, 0x000000070ec00000|100%| E|CS|TAMS 0x000000070ea00000, 0x000000070ea00000| Complete 
| 102|0x000000070ec00000, 0x000000070ee00000, 0x000000070ee00000|100%| E|CS|TAMS 0x000000070ec00000, 0x000000070ec00000| Complete 
| 103|0x000000070ee00000, 0x000000070f000000, 0x000000070f000000|100%| E|CS|TAMS 0x000000070ee00000, 0x000000070ee00000| Complete 
| 104|0x000000070f000000, 0x000000070f200000, 0x000000070f200000|100%| E|CS|TAMS 0x000000070f000000, 0x000000070f000000| Complete 
| 105|0x000000070f200000, 0x000000070f400000, 0x000000070f400000|100%| E|CS|TAMS 0x000000070f200000, 0x000000070f200000| Complete 
| 106|0x000000070f400000, 0x000000070f600000, 0x000000070f600000|100%| E|CS|TAMS 0x000000070f400000, 0x000000070f400000| Complete 
| 107|0x000000070f600000, 0x000000070f800000, 0x000000070f800000|100%| E|CS|TAMS 0x000000070f600000, 0x000000070f600000| Complete 
| 108|0x000000070f800000, 0x000000070fa00000, 0x000000070fa00000|100%| E|CS|TAMS 0x000000070f800000, 0x000000070f800000| Complete 
| 109|0x000000070fa00000, 0x000000070fc00000, 0x000000070fc00000|100%| E|CS|TAMS 0x000000070fa00000, 0x000000070fa00000| Complete 
| 110|0x000000070fc00000, 0x000000070fdaae38, 0x000000070fe00000| 83%| S|CS|TAMS 0x000000070fc00000, 0x000000070fc00000| Complete 
| 111|0x000000070fe00000, 0x0000000710000000, 0x0000000710000000|100%| E|CS|TAMS 0x000000070fe00000, 0x000000070fe00000| Complete 
| 112|0x0000000710000000, 0x0000000710200000, 0x0000000710200000|100%| E|CS|TAMS 0x0000000710000000, 0x0000000710000000| Complete 
| 113|0x0000000710200000, 0x0000000710400000, 0x0000000710400000|100%| E|CS|TAMS 0x0000000710200000, 0x0000000710200000| Complete 
| 114|0x0000000710400000, 0x0000000710600000, 0x0000000710600000|100%| E|CS|TAMS 0x0000000710400000, 0x0000000710400000| Complete 
| 115|0x0000000710600000, 0x0000000710800000, 0x0000000710800000|100%| E|CS|TAMS 0x0000000710600000, 0x0000000710600000| Complete 
| 116|0x0000000710800000, 0x0000000710a00000, 0x0000000710a00000|100%| E|CS|TAMS 0x0000000710800000, 0x0000000710800000| Complete 
| 117|0x0000000710a00000, 0x0000000710c00000, 0x0000000710c00000|100%| E|CS|TAMS 0x0000000710a00000, 0x0000000710a00000| Complete 
| 118|0x0000000710c00000, 0x0000000710e00000, 0x0000000710e00000|100%| E|CS|TAMS 0x0000000710c00000, 0x0000000710c00000| Complete 
| 119|0x0000000710e00000, 0x0000000711000000, 0x0000000711000000|100%| E|CS|TAMS 0x0000000710e00000, 0x0000000710e00000| Complete 
| 120|0x0000000711000000, 0x0000000711200000, 0x0000000711200000|100%| E|CS|TAMS 0x0000000711000000, 0x0000000711000000| Complete 
| 121|0x0000000711200000, 0x0000000711400000, 0x0000000711400000|100%| E|CS|TAMS 0x0000000711200000, 0x0000000711200000| Complete 
| 122|0x0000000711400000, 0x0000000711600000, 0x0000000711600000|100%| E|CS|TAMS 0x0000000711400000, 0x0000000711400000| Complete 
| 123|0x0000000711600000, 0x0000000711800000, 0x0000000711800000|100%| E|CS|TAMS 0x0000000711600000, 0x0000000711600000| Complete 
| 124|0x0000000711800000, 0x0000000711a00000, 0x0000000711a00000|100%| E|CS|TAMS 0x0000000711800000, 0x0000000711800000| Complete 
| 125|0x0000000711a00000, 0x0000000711c00000, 0x0000000711c00000|100%| E|CS|TAMS 0x0000000711a00000, 0x0000000711a00000| Complete 
| 126|0x0000000711c00000, 0x0000000711e00000, 0x0000000711e00000|100%| E|CS|TAMS 0x0000000711c00000, 0x0000000711c00000| Complete 

Card table byte_map: [0x00000277e6060000,0x00000277e6850000] _byte_map_base: 0x00000277e2850000

Marking Bits (Prev, Next): (CMBitMap*) 0x00000277ceace7d0, (CMBitMap*) 0x00000277ceace810
 Prev Bits: [0x00000277e7040000, 0x00000277eafc0000)
 Next Bits: [0x00000277eafc0000, 0x00000277eef40000)

Polling page: 0x00000277cca80000

Metaspace:

Usage:
  Non-class:     13.43 MB used.
      Class:      1.81 MB used.
       Both:     15.24 MB used.

Virtual space:
  Non-class space:       64.00 MB reserved,      13.50 MB ( 21%) committed,  1 nodes.
      Class space:        1.00 GB reserved,       1.94 MB ( <1%) committed,  1 nodes.
             Both:        1.06 GB reserved,      15.44 MB (  1%) committed. 

Chunk freelists:
   Non-Class:  2.03 MB
       Class:  13.97 MB
        Both:  16.00 MB

MaxMetaspaceSize: unlimited
CompressedClassSpaceSize: 1.00 GB
Initial GC threshold: 21.00 MB
Current GC threshold: 21.00 MB
CDS: on
MetaspaceReclaimPolicy: balanced
 - commit_granule_bytes: 65536.
 - commit_granule_words: 8192.
 - virtual_space_node_default_size: 8388608.
 - enlarge_chunks_in_place: 1.
 - new_chunks_are_fully_committed: 0.
 - uncommit_free_chunks: 1.
 - use_allocation_guard: 0.
 - handle_deallocations: 1.


Internal statistics:

num_allocs_failed_limit: 0.
num_arena_births: 98.
num_arena_deaths: 0.
num_vsnodes_births: 2.
num_vsnodes_deaths: 0.
num_space_committed: 247.
num_space_uncommitted: 0.
num_chunks_returned_to_freelist: 0.
num_chunks_taken_from_freelist: 644.
num_chunk_merges: 0.
num_chunk_splits: 440.
num_chunks_enlarged: 341.
num_inconsistent_stats: 0.

CodeHeap 'non-profiled nmethods': size=120000Kb used=1325Kb max_used=1325Kb free=118674Kb
 bounds [0x00000277dddf0000, 0x00000277de060000, 0x00000277e5320000]
CodeHeap 'profiled nmethods': size=120000Kb used=6895Kb max_used=6895Kb free=113104Kb
 bounds [0x00000277d6320000, 0x00000277d69e0000, 0x00000277dd850000]
CodeHeap 'non-nmethods': size=5760Kb used=1179Kb max_used=1229Kb free=4580Kb
 bounds [0x00000277dd850000, 0x00000277ddac0000, 0x00000277dddf0000]
 total_blobs=3914 nmethods=3441 adapters=385
 compilation: enabled
              stopped_count=0, restarted_count=0
 full_count=0

Compilation events (20 events):
Event: 15.240 Thread 0x00000277f1bedc70 nmethod 3405 0x00000277d69b7390 code [0x00000277d69b7620, 0x00000277d69b8448]
Event: 15.250 Thread 0x00000277f1bd5de0 nmethod 3148 0x00000277ddf37690 code [0x00000277ddf37820, 0x00000277ddf37d58]
Event: 15.250 Thread 0x00000277f1bd5de0 3403       4       org.codehaus.plexus.util.xml.pull.MXParser::parseStartTag (1190 bytes)
Event: 15.273 Thread 0x00000277f1bedc70 3406       3       org.apache.maven.model.ModelBase::getRepositories (23 bytes)
Event: 15.273 Thread 0x00000277f1bedc70 nmethod 3406 0x00000277d69b8810 code [0x00000277d69b89e0, 0x00000277d69b8dd8]
Event: 15.341 Thread 0x00000277f1bedc70 3407       1       org.apache.maven.model.Parent::setVersion (6 bytes)
Event: 15.341 Thread 0x00000277f1bedc70 nmethod 3407 0x00000277ddf37f90 code [0x00000277ddf38120, 0x00000277ddf38238]
Event: 15.343 Thread 0x00000277f1bedc70 3408       3       org.apache.maven.model.Model::getContributors (23 bytes)
Event: 15.343 Thread 0x00000277f1bedc70 nmethod 3408 0x00000277d69b8f10 code [0x00000277d69b90e0, 0x00000277d69b94f8]
Event: 15.343 Thread 0x00000277f1bedc70 3409       3       org.apache.maven.model.ModelBase::setLocation (390 bytes)
Event: 15.343 Thread 0x00000277f1bedc70 nmethod 3409 0x00000277d69b9610 code [0x00000277d69b99a0, 0x00000277d69bb608]
Event: 15.344 Thread 0x00000277f1bedc70 3410       3       org.apache.maven.model.building.DefaultModelBuildingRequest::getUserProperties (23 bytes)
Event: 15.344 Thread 0x00000277f1bedc70 nmethod 3410 0x00000277d69bba10 code [0x00000277d69bbbc0, 0x00000277d69bbea8]
Event: 15.344 Thread 0x00000277f1bedc70 3412       1       org.eclipse.aether.resolution.ArtifactDescriptorResult::getDependencies (5 bytes)
Event: 15.344 Thread 0x00000277f1bedc70 nmethod 3412 0x00000277ddf38290 code [0x00000277ddf38420, 0x00000277ddf384f8]
Event: 15.344 Thread 0x00000277f1bedc70 3411       1       org.apache.maven.model.Scm::setUrl (6 bytes)
Event: 15.344 Thread 0x00000277f1bedc70 nmethod 3411 0x00000277ddf38590 code [0x00000277ddf38720, 0x00000277ddf38838]
Event: 16.336 Thread 0x00000277f1bedc70 3413       3       java.nio.ByteBuffer::wrap (8 bytes)
Event: 16.337 Thread 0x00000277f1bedc70 nmethod 3413 0x00000277d69bbf90 code [0x00000277d69bc120, 0x00000277d69bc248]
Event: 16.549 Thread 0x00000277f1bedc70 3414   !   3       java.io.StringReader::read (105 bytes)

GC Heap History (4 events):
Event: 2.455 GC heap before
{Heap before GC invocations=0 (full 0):
 garbage-first heap   total 260096K, used 22528K [0x0000000702000000, 0x0000000800000000)
  region size 2048K, 11 young (22528K), 0 survivors (0K)
 Metaspace       used 5732K, committed 5952K, reserved 1114112K
  class space    used 682K, committed 768K, reserved 1048576K
}
Event: 2.473 GC heap after
{Heap after GC invocations=1 (full 0):
 garbage-first heap   total 260096K, used 3934K [0x0000000702000000, 0x0000000800000000)
  region size 2048K, 2 young (4096K), 2 survivors (4096K)
 Metaspace       used 5732K, committed 5952K, reserved 1114112K
  class space    used 682K, committed 768K, reserved 1048576K
}
Event: 3.250 GC heap before
{Heap before GC invocations=1 (full 0):
 garbage-first heap   total 260096K, used 32606K [0x0000000702000000, 0x0000000800000000)
  region size 2048K, 16 young (32768K), 2 survivors (4096K)
 Metaspace       used 9232K, committed 9344K, reserved 1114112K
  class space    used 1110K, committed 1152K, reserved 1048576K
}
Event: 3.253 GC heap after
{Heap after GC invocations=2 (full 0):
 garbage-first heap   total 260096K, used 5426K [0x0000000702000000, 0x0000000800000000)
  region size 2048K, 1 young (2048K), 1 survivors (2048K)
 Metaspace       used 9232K, committed 9344K, reserved 1114112K
  class space    used 1110K, committed 1152K, reserved 1048576K
}

Deoptimization events (20 events):
Event: 15.089 Thread 0x00000277cea627f0 DEOPT PACKING pc=0x00000277d6950abd sp=0x0000007e409fbcc0
Event: 15.089 Thread 0x00000277cea627f0 DEOPT UNPACKING pc=0x00000277dd8a2b43 sp=0x0000007e409fb1c8 mode 0
Event: 15.111 Thread 0x00000277cea627f0 DEOPT PACKING pc=0x00000277d6950abd sp=0x0000007e409fc490
Event: 15.111 Thread 0x00000277cea627f0 DEOPT UNPACKING pc=0x00000277dd8a2b43 sp=0x0000007e409fb998 mode 0
Event: 15.112 Thread 0x00000277cea627f0 DEOPT PACKING pc=0x00000277d6950abd sp=0x0000007e409fc530
Event: 15.112 Thread 0x00000277cea627f0 DEOPT UNPACKING pc=0x00000277dd8a2b43 sp=0x0000007e409fba38 mode 0
Event: 15.136 Thread 0x00000277cea627f0 DEOPT PACKING pc=0x00000277d6950abd sp=0x0000007e409fc1b0
Event: 15.136 Thread 0x00000277cea627f0 DEOPT UNPACKING pc=0x00000277dd8a2b43 sp=0x0000007e409fb6c0 mode 0
Event: 15.169 Thread 0x00000277cea627f0 Uncommon trap: trap_request=0xffffff45 fr.pc=0x00000277dde9656c relative=0x00000000000002ac
Event: 15.169 Thread 0x00000277cea627f0 Uncommon trap: reason=unstable_if action=reinterpret pc=0x00000277dde9656c method=java.util.HashMap.hash(Ljava/lang/Object;)I @ 1 c2
Event: 15.169 Thread 0x00000277cea627f0 DEOPT PACKING pc=0x00000277dde9656c sp=0x0000007e409fd0a0
Event: 15.169 Thread 0x00000277cea627f0 DEOPT UNPACKING pc=0x00000277dd8a23a3 sp=0x0000007e409fcf98 mode 2
Event: 15.169 Thread 0x00000277cea627f0 Uncommon trap: trap_request=0xffffff45 fr.pc=0x00000277dde62118 relative=0x0000000000000098
Event: 15.169 Thread 0x00000277cea627f0 Uncommon trap: reason=unstable_if action=reinterpret pc=0x00000277dde62118 method=java.util.HashMap.hash(Ljava/lang/Object;)I @ 1 c2
Event: 15.169 Thread 0x00000277cea627f0 DEOPT PACKING pc=0x00000277dde62118 sp=0x0000007e409fcff0
Event: 15.170 Thread 0x00000277cea627f0 DEOPT UNPACKING pc=0x00000277dd8a23a3 sp=0x0000007e409fcf88 mode 2
Event: 15.177 Thread 0x00000277cea627f0 DEOPT PACKING pc=0x00000277d65585d9 sp=0x0000007e409fcbf0
Event: 15.177 Thread 0x00000277cea627f0 DEOPT UNPACKING pc=0x00000277dd8a2b43 sp=0x0000007e409fc170 mode 0
Event: 15.231 Thread 0x00000277cea627f0 DEOPT PACKING pc=0x00000277d6950abd sp=0x0000007e409fbcd0
Event: 15.231 Thread 0x00000277cea627f0 DEOPT UNPACKING pc=0x00000277dd8a2b43 sp=0x0000007e409fb1d8 mode 0

Classes unloaded (0 events):
No events

Classes redefined (0 events):
No events

Internal exceptions (20 events):
Event: 2.319 Thread 0x00000277cea627f0 Exception <a 'java/lang/NoSuchMethodError'{0x0000000710ffe260}: 'java.lang.Object java.lang.invoke.Invokers$Holder.invokeExact_MT(java.lang.Object, java.lang.Object, java.lang.Object, java.lang.Object, java.lang.Object, java.lang.Object)'> (0x0000000710ffe260) 
thrown [s\open\src\hotspot\share\interpreter\linkResolver.cpp, line 759]
Event: 2.320 Thread 0x00000277cea627f0 Exception <a 'java/lang/NoSuchMethodError'{0x0000000710c0fc00}: 'int java.lang.invoke.DirectMethodHandle$Holder.invokeSpecialIFC(java.lang.Object, java.lang.Object, java.lang.Object, java.lang.Object, java.lang.Object)'> (0x0000000710c0fc00) 
thrown [s\open\src\hotspot\share\interpreter\linkResolver.cpp, line 759]
Event: 2.348 Thread 0x00000277cea627f0 Exception <a 'java/lang/NoSuchMethodError'{0x0000000710dbbb90}: 'java.lang.Object java.lang.invoke.DirectMethodHandle$Holder.newInvokeSpecial(java.lang.Object, java.lang.Object, java.lang.Object, java.lang.Object, java.lang.Object)'> (0x0000000710dbbb90) 
thrown [s\open\src\hotspot\share\interpreter\linkResolver.cpp, line 759]
Event: 2.388 Thread 0x00000277cea627f0 Exception <a 'java/lang/NoSuchMethodError'{0x0000000710ac1920}: 'int java.lang.invoke.DirectMethodHandle$Holder.invokeStaticInit(java.lang.Object, java.lang.Object)'> (0x0000000710ac1920) 
thrown [s\open\src\hotspot\share\interpreter\linkResolver.cpp, line 759]
Event: 2.393 Thread 0x00000277cea627f0 Exception <a 'java/lang/NoClassDefFoundError'{0x0000000710afb310}: javax/enterprise/inject/Typed> (0x0000000710afb310) 
thrown [s\open\src\hotspot\share\classfile\systemDictionary.cpp, line 245]
Event: 3.372 Thread 0x00000277cea627f0 Exception <a 'java/lang/NoSuchMethodError'{0x00000007116b7ef8}: 'void java.lang.invoke.DirectMethodHandle$Holder.invokeStaticInit(java.lang.Object, java.lang.Object, java.lang.Object)'> (0x00000007116b7ef8) 
thrown [s\open\src\hotspot\share\interpreter\linkResolver.cpp, line 759]
Event: 3.375 Thread 0x00000277cea627f0 Exception <a 'java/lang/ExceptionInInitializerError'{0x00000007116e3a18}> (0x00000007116e3a18) 
thrown [s\open\src\hotspot\share\oops\instanceKlass.cpp, line 1216]
Event: 3.433 Thread 0x00000277cea627f0 Implicit null exception at 0x00000277dde8102f to 0x00000277dde81194
Event: 3.434 Thread 0x00000277cea627f0 Exception <a 'java/lang/NoSuchMethodError'{0x00000007117f5ac8}: 'java.lang.Object java.lang.invoke.Invokers$Holder.invokeExact_MT(java.lang.Object, int, java.lang.Object)'> (0x00000007117f5ac8) 
thrown [s\open\src\hotspot\share\interpreter\linkResolver.cpp, line 759]
Event: 3.480 Thread 0x00000277cea627f0 Exception <a 'java/lang/NoSuchMethodError'{0x00000007114864f8}: 'int java.lang.invoke.DirectMethodHandle$Holder.invokeSpecial(java.lang.Object, java.lang.Object, java.lang.Object, java.lang.Object)'> (0x00000007114864f8) 
thrown [s\open\src\hotspot\share\interpreter\linkResolver.cpp, line 759]
Event: 3.908 Thread 0x00000277cea627f0 Exception <a 'java/lang/NoClassDefFoundError'{0x0000000710cb0758}: com/google/inject/servlet/ServletModuleTargetVisitor> (0x0000000710cb0758) 
thrown [s\open\src\hotspot\share\classfile\systemDictionary.cpp, line 245]
Event: 3.997 Thread 0x00000277cea627f0 Exception <a 'java/lang/NoSuchMethodError'{0x0000000710b2f350}: 'void java.lang.invoke.DirectMethodHandle$Holder.invokeVirtual(java.lang.Object, java.lang.Object)'> (0x0000000710b2f350) 
thrown [s\open\src\hotspot\share\interpreter\linkResolver.cpp, line 759]
Event: 4.031 Thread 0x00000277cea627f0 Exception <a 'java/lang/NoSuchMethodError'{0x0000000710bb7c08}: 'java.lang.Object java.lang.invoke.DirectMethodHandle$Holder.invokeStaticInit(java.lang.Object, int, int, int, int)'> (0x0000000710bb7c08) 
thrown [s\open\src\hotspot\share\interpreter\linkResolver.cpp, line 759]
Event: 4.916 Thread 0x00000277cea627f0 Implicit null exception at 0x00000277ddeedab3 to 0x00000277ddeedbac
Event: 4.916 Thread 0x00000277cea627f0 Implicit null exception at 0x00000277dde90b8f to 0x00000277dde90dc4
Event: 4.916 Thread 0x00000277cea627f0 Implicit null exception at 0x00000277dde24360 to 0x00000277dde243fa
Event: 15.169 Thread 0x00000277cea627f0 Implicit null exception at 0x00000277dde9630f to 0x00000277dde96554
Event: 15.169 Thread 0x00000277cea627f0 Implicit null exception at 0x00000277dde6208f to 0x00000277dde62109
Event: 15.202 Thread 0x00000277cea627f0 Exception <a 'java/lang/NoSuchMethodError'{0x000000070e7b8d30}: 'java.lang.Object java.lang.invoke.DirectMethodHandle$Holder.newInvokeSpecial(java.lang.Object, java.lang.Object, java.lang.Object, java.lang.Object, java.lang.Object, java.lang.Object, java.lang.Object)'> (0x000000070e7b8d30) 
thrown [s\open\src\hotspot\share\interpreter\linkResolver.cpp, line 759]
Event: 15.202 Thread 0x00000277cea627f0 Exception <a 'java/lang/NoSuchMethodError'{0x000000070e7bd998}: 'java.lang.Object java.lang.invoke.Invokers$Holder.linkToTargetMethod(java.lang.Object, java.lang.Object, java.lang.Object, java.lang.Object, java.lang.Object, java.lang.Object, java.lang.Object)'> (0x000000070e7bd998) 
thrown [s\open\src\hotspot\share\interpreter\linkResolver.cpp, line 759]

VM Operations (20 events):
Event: 4.081 Executing VM operation: HandshakeAllThreads done
Event: 4.121 Executing VM operation: ICBufferFull
Event: 4.121 Executing VM operation: ICBufferFull done
Event: 4.138 Executing VM operation: HandshakeAllThreads
Event: 4.138 Executing VM operation: HandshakeAllThreads done
Event: 4.138 Executing VM operation: HandshakeAllThreads
Event: 4.138 Executing VM operation: HandshakeAllThreads done
Event: 5.149 Executing VM operation: Cleanup
Event: 5.149 Executing VM operation: Cleanup done
Event: 6.153 Executing VM operation: Cleanup
Event: 6.153 Executing VM operation: Cleanup done
Event: 7.154 Executing VM operation: Cleanup
Event: 10.505 Executing VM operation: Cleanup done
Event: 11.515 Executing VM operation: Cleanup
Event: 11.515 Executing VM operation: Cleanup done
Event: 13.529 Executing VM operation: Cleanup
Event: 15.042 Executing VM operation: Cleanup done
Event: 16.056 Executing VM operation: Cleanup
Event: 16.056 Executing VM operation: Cleanup done
Event: 17.064 Executing VM operation: Cleanup

Events (20 events):
Event: 4.139 loading class java/util/concurrent/locks/ReentrantReadWriteLock$Sync$ThreadLocalHoldCounter done
Event: 4.139 loading class java/util/concurrent/locks/ReentrantReadWriteLock$ReadLock
Event: 4.139 loading class java/util/concurrent/locks/ReentrantReadWriteLock$ReadLock done
Event: 4.139 loading class java/util/concurrent/locks/ReentrantReadWriteLock$WriteLock
Event: 4.139 loading class java/util/concurrent/locks/ReentrantReadWriteLock$WriteLock done
Event: 4.141 loading class java/nio/file/AccessMode
Event: 4.141 loading class java/nio/file/AccessMode done
Event: 4.141 loading class sun/nio/fs/WindowsFileSystemProvider$1
Event: 4.141 loading class sun/nio/fs/WindowsFileSystemProvider$1 done
Event: 4.142 loading class java/util/AbstractMap$2
Event: 4.142 loading class java/util/AbstractMap$2 done
Event: 4.142 loading class java/util/AbstractMap$2$1
Event: 4.142 loading class java/util/AbstractMap$2$1 done
Event: 4.194 loading class java/util/LinkedList$LLSpliterator
Event: 4.194 loading class java/util/LinkedList$LLSpliterator done
Event: 11.008 loading class sun/nio/cs/ISO_8859_1$Decoder
Event: 11.009 loading class sun/nio/cs/ISO_8859_1$Decoder done
Event: 11.037 Thread 0x00000277f6d60e80 Thread added: 0x00000277f6d60e80
Event: 11.303 Thread 0x00000277f6d60e80 Thread exited: 0x00000277f6d60e80
Event: 12.914 Thread 0x00000277f6c37410 Thread added: 0x00000277f6c37410


Dynamic libraries:
0x00007ff67e230000 - 0x00007ff67e240000 	C:\Program Files\Java\jdk-17\bin\java.exe
0x00007ff919410000 - 0x00007ff919608000 	C:\Windows\SYSTEM32\ntdll.dll
0x00007ff918cc0000 - 0x00007ff918d7f000 	C:\Windows\System32\KERNEL32.DLL
0x00007ff916cf0000 - 0x00007ff916fe6000 	C:\Windows\System32\KERNELBASE.dll
0x00007ff916ff0000 - 0x00007ff9170f0000 	C:\Windows\System32\ucrtbase.dll
0x00007ff9126b0000 - 0x00007ff9126c9000 	C:\Program Files\Java\jdk-17\bin\jli.dll
0x00007ff918990000 - 0x00007ff918a3f000 	C:\Windows\System32\ADVAPI32.dll
0x00007ff9190d0000 - 0x00007ff91916e000 	C:\Windows\System32\msvcrt.dll
0x00007ff918d80000 - 0x00007ff918e1c000 	C:\Windows\System32\sechost.dll
0x00007ff918e50000 - 0x00007ff918f76000 	C:\Windows\System32\RPCRT4.dll
0x00007ff917470000 - 0x00007ff91760d000 	C:\Windows\System32\USER32.dll
0x00007ff917440000 - 0x00007ff917462000 	C:\Windows\System32\win32u.dll
0x00007ff919030000 - 0x00007ff91905c000 	C:\Windows\System32\GDI32.dll
0x00007ff9171a0000 - 0x00007ff9172b5000 	C:\Windows\System32\gdi32full.dll
0x00007ff916af0000 - 0x00007ff916b8d000 	C:\Windows\System32\msvcp_win.dll
0x00007ff9114a0000 - 0x00007ff9114bb000 	C:\Program Files\Java\jdk-17\bin\VCRUNTIME140.dll
0x00007ff8fce00000 - 0x00007ff8fd09a000 	C:\Windows\WinSxS\amd64_microsoft.windows.common-controls_6595b64144ccf1df_6.0.19041.1110_none_60b5254171f9507e\COMCTL32.dll
0x00007ff9106b0000 - 0x00007ff9106ba000 	C:\Windows\SYSTEM32\VERSION.dll
0x00007ff918e20000 - 0x00007ff918e50000 	C:\Windows\System32\IMM32.DLL
0x00007ff913330000 - 0x00007ff91333c000 	C:\Program Files\Java\jdk-17\bin\vcruntime140_1.dll
0x00007ff910f70000 - 0x00007ff910ffe000 	C:\Program Files\Java\jdk-17\bin\msvcp140.dll
0x00007ff8daca0000 - 0x00007ff8db87f000 	C:\Program Files\Java\jdk-17\bin\server\jvm.dll
0x00007ff918bd0000 - 0x00007ff918bd8000 	C:\Windows\System32\PSAPI.DLL
0x00007ff8fda40000 - 0x00007ff8fda49000 	C:\Windows\SYSTEM32\WSOCK32.dll
0x00007ff8ffe20000 - 0x00007ff8ffe47000 	C:\Windows\SYSTEM32\WINMM.dll
0x00007ff919060000 - 0x00007ff9190cb000 	C:\Windows\System32\WS2_32.dll
0x00007ff914b70000 - 0x00007ff914b82000 	C:\Windows\SYSTEM32\kernel.appcore.dll
0x00007ff912760000 - 0x00007ff91276a000 	C:\Program Files\Java\jdk-17\bin\jimage.dll
0x00007ff914570000 - 0x00007ff914754000 	C:\Windows\SYSTEM32\DBGHELP.DLL
0x00007ff8fdaf0000 - 0x00007ff8fdb24000 	C:\Windows\SYSTEM32\dbgcore.DLL
0x00007ff9172f0000 - 0x00007ff917372000 	C:\Windows\System32\bcryptPrimitives.dll
0x00007ff912740000 - 0x00007ff91274e000 	C:\Program Files\Java\jdk-17\bin\instrument.dll
0x00007ff90fd90000 - 0x00007ff90fdb5000 	C:\Program Files\Java\jdk-17\bin\java.dll
0x00007ff90b4a0000 - 0x00007ff90b577000 	C:\Program Files\Java\jdk-17\bin\jsvml.dll
0x00007ff917c10000 - 0x00007ff918354000 	C:\Windows\System32\SHELL32.dll
0x00007ff914b90000 - 0x00007ff915323000 	C:\Windows\SYSTEM32\windows.storage.dll
0x00007ff918360000 - 0x00007ff9186b4000 	C:\Windows\System32\combase.dll
0x00007ff916530000 - 0x00007ff91655e000 	C:\Windows\SYSTEM32\Wldp.dll
0x00007ff919170000 - 0x00007ff91921d000 	C:\Windows\System32\SHCORE.dll
0x00007ff918a40000 - 0x00007ff918a95000 	C:\Windows\System32\shlwapi.dll
0x00007ff916a20000 - 0x00007ff916a45000 	C:\Windows\SYSTEM32\profapi.dll
0x00007ff910cf0000 - 0x00007ff910d08000 	C:\Program Files\Java\jdk-17\bin\zip.dll
0x00007ff90f680000 - 0x00007ff90f699000 	C:\Program Files\Java\jdk-17\bin\net.dll
0x00007ff90fa30000 - 0x00007ff90fb3a000 	C:\Windows\SYSTEM32\WINHTTP.dll
0x00007ff916290000 - 0x00007ff9162fa000 	C:\Windows\system32\mswsock.dll
0x00007ff90f660000 - 0x00007ff90f676000 	C:\Program Files\Java\jdk-17\bin\nio.dll
0x00007ff90bec0000 - 0x00007ff90beda000 	C:\Users\LENOVO\Desktop\IntelliJ IDEA 2023.2.1\bin\breakgen64.dll
0x0000000069ac0000 - 0x0000000069ae4000 	C:\Users\LENOVO\AppData\Local\Temp\jansi-2.4.0-b5606334fdc566e6-jansi.dll
0x00007ff910930000 - 0x00007ff910940000 	C:\Program Files\Java\jdk-17\bin\verify.dll

dbghelp: loaded successfully - version: 4.0.5 - missing functions: none
symbol engine: initialized successfully - sym options: 0x614 - pdb path: .;C:\Program Files\Java\jdk-17\bin;C:\Windows\SYSTEM32;C:\Windows\WinSxS\amd64_microsoft.windows.common-controls_6595b64144ccf1df_6.0.19041.1110_none_60b5254171f9507e;C:\Program Files\Java\jdk-17\bin\server;C:\Users\LENOVO\Desktop\IntelliJ IDEA 2023.2.1\bin;C:\Users\LENOVO\AppData\Local\Temp

VM Arguments:
jvm_args: -Dmaven.multiModuleProjectDirectory=C:\projetPIDEV\gestionCours -Djansi.passthrough=true -Dmaven.home=C:\Users\LENOVO\Desktop\IntelliJ IDEA 2023.2.1\plugins\maven\lib\maven3 -Dclassworlds.conf=C:\Users\LENOVO\Desktop\IntelliJ IDEA 2023.2.1\plugins\maven\lib\maven3\bin\m2.conf -Dmaven.ext.class.path=C:\Users\LENOVO\Desktop\IntelliJ IDEA 2023.2.1\plugins\maven\lib\maven-event-listener.jar -javaagent:C:\Users\LENOVO\Desktop\IntelliJ IDEA 2023.2.1\lib\idea_rt.jar=60127:C:\Users\LENOVO\Desktop\IntelliJ IDEA 2023.2.1\bin -Dfile.encoding=UTF-8 
java_command: org.codehaus.classworlds.Launcher -Didea.version=2023.2.1 org.openjfx:javafx-maven-plugin:0.0.8:run
java_class_path (initial): C:\Users\LENOVO\Desktop\IntelliJ IDEA 2023.2.1\plugins\maven\lib\maven3\boot\plexus-classworlds-2.7.0.jar;C:\Users\LENOVO\Desktop\IntelliJ IDEA 2023.2.1\plugins\maven\lib\maven3\boot\plexus-classworlds.license
Launcher Type: SUN_STANDARD

[Global flags]
     intx CICompilerCount                          = 4                                         {product} {ergonomic}
     uint ConcGCThreads                            = 3                                         {product} {ergonomic}
     uint G1ConcRefinementThreads                  = 10                                        {product} {ergonomic}
   size_t G1HeapRegionSize                         = 2097152                                   {product} {ergonomic}
    uintx GCDrainStackTargetSize                   = 64                                        {product} {ergonomic}
   size_t InitialHeapSize                          = 266338304                                 {product} {ergonomic}
   size_t MarkStackSize                            = 4194304                                   {product} {ergonomic}
   size_t MaxHeapSize                              = 4261412864                                {product} {ergonomic}
   size_t MaxNewSize                               = 2556428288                                {product} {ergonomic}
   size_t MinHeapDeltaBytes                        = 2097152                                   {product} {ergonomic}
   size_t MinHeapSize                              = 8388608                                   {product} {ergonomic}
    uintx NonNMethodCodeHeapSize                   = 5839372                                {pd product} {ergonomic}
    uintx NonProfiledCodeHeapSize                  = 122909434                              {pd product} {ergonomic}
    uintx ProfiledCodeHeapSize                     = 122909434                              {pd product} {ergonomic}
    uintx ReservedCodeCacheSize                    = 251658240                              {pd product} {ergonomic}
     bool SegmentedCodeCache                       = true                                      {product} {ergonomic}
   size_t SoftMaxHeapSize                          = 4261412864                             {manageable} {ergonomic}
     bool UseCompressedClassPointers               = true                           {product lp64_product} {ergonomic}
     bool UseCompressedOops                        = true                           {product lp64_product} {ergonomic}
     bool UseG1GC                                  = true                                      {product} {ergonomic}
     bool UseLargePagesIndividualAllocation        = false                                  {pd product} {ergonomic}

Logging:
Log output configuration:
 #0: stdout all=warning uptime,level,tags
 #1: stderr all=off uptime,level,tags

Environment Variables:
PATH=C:\oraclexe\app\oracle\product\11.2.0\server\bin;;C:\Users\LENOVO\.jdks\corretto-17.0.8.1\bin;C:\Program Files\Common Files\Oracle\Java\javapath;C:\oraclexe\app\oracle\product\11.2.0\server\bin;C:\Program Files (x86)\Common Files\Intel\Shared Libraries\redist\intel64\compiler;C:\Windows\system32;C:\Windows;C:\Windows\System32\Wbem;C:\Windows\System32\WindowsPowerShell\v1.0\;C:\Windows\System32\OpenSSH\;C:\Program Files\Git\cmd;C:\Program Files\nodejs\;C:\ProgramData\chocolatey\bin;C:\Strawberry\c\bin;C:\Strawberry\perl\site\bin;C:\Strawberry\perl\bin;C:\instantclient12_2;C:\oraclexe\app\oracle\admin\XE;C:\oraclexe;C:\ProgramData\ComposerSetup\bin;C:\Users\LENOVO\scoop\shims;C:\Users\LENOVO\AppData\Local\Microsoft\WindowsApps;C:\Users\LENOVO\AppData\Local\Programs\Microsoft VS Code\bin;C:\Users\LENOVO\AppData\Roaming\npm;C:\Users\LENOVO\AppData\Local\atom\bin;C:\Program Files\JetBrains\IntelliJ IDEA 2023.2.1\bin;;C:\Users\LENOVO\AppData\Local\GitHubDesktop\bin;C:\xampp\php;C:\Users\LENOVO\AppData\Roaming\Composer\vendor\bin;C:\Users\LENOVO\Downloads;C:\Flex Windows\gcc\bin;C:\Flex Windows\Lex\bin;C:\Flex Windows\bison\bin
USERNAME=LENOVO
OS=Windows_NT
PROCESSOR_IDENTIFIER=Intel64 Family 6 Model 165 Stepping 2, GenuineIntel



---------------  S Y S T E M  ---------------

OS:
 Windows 10 , 64 bit Build 19041 (10.0.19041.3155)
OS uptime: 7 days 3:24 hours

CPU: total 12 (initial active 12) (6 cores per cpu, 2 threads per core) family 6 model 165 stepping 2 microcode 0xe2, cx8, cmov, fxsr, ht, mmx, 3dnowpref, sse, sse2, sse3, ssse3, sse4.1, sse4.2, popcnt, lzcnt, tsc, tscinvbit, avx, avx2, aes, erms, clmul, bmi1, bmi2, adx, fma, vzeroupper, clflush, clflushopt

Memory: 4k page, system-wide physical 16251M (926M free)
TotalPageFile size 37291M (AvailPageFile size 1853M)
current process WorkingSet (physical memory assigned to process): 145M, peak: 145M
current process commit charge ("private bytes"): 389M, peak: 389M

vm_info: Java HotSpot(TM) 64-Bit Server VM (17.0.10+11-LTS-240) for windows-amd64 JRE (17.0.10+11-LTS-240), built on Dec 19 2023 21:47:25 by "mach5one" with MS VC++ 17.1 (VS2022)

END.
