#
# There is insufficient memory for the Java Runtime Environment to continue.
# Native memory allocation (malloc) failed to allocate 740656 bytes for Chunk::new
# Possible reasons:
#   The system is out of physical RAM or swap space
#   The process is running with CompressedOops enabled, and the Java Heap may be blocking the growth of the native heap
# Possible solutions:
#   Reduce memory load on the system
#   Increase physical memory or swap space
#   Check if swap backing store is full
#   Decrease Java heap size (-Xmx/-Xms)
#   Decrease number of Java threads
#   Decrease Java thread stack sizes (-Xss)
#   Set larger code cache with -XX:ReservedCodeCacheSize=
#   JVM is running with Zero Based Compressed Oops mode in which the Java heap is
#     placed in the first 32GB address space. The Java Heap base address is the
#     maximum limit for the native heap growth. Please use -XX:HeapBaseMinAddress
#     to set the Java Heap base and to place the Java Heap above 32GB virtual address.
# This output file may be truncated or incomplete.
#
#  Out of Memory Error (arena.cpp:189), pid=20868, tid=22228
#
# JRE version: Java(TM) SE Runtime Environment (17.0.10+11) (build 17.0.10+11-LTS-240)
# Java VM: Java HotSpot(TM) 64-Bit Server VM (17.0.10+11-LTS-240, mixed mode, sharing, tiered, compressed oops, compressed class ptrs, g1 gc, windows-amd64)
# No core dump will be written. Minidumps are not enabled by default on client versions of Windows
#

---------------  S U M M A R Y ------------

Command Line: --module-path=C:\Users\LENOVO\.m2\repository\org\openjfx\javafx-base\21.0.2\javafx-base-21.0.2-win.jar;C:\Users\LENOVO\.m2\repository\org\openjfx\javafx-base\21.0.2\javafx-base-21.0.2.jar;C:\Users\LENOVO\.m2\repository\org\openjfx\javafx-controls\21.0.2\javafx-controls-21.0.2-win.jar;C:\Users\LENOVO\.m2\repository\org\openjfx\javafx-controls\21.0.2\javafx-controls-21.0.2.jar;C:\Users\LENOVO\.m2\repository\org\openjfx\javafx-fxml\21.0.2\javafx-fxml-21.0.2-win.jar;C:\Users\LENOVO\.m2\repository\org\openjfx\javafx-fxml\21.0.2\javafx-fxml-21.0.2.jar;C:\Users\LENOVO\.m2\repository\org\openjfx\javafx-graphics\21.0.2\javafx-graphics-21.0.2-win.jar;C:\Users\LENOVO\.m2\repository\org\openjfx\javafx-graphics\21.0.2\javafx-graphics-21.0.2.jar;C:\Users\LENOVO\.m2\repository\org\openjfx\javafx-media\21.0.2\javafx-media-21.0.2-win.jar;C:\Users\LENOVO\.m2\repository\org\openjfx\javafx-media\21.0.2\javafx-media-21.0.2.jar --add-modules=javafx.base,javafx.controls,javafx.fxml,javafx.graphics,javafx.media edu.esprit.tests.MainFx

Host: Intel(R) Core(TM) i7-10750H CPU @ 2.60GHz, 12 cores, 15G,  Windows 10 , 64 bit Build 19041 (10.0.19041.3155)
Time: Tue Mar  5 12:46:07 2024 Paris, Madrid elapsed time: 16.652594 seconds (0d 0h 0m 16s)

---------------  T H R E A D  ---------------

Current thread (0x000001fda7ea8b80):  JavaThread "C2 CompilerThread0" daemon [_thread_in_native, id=22228, stack(0x0000003f07400000,0x0000003f07500000)]


Current CompileTask:
C2:  16652 2487       4       java.lang.invoke.MethodType::makeImpl (109 bytes)

Stack: [0x0000003f07400000,0x0000003f07500000]
Native frames: (J=compiled Java code, j=interpreted, Vv=VM code, C=native code)
V  [jvm.dll+0x677a5a]
V  [jvm.dll+0x7d8b2d]
V  [jvm.dll+0x7da48e]
V  [jvm.dll+0x7daaf3]
V  [jvm.dll+0x2455ff]
V  [jvm.dll+0xaaafb]
V  [jvm.dll+0xab09c]
V  [jvm.dll+0x2aafef]
V  [jvm.dll+0x57fd55]
V  [jvm.dll+0x220472]
V  [jvm.dll+0x219070]
V  [jvm.dll+0x216c79]
V  [jvm.dll+0x1a3410]
V  [jvm.dll+0x226aeb]
V  [jvm.dll+0x224cab]
V  [jvm.dll+0x78e45c]
V  [jvm.dll+0x78888a]
V  [jvm.dll+0x676935]
C  [ucrtbase.dll+0x21bb2]
C  [KERNEL32.DLL+0x17614]
C  [ntdll.dll+0x526b1]


---------------  P R O C E S S  ---------------

Threads class SMR info:
_java_thread_list=0x000001fdf3511f90, length=19, elements={
0x000001fd84d32cb0, 0x000001fda7e8d870, 0x000001fda7e8ed00, 0x000001fda7ea2f70,
0x000001fda7ea4a50, 0x000001fda7ea7420, 0x000001fda7ea7de0, 0x000001fda7ea8b80,
0x000001fda7ea9630, 0x000001fded057fd0, 0x000001fded0aace0, 0x000001fded2fc540,
0x000001fded7918b0, 0x000001fded817b80, 0x000001fded85b3f0, 0x000001fded353920,
0x000001fded14ef60, 0x000001fdf2698ff0, 0x000001fdf26985d0
}

Java Threads: ( => current thread )
  0x000001fd84d32cb0 JavaThread "main" [_thread_blocked, id=17100, stack(0x0000003f06700000,0x0000003f06800000)]
  0x000001fda7e8d870 JavaThread "Reference Handler" daemon [_thread_blocked, id=24676, stack(0x0000003f06e00000,0x0000003f06f00000)]
  0x000001fda7e8ed00 JavaThread "Finalizer" daemon [_thread_blocked, id=6056, stack(0x0000003f06f00000,0x0000003f07000000)]
  0x000001fda7ea2f70 JavaThread "Signal Dispatcher" daemon [_thread_blocked, id=16644, stack(0x0000003f07000000,0x0000003f07100000)]
  0x000001fda7ea4a50 JavaThread "Attach Listener" daemon [_thread_blocked, id=11796, stack(0x0000003f07100000,0x0000003f07200000)]
  0x000001fda7ea7420 JavaThread "Service Thread" daemon [_thread_blocked, id=10568, stack(0x0000003f07200000,0x0000003f07300000)]
  0x000001fda7ea7de0 JavaThread "Monitor Deflation Thread" daemon [_thread_blocked, id=7476, stack(0x0000003f07300000,0x0000003f07400000)]
=>0x000001fda7ea8b80 JavaThread "C2 CompilerThread0" daemon [_thread_in_native, id=22228, stack(0x0000003f07400000,0x0000003f07500000)]
  0x000001fda7ea9630 JavaThread "C1 CompilerThread0" daemon [_thread_in_native, id=15864, stack(0x0000003f07500000,0x0000003f07600000)]
  0x000001fded057fd0 JavaThread "Sweeper thread" daemon [_thread_blocked, id=26220, stack(0x0000003f07600000,0x0000003f07700000)]
  0x000001fded0aace0 JavaThread "Common-Cleaner" daemon [_thread_blocked, id=27816, stack(0x0000003f07700000,0x0000003f07800000)]
  0x000001fded2fc540 JavaThread "Notification Thread" daemon [_thread_blocked, id=29012, stack(0x0000003f07800000,0x0000003f07900000)]
  0x000001fded7918b0 JavaThread "QuantumRenderer-0" daemon [_thread_blocked, id=20964, stack(0x0000003f07a00000,0x0000003f07b00000)]
  0x000001fded817b80 JavaThread "InvokeLaterDispatcher" daemon [_thread_blocked, id=28484, stack(0x0000003f07b00000,0x0000003f07c00000)]
  0x000001fded85b3f0 JavaThread "JavaFX Application Thread" [_thread_in_native, id=12292, stack(0x0000003f07c00000,0x0000003f07d00000)]
  0x000001fded353920 JavaThread "JavaFX-Launcher" [_thread_blocked, id=13100, stack(0x0000003f08100000,0x0000003f08200000)]
  0x000001fded14ef60 JavaThread "Thread-2" daemon [_thread_in_native, id=9724, stack(0x0000003f08000000,0x0000003f08100000)]
  0x000001fdf2698ff0 JavaThread "mysql-cj-abandoned-connection-cleanup" daemon [_thread_blocked, id=26564, stack(0x0000003f08800000,0x0000003f08900000)]
  0x000001fdf26985d0 JavaThread "Prism Font Disposer" daemon [_thread_blocked, id=20908, stack(0x0000003f09100000,0x0000003f09200000)]

Other Threads:
  0x000001fda7e867f0 VMThread "VM Thread" [stack: 0x0000003f06d00000,0x0000003f06e00000] [id=10960]
  0x000001fded155560 WatcherThread [stack: 0x0000003f07900000,0x0000003f07a00000] [id=11208]
  0x000001fd84d9e590 GCTaskThread "GC Thread#0" [stack: 0x0000003f06800000,0x0000003f06900000] [id=27152]
  0x000001fded151a40 GCTaskThread "GC Thread#1" [stack: 0x0000003f08200000,0x0000003f08300000] [id=23712]
  0x000001fded1f80d0 GCTaskThread "GC Thread#2" [stack: 0x0000003f08300000,0x0000003f08400000] [id=26148]
  0x000001fded0a2590 GCTaskThread "GC Thread#3" [stack: 0x0000003f08400000,0x0000003f08500000] [id=7896]
  0x000001fded1fd200 GCTaskThread "GC Thread#4" [stack: 0x0000003f08500000,0x0000003f08600000] [id=17348]
  0x000001fded0a70f0 GCTaskThread "GC Thread#5" [stack: 0x0000003f08600000,0x0000003f08700000] [id=11604]
  0x000001fdf347a080 GCTaskThread "GC Thread#6" [stack: 0x0000003f08900000,0x0000003f08a00000] [id=15200]
  0x000001fdf317d290 GCTaskThread "GC Thread#7" [stack: 0x0000003f08a00000,0x0000003f08b00000] [id=25912]
  0x000001fdf358ff30 GCTaskThread "GC Thread#8" [stack: 0x0000003f08b00000,0x0000003f08c00000] [id=27588]
  0x000001fdf35901f0 GCTaskThread "GC Thread#9" [stack: 0x0000003f08c00000,0x0000003f08d00000] [id=22764]
  0x000001fd84db02f0 ConcurrentGCThread "G1 Main Marker" [stack: 0x0000003f06900000,0x0000003f06a00000] [id=3624]
  0x000001fd84db0d00 ConcurrentGCThread "G1 Conc#0" [stack: 0x0000003f06a00000,0x0000003f06b00000] [id=16168]
  0x000001fd84e0cb50 ConcurrentGCThread "G1 Refine#0" [stack: 0x0000003f06b00000,0x0000003f06c00000] [id=15768]
  0x000001fd84e0d580 ConcurrentGCThread "G1 Service" [stack: 0x0000003f06c00000,0x0000003f06d00000] [id=29660]

Threads with active compile tasks:
C2 CompilerThread0    20009 2487       4       java.lang.invoke.MethodType::makeImpl (109 bytes)
C1 CompilerThread0    20009 2525       3       java.lang.invoke.AbstractValidatingLambdaMetafactory::validateMetafactoryArgs (607 bytes)

VM state: not at safepoint (normal execution)

VM Mutex/Monitor currently owned by a thread: None

Heap address: 0x0000000702000000, size: 4064 MB, Compressed Oops mode: Zero based, Oop shift amount: 3

CDS archive(s) mapped at: [0x000001fda8000000-0x000001fda8bd0000-0x000001fda8bd0000), size 12386304, SharedBaseAddress: 0x000001fda8000000, ArchiveRelocationMode: 1.
Compressed class space mapped at: 0x000001fda9000000-0x000001fde9000000, reserved size: 1073741824
Narrow klass base: 0x000001fda8000000, Narrow klass shift: 0, Narrow klass range: 0x100000000

GC Precious Log:
 CPUs: 12 total, 12 available
 Memory: 16251M
 Large Page Support: Disabled
 NUMA Support: Disabled
 Compressed Oops: Enabled (Zero based)
 Heap Region Size: 2M
 Heap Min Capacity: 8M
 Heap Initial Capacity: 254M
 Heap Max Capacity: 4064M
 Pre-touch: Disabled
 Parallel Workers: 10
 Concurrent Workers: 3
 Concurrent Refinement Workers: 10
 Periodic GC: Disabled

Heap:
 garbage-first heap   total 260096K, used 70620K [0x0000000702000000, 0x0000000800000000)
  region size 2048K, 17 young (34816K), 3 survivors (6144K)
 Metaspace       used 19416K, committed 19712K, reserved 1114112K
  class space    used 2936K, committed 3072K, reserved 1048576K

Heap Regions: E=young(eden), S=young(survivor), O=old, HS=humongous(starts), HC=humongous(continues), CS=collection set, F=free, OA=open archive, CA=closed archive, TAMS=top-at-mark-start (previous, next)
|   0|0x0000000702000000, 0x0000000702200000, 0x0000000702200000|100%|HS|  |TAMS 0x0000000702000000, 0x0000000702000000| Complete 
|   1|0x0000000702200000, 0x0000000702400000, 0x0000000702400000|100%|HS|  |TAMS 0x0000000702200000, 0x0000000702200000| Complete 
|   2|0x0000000702400000, 0x0000000702600000, 0x0000000702600000|100%|HC|  |TAMS 0x0000000702400000, 0x0000000702400000| Complete 
|   3|0x0000000702600000, 0x0000000702800000, 0x0000000702800000|100%|HS|  |TAMS 0x0000000702600000, 0x0000000702600000| Complete 
|   4|0x0000000702800000, 0x0000000702a00000, 0x0000000702a00000|100%|HC|  |TAMS 0x0000000702800000, 0x0000000702800000| Complete 
|   5|0x0000000702a00000, 0x0000000702c00000, 0x0000000702c00000|100%|HS|  |TAMS 0x0000000702a00000, 0x0000000702a00000| Complete 
|   6|0x0000000702c00000, 0x0000000702e00000, 0x0000000702e00000|100%|HC|  |TAMS 0x0000000702c00000, 0x0000000702c00000| Complete 
|   7|0x0000000702e00000, 0x0000000703000000, 0x0000000703000000|100%|HS|  |TAMS 0x0000000702e00000, 0x0000000702e00000| Complete 
|   8|0x0000000703000000, 0x0000000703200000, 0x0000000703200000|100%|HC|  |TAMS 0x0000000703000000, 0x0000000703000000| Complete 
|   9|0x0000000703200000, 0x0000000703400000, 0x0000000703400000|100%|HS|  |TAMS 0x0000000703200000, 0x0000000703200000| Complete 
|  10|0x0000000703400000, 0x0000000703600000, 0x0000000703600000|100%|HS|  |TAMS 0x0000000703400000, 0x0000000703400000| Complete 
|  11|0x0000000703600000, 0x0000000703800000, 0x0000000703800000|100%|HS|  |TAMS 0x0000000703600000, 0x0000000703600000| Complete 
|  12|0x0000000703800000, 0x0000000703a00000, 0x0000000703a00000|100%|HC|  |TAMS 0x0000000703800000, 0x0000000703800000| Complete 
|  13|0x0000000703a00000, 0x0000000703c00000, 0x0000000703c00000|100%|HS|  |TAMS 0x0000000703a00000, 0x0000000703a00000| Complete 
|  14|0x0000000703c00000, 0x0000000703c00000, 0x0000000703e00000|  0%| F|  |TAMS 0x0000000703c00000, 0x0000000703c00000| Untracked 
|  15|0x0000000703e00000, 0x0000000703e00000, 0x0000000704000000|  0%| F|  |TAMS 0x0000000703e00000, 0x0000000703e00000| Untracked 
|  16|0x0000000704000000, 0x0000000704000000, 0x0000000704200000|  0%| F|  |TAMS 0x0000000704000000, 0x0000000704000000| Untracked 
|  17|0x0000000704200000, 0x0000000704200000, 0x0000000704400000|  0%| F|  |TAMS 0x0000000704200000, 0x0000000704200000| Untracked 
|  18|0x0000000704400000, 0x0000000704400000, 0x0000000704600000|  0%| F|  |TAMS 0x0000000704400000, 0x0000000704400000| Untracked 
|  19|0x0000000704600000, 0x0000000704600000, 0x0000000704800000|  0%| F|  |TAMS 0x0000000704600000, 0x0000000704600000| Untracked 
|  20|0x0000000704800000, 0x0000000704800000, 0x0000000704a00000|  0%| F|  |TAMS 0x0000000704800000, 0x0000000704800000| Untracked 
|  21|0x0000000704a00000, 0x0000000704a00000, 0x0000000704c00000|  0%| F|  |TAMS 0x0000000704a00000, 0x0000000704a00000| Untracked 
|  22|0x0000000704c00000, 0x0000000704c00000, 0x0000000704e00000|  0%| F|  |TAMS 0x0000000704c00000, 0x0000000704c00000| Untracked 
|  23|0x0000000704e00000, 0x0000000705000000, 0x0000000705000000|100%|HS|  |TAMS 0x0000000704e00000, 0x0000000704e00000| Complete 
|  24|0x0000000705000000, 0x0000000705200000, 0x0000000705200000|100%|HS|  |TAMS 0x0000000705000000, 0x0000000705000000| Complete 
|  25|0x0000000705200000, 0x0000000705400000, 0x0000000705400000|100%|HC|  |TAMS 0x0000000705200000, 0x0000000705200000| Complete 
|  26|0x0000000705400000, 0x0000000705600000, 0x0000000705600000|100%| O|  |TAMS 0x0000000705400000, 0x0000000705400000| Untracked 
|  27|0x0000000705600000, 0x0000000705795c00, 0x0000000705800000| 79%| O|  |TAMS 0x0000000705600000, 0x0000000705600000| Untracked 
|  28|0x0000000705800000, 0x0000000705800000, 0x0000000705a00000|  0%| F|  |TAMS 0x0000000705800000, 0x0000000705800000| Untracked 
|  29|0x0000000705a00000, 0x0000000705a00000, 0x0000000705c00000|  0%| F|  |TAMS 0x0000000705a00000, 0x0000000705a00000| Untracked 
|  30|0x0000000705c00000, 0x0000000705c00000, 0x0000000705e00000|  0%| F|  |TAMS 0x0000000705c00000, 0x0000000705c00000| Untracked 
|  31|0x0000000705e00000, 0x0000000705e00000, 0x0000000706000000|  0%| F|  |TAMS 0x0000000705e00000, 0x0000000705e00000| Untracked 
|  32|0x0000000706000000, 0x0000000706000000, 0x0000000706200000|  0%| F|  |TAMS 0x0000000706000000, 0x0000000706000000| Untracked 
|  33|0x0000000706200000, 0x0000000706200000, 0x0000000706400000|  0%| F|  |TAMS 0x0000000706200000, 0x0000000706200000| Untracked 
|  34|0x0000000706400000, 0x0000000706400000, 0x0000000706600000|  0%| F|  |TAMS 0x0000000706400000, 0x0000000706400000| Untracked 
|  35|0x0000000706600000, 0x0000000706600000, 0x0000000706800000|  0%| F|  |TAMS 0x0000000706600000, 0x0000000706600000| Untracked 
|  36|0x0000000706800000, 0x0000000706800000, 0x0000000706a00000|  0%| F|  |TAMS 0x0000000706800000, 0x0000000706800000| Untracked 
|  37|0x0000000706a00000, 0x0000000706a00000, 0x0000000706c00000|  0%| F|  |TAMS 0x0000000706a00000, 0x0000000706a00000| Untracked 
|  38|0x0000000706c00000, 0x0000000706c00000, 0x0000000706e00000|  0%| F|  |TAMS 0x0000000706c00000, 0x0000000706c00000| Untracked 
|  39|0x0000000706e00000, 0x0000000706e00000, 0x0000000707000000|  0%| F|  |TAMS 0x0000000706e00000, 0x0000000706e00000| Untracked 
|  40|0x0000000707000000, 0x0000000707000000, 0x0000000707200000|  0%| F|  |TAMS 0x0000000707000000, 0x0000000707000000| Untracked 
|  41|0x0000000707200000, 0x0000000707200000, 0x0000000707400000|  0%| F|  |TAMS 0x0000000707200000, 0x0000000707200000| Untracked 
|  42|0x0000000707400000, 0x0000000707400000, 0x0000000707600000|  0%| F|  |TAMS 0x0000000707400000, 0x0000000707400000| Untracked 
|  43|0x0000000707600000, 0x0000000707600000, 0x0000000707800000|  0%| F|  |TAMS 0x0000000707600000, 0x0000000707600000| Untracked 
|  44|0x0000000707800000, 0x0000000707800000, 0x0000000707a00000|  0%| F|  |TAMS 0x0000000707800000, 0x0000000707800000| Untracked 
|  45|0x0000000707a00000, 0x0000000707a00000, 0x0000000707c00000|  0%| F|  |TAMS 0x0000000707a00000, 0x0000000707a00000| Untracked 
|  46|0x0000000707c00000, 0x0000000707c00000, 0x0000000707e00000|  0%| F|  |TAMS 0x0000000707c00000, 0x0000000707c00000| Untracked 
|  47|0x0000000707e00000, 0x0000000707e00000, 0x0000000708000000|  0%| F|  |TAMS 0x0000000707e00000, 0x0000000707e00000| Untracked 
|  48|0x0000000708000000, 0x0000000708000000, 0x0000000708200000|  0%| F|  |TAMS 0x0000000708000000, 0x0000000708000000| Untracked 
|  49|0x0000000708200000, 0x0000000708200000, 0x0000000708400000|  0%| F|  |TAMS 0x0000000708200000, 0x0000000708200000| Untracked 
|  50|0x0000000708400000, 0x0000000708400000, 0x0000000708600000|  0%| F|  |TAMS 0x0000000708400000, 0x0000000708400000| Untracked 
|  51|0x0000000708600000, 0x0000000708600000, 0x0000000708800000|  0%| F|  |TAMS 0x0000000708600000, 0x0000000708600000| Untracked 
|  52|0x0000000708800000, 0x0000000708800000, 0x0000000708a00000|  0%| F|  |TAMS 0x0000000708800000, 0x0000000708800000| Untracked 
|  53|0x0000000708a00000, 0x0000000708a00000, 0x0000000708c00000|  0%| F|  |TAMS 0x0000000708a00000, 0x0000000708a00000| Untracked 
|  54|0x0000000708c00000, 0x0000000708c00000, 0x0000000708e00000|  0%| F|  |TAMS 0x0000000708c00000, 0x0000000708c00000| Untracked 
|  55|0x0000000708e00000, 0x0000000708e00000, 0x0000000709000000|  0%| F|  |TAMS 0x0000000708e00000, 0x0000000708e00000| Untracked 
|  56|0x0000000709000000, 0x0000000709000000, 0x0000000709200000|  0%| F|  |TAMS 0x0000000709000000, 0x0000000709000000| Untracked 
|  57|0x0000000709200000, 0x0000000709200000, 0x0000000709400000|  0%| F|  |TAMS 0x0000000709200000, 0x0000000709200000| Untracked 
|  58|0x0000000709400000, 0x0000000709400000, 0x0000000709600000|  0%| F|  |TAMS 0x0000000709400000, 0x0000000709400000| Untracked 
|  59|0x0000000709600000, 0x0000000709600000, 0x0000000709800000|  0%| F|  |TAMS 0x0000000709600000, 0x0000000709600000| Untracked 
|  60|0x0000000709800000, 0x0000000709800000, 0x0000000709a00000|  0%| F|  |TAMS 0x0000000709800000, 0x0000000709800000| Untracked 
|  61|0x0000000709a00000, 0x0000000709a00000, 0x0000000709c00000|  0%| F|  |TAMS 0x0000000709a00000, 0x0000000709a00000| Untracked 
|  62|0x0000000709c00000, 0x0000000709c00000, 0x0000000709e00000|  0%| F|  |TAMS 0x0000000709c00000, 0x0000000709c00000| Untracked 
|  63|0x0000000709e00000, 0x0000000709e00000, 0x000000070a000000|  0%| F|  |TAMS 0x0000000709e00000, 0x0000000709e00000| Untracked 
|  64|0x000000070a000000, 0x000000070a000000, 0x000000070a200000|  0%| F|  |TAMS 0x000000070a000000, 0x000000070a000000| Untracked 
|  65|0x000000070a200000, 0x000000070a200000, 0x000000070a400000|  0%| F|  |TAMS 0x000000070a200000, 0x000000070a200000| Untracked 
|  66|0x000000070a400000, 0x000000070a400000, 0x000000070a600000|  0%| F|  |TAMS 0x000000070a400000, 0x000000070a400000| Untracked 
|  67|0x000000070a600000, 0x000000070a600000, 0x000000070a800000|  0%| F|  |TAMS 0x000000070a600000, 0x000000070a600000| Untracked 
|  68|0x000000070a800000, 0x000000070a800000, 0x000000070aa00000|  0%| F|  |TAMS 0x000000070a800000, 0x000000070a800000| Untracked 
|  69|0x000000070aa00000, 0x000000070aa00000, 0x000000070ac00000|  0%| F|  |TAMS 0x000000070aa00000, 0x000000070aa00000| Untracked 
|  70|0x000000070ac00000, 0x000000070ac00000, 0x000000070ae00000|  0%| F|  |TAMS 0x000000070ac00000, 0x000000070ac00000| Untracked 
|  71|0x000000070ae00000, 0x000000070ae00000, 0x000000070b000000|  0%| F|  |TAMS 0x000000070ae00000, 0x000000070ae00000| Untracked 
|  72|0x000000070b000000, 0x000000070b000000, 0x000000070b200000|  0%| F|  |TAMS 0x000000070b000000, 0x000000070b000000| Untracked 
|  73|0x000000070b200000, 0x000000070b200000, 0x000000070b400000|  0%| F|  |TAMS 0x000000070b200000, 0x000000070b200000| Untracked 
|  74|0x000000070b400000, 0x000000070b400000, 0x000000070b600000|  0%| F|  |TAMS 0x000000070b400000, 0x000000070b400000| Untracked 
|  75|0x000000070b600000, 0x000000070b600000, 0x000000070b800000|  0%| F|  |TAMS 0x000000070b600000, 0x000000070b600000| Untracked 
|  76|0x000000070b800000, 0x000000070b800000, 0x000000070ba00000|  0%| F|  |TAMS 0x000000070b800000, 0x000000070b800000| Untracked 
|  77|0x000000070ba00000, 0x000000070ba00000, 0x000000070bc00000|  0%| F|  |TAMS 0x000000070ba00000, 0x000000070ba00000| Untracked 
|  78|0x000000070bc00000, 0x000000070bc00000, 0x000000070be00000|  0%| F|  |TAMS 0x000000070bc00000, 0x000000070bc00000| Untracked 
|  79|0x000000070be00000, 0x000000070be00000, 0x000000070c000000|  0%| F|  |TAMS 0x000000070be00000, 0x000000070be00000| Untracked 
|  80|0x000000070c000000, 0x000000070c000000, 0x000000070c200000|  0%| F|  |TAMS 0x000000070c000000, 0x000000070c000000| Untracked 
|  81|0x000000070c200000, 0x000000070c200000, 0x000000070c400000|  0%| F|  |TAMS 0x000000070c200000, 0x000000070c200000| Untracked 
|  82|0x000000070c400000, 0x000000070c400000, 0x000000070c600000|  0%| F|  |TAMS 0x000000070c400000, 0x000000070c400000| Untracked 
|  83|0x000000070c600000, 0x000000070c600000, 0x000000070c800000|  0%| F|  |TAMS 0x000000070c600000, 0x000000070c600000| Untracked 
|  84|0x000000070c800000, 0x000000070c800000, 0x000000070ca00000|  0%| F|  |TAMS 0x000000070c800000, 0x000000070c800000| Untracked 
|  85|0x000000070ca00000, 0x000000070ca00000, 0x000000070cc00000|  0%| F|  |TAMS 0x000000070ca00000, 0x000000070ca00000| Untracked 
|  86|0x000000070cc00000, 0x000000070cc00000, 0x000000070ce00000|  0%| F|  |TAMS 0x000000070cc00000, 0x000000070cc00000| Untracked 
|  87|0x000000070ce00000, 0x000000070ce00000, 0x000000070d000000|  0%| F|  |TAMS 0x000000070ce00000, 0x000000070ce00000| Untracked 
|  88|0x000000070d000000, 0x000000070d000000, 0x000000070d200000|  0%| F|  |TAMS 0x000000070d000000, 0x000000070d000000| Untracked 
|  89|0x000000070d200000, 0x000000070d200000, 0x000000070d400000|  0%| F|  |TAMS 0x000000070d200000, 0x000000070d200000| Untracked 
|  90|0x000000070d400000, 0x000000070d400000, 0x000000070d600000|  0%| F|  |TAMS 0x000000070d400000, 0x000000070d400000| Untracked 
|  91|0x000000070d600000, 0x000000070d600000, 0x000000070d800000|  0%| F|  |TAMS 0x000000070d600000, 0x000000070d600000| Untracked 
|  92|0x000000070d800000, 0x000000070d800000, 0x000000070da00000|  0%| F|  |TAMS 0x000000070d800000, 0x000000070d800000| Untracked 
|  93|0x000000070da00000, 0x000000070da00000, 0x000000070dc00000|  0%| F|  |TAMS 0x000000070da00000, 0x000000070da00000| Untracked 
|  94|0x000000070dc00000, 0x000000070dc00000, 0x000000070de00000|  0%| F|  |TAMS 0x000000070dc00000, 0x000000070dc00000| Untracked 
|  95|0x000000070de00000, 0x000000070de00000, 0x000000070e000000|  0%| F|  |TAMS 0x000000070de00000, 0x000000070de00000| Untracked 
|  96|0x000000070e000000, 0x000000070e000000, 0x000000070e200000|  0%| F|  |TAMS 0x000000070e000000, 0x000000070e000000| Untracked 
|  97|0x000000070e200000, 0x000000070e200000, 0x000000070e400000|  0%| F|  |TAMS 0x000000070e200000, 0x000000070e200000| Untracked 
|  98|0x000000070e400000, 0x000000070e400000, 0x000000070e600000|  0%| F|  |TAMS 0x000000070e400000, 0x000000070e400000| Untracked 
|  99|0x000000070e600000, 0x000000070e600000, 0x000000070e800000|  0%| F|  |TAMS 0x000000070e600000, 0x000000070e600000| Untracked 
| 100|0x000000070e800000, 0x000000070e800000, 0x000000070ea00000|  0%| F|  |TAMS 0x000000070e800000, 0x000000070e800000| Untracked 
| 101|0x000000070ea00000, 0x000000070ea00000, 0x000000070ec00000|  0%| F|  |TAMS 0x000000070ea00000, 0x000000070ea00000| Untracked 
| 102|0x000000070ec00000, 0x000000070ec00000, 0x000000070ee00000|  0%| F|  |TAMS 0x000000070ec00000, 0x000000070ec00000| Untracked 
| 103|0x000000070ee00000, 0x000000070ee00000, 0x000000070f000000|  0%| F|  |TAMS 0x000000070ee00000, 0x000000070ee00000| Untracked 
| 104|0x000000070f000000, 0x000000070f000000, 0x000000070f200000|  0%| F|  |TAMS 0x000000070f000000, 0x000000070f000000| Untracked 
| 105|0x000000070f200000, 0x000000070f3617b8, 0x000000070f400000| 69%| S|CS|TAMS 0x000000070f200000, 0x000000070f200000| Complete 
| 106|0x000000070f400000, 0x000000070f600000, 0x000000070f600000|100%| S|CS|TAMS 0x000000070f400000, 0x000000070f400000| Complete 
| 107|0x000000070f600000, 0x000000070f800000, 0x000000070f800000|100%| S|CS|TAMS 0x000000070f600000, 0x000000070f600000| Complete 
| 108|0x000000070f800000, 0x000000070f800000, 0x000000070fa00000|  0%| F|  |TAMS 0x000000070f800000, 0x000000070f800000| Untracked 
| 109|0x000000070fa00000, 0x000000070fa00000, 0x000000070fc00000|  0%| F|  |TAMS 0x000000070fa00000, 0x000000070fa00000| Untracked 
| 110|0x000000070fc00000, 0x000000070fc00000, 0x000000070fe00000|  0%| F|  |TAMS 0x000000070fc00000, 0x000000070fc00000| Untracked 
| 111|0x000000070fe00000, 0x000000070fe00000, 0x0000000710000000|  0%| F|  |TAMS 0x000000070fe00000, 0x000000070fe00000| Untracked 
| 112|0x0000000710000000, 0x0000000710000000, 0x0000000710200000|  0%| F|  |TAMS 0x0000000710000000, 0x0000000710000000| Untracked 
| 113|0x0000000710200000, 0x0000000710400000, 0x0000000710400000|100%| E|  |TAMS 0x0000000710200000, 0x0000000710200000| Complete 
| 114|0x0000000710400000, 0x0000000710600000, 0x0000000710600000|100%| E|CS|TAMS 0x0000000710400000, 0x0000000710400000| Complete 
| 115|0x0000000710600000, 0x0000000710800000, 0x0000000710800000|100%| E|CS|TAMS 0x0000000710600000, 0x0000000710600000| Complete 
| 116|0x0000000710800000, 0x0000000710a00000, 0x0000000710a00000|100%| E|CS|TAMS 0x0000000710800000, 0x0000000710800000| Complete 
| 117|0x0000000710a00000, 0x0000000710c00000, 0x0000000710c00000|100%| E|CS|TAMS 0x0000000710a00000, 0x0000000710a00000| Complete 
| 118|0x0000000710c00000, 0x0000000710e00000, 0x0000000710e00000|100%| E|CS|TAMS 0x0000000710c00000, 0x0000000710c00000| Complete 
| 119|0x0000000710e00000, 0x0000000711000000, 0x0000000711000000|100%| E|CS|TAMS 0x0000000710e00000, 0x0000000710e00000| Complete 
| 120|0x0000000711000000, 0x0000000711200000, 0x0000000711200000|100%| E|CS|TAMS 0x0000000711000000, 0x0000000711000000| Complete 
| 121|0x0000000711200000, 0x0000000711400000, 0x0000000711400000|100%| E|CS|TAMS 0x0000000711200000, 0x0000000711200000| Complete 
| 122|0x0000000711400000, 0x0000000711600000, 0x0000000711600000|100%| E|CS|TAMS 0x0000000711400000, 0x0000000711400000| Complete 
| 123|0x0000000711600000, 0x0000000711800000, 0x0000000711800000|100%| E|CS|TAMS 0x0000000711600000, 0x0000000711600000| Complete 
| 124|0x0000000711800000, 0x0000000711a00000, 0x0000000711a00000|100%| E|CS|TAMS 0x0000000711800000, 0x0000000711800000| Complete 
| 125|0x0000000711a00000, 0x0000000711c00000, 0x0000000711c00000|100%| E|CS|TAMS 0x0000000711a00000, 0x0000000711a00000| Complete 
| 126|0x0000000711c00000, 0x0000000711e00000, 0x0000000711e00000|100%| E|CS|TAMS 0x0000000711c00000, 0x0000000711c00000| Complete 

Card table byte_map: [0x000001fd9c330000,0x000001fd9cb20000] _byte_map_base: 0x000001fd98b20000

Marking Bits (Prev, Next): (CMBitMap*) 0x000001fd84d9fbc0, (CMBitMap*) 0x000001fd84d9fc00
 Prev Bits: [0x000001fd9d310000, 0x000001fda1290000)
 Next Bits: [0x000001fda1290000, 0x000001fda5210000)

Polling page: 0x000001fd82cd0000

Metaspace:

Usage:
  Non-class:     16.09 MB used.
      Class:      2.87 MB used.
       Both:     18.96 MB used.

Virtual space:
  Non-class space:       64.00 MB reserved,      16.25 MB ( 25%) committed,  1 nodes.
      Class space:        1.00 GB reserved,       3.00 MB ( <1%) committed,  1 nodes.
             Both:        1.06 GB reserved,      19.25 MB (  2%) committed. 

Chunk freelists:
   Non-Class:  15.25 MB
       Class:  13.00 MB
        Both:  28.25 MB

MaxMetaspaceSize: unlimited
CompressedClassSpaceSize: 1.00 GB
Initial GC threshold: 21.00 MB
Current GC threshold: 21.00 MB
CDS: on
MetaspaceReclaimPolicy: balanced
 - commit_granule_bytes: 65536.
 - commit_granule_words: 8192.
 - virtual_space_node_default_size: 8388608.
 - enlarge_chunks_in_place: 1.
 - new_chunks_are_fully_committed: 0.
 - uncommit_free_chunks: 1.
 - use_allocation_guard: 0.
 - handle_deallocations: 1.


Internal statistics:

num_allocs_failed_limit: 0.
num_arena_births: 238.
num_arena_deaths: 0.
num_vsnodes_births: 2.
num_vsnodes_deaths: 0.
num_space_committed: 308.
num_space_uncommitted: 0.
num_chunks_returned_to_freelist: 0.
num_chunks_taken_from_freelist: 876.
num_chunk_merges: 0.
num_chunk_splits: 616.
num_chunks_enlarged: 474.
num_inconsistent_stats: 0.

CodeHeap 'non-profiled nmethods': size=120000Kb used=1000Kb max_used=1000Kb free=118999Kb
 bounds [0x000001fd940c0000, 0x000001fd94330000, 0x000001fd9b5f0000]
CodeHeap 'profiled nmethods': size=120000Kb used=5092Kb max_used=5092Kb free=114907Kb
 bounds [0x000001fd8c5f0000, 0x000001fd8caf0000, 0x000001fd93b20000]
CodeHeap 'non-nmethods': size=5760Kb used=1416Kb max_used=1435Kb free=4343Kb
 bounds [0x000001fd93b20000, 0x000001fd93d90000, 0x000001fd940c0000]
 total_blobs=3300 nmethods=2520 adapters=692
 compilation: enabled
              stopped_count=0, restarted_count=0
 full_count=0

Compilation events (20 events):
Event: 14.596 Thread 0x000001fda7ea9630 nmethod 2517 0x000001fd8cae6c90 code [0x000001fd8cae6e40, 0x000001fd8cae7048]
Event: 14.596 Thread 0x000001fda7ea9630 2518       3       javafx.scene.Node$1::doGeomChanged (5 bytes)
Event: 14.596 Thread 0x000001fda7ea9630 nmethod 2518 0x000001fd8cae7190 code [0x000001fd8cae7340, 0x000001fd8cae7488]
Event: 14.596 Thread 0x000001fda7ea9630 2509       1       javafx.scene.text.Font::getSize (5 bytes)
Event: 14.596 Thread 0x000001fda7ea9630 nmethod 2509 0x000001fd941b8f90 code [0x000001fd941b9120, 0x000001fd941b91f8]
Event: 14.596 Thread 0x000001fda7ea9630 2513       1       com.sun.javafx.css.CalculatedValue::getValue (5 bytes)
Event: 14.596 Thread 0x000001fda7ea9630 nmethod 2513 0x000001fd941b9290 code [0x000001fd941b9420, 0x000001fd941b94f8]
Event: 14.596 Thread 0x000001fda7ea9630 2516       1       javafx.css.Declaration::getParsedValue (5 bytes)
Event: 14.596 Thread 0x000001fda7ea9630 nmethod 2516 0x000001fd941b9590 code [0x000001fd941b9720, 0x000001fd941b97f8]
Event: 14.597 Thread 0x000001fda7ea9630 2519       1       java.util.Collections$EmptyIterator::hasNext (2 bytes)
Event: 14.597 Thread 0x000001fda7ea9630 nmethod 2519 0x000001fd941b9890 code [0x000001fd941b9a20, 0x000001fd941b9af8]
Event: 14.598 Thread 0x000001fda7ea9630 2520       3       java.lang.invoke.InnerClassLambdaMetafactory::lambdaClassName (57 bytes)
Event: 14.598 Thread 0x000001fda7ea9630 nmethod 2520 0x000001fd8cae7590 code [0x000001fd8cae7820, 0x000001fd8cae8048]
Event: 14.619 Thread 0x000001fda7ea9630 2521       3       javafx.beans.property.SimpleObjectProperty::<init> (25 bytes)
Event: 14.620 Thread 0x000001fda7ea9630 nmethod 2521 0x000001fd8cae8390 code [0x000001fd8cae8560, 0x000001fd8cae8a58]
Event: 14.624 Thread 0x000001fda7ea9630 2522       1       javafx.scene.Node::getClipParent (5 bytes)
Event: 14.625 Thread 0x000001fda7ea9630 nmethod 2522 0x000001fd941b9b90 code [0x000001fd941b9d20, 0x000001fd941b9df8]
Event: 14.625 Thread 0x000001fda7ea9630 2523       3       com.sun.javafx.collections.SourceAdapterChange::<init> (11 bytes)
Event: 14.626 Thread 0x000001fda7ea9630 nmethod 2523 0x000001fd8cae8c10 code [0x000001fd8cae8dc0, 0x000001fd8cae9058]
Event: 14.636 Thread 0x000001fda7ea9630 2525       3       java.lang.invoke.AbstractValidatingLambdaMetafactory::validateMetafactoryArgs (607 bytes)

GC Heap History (4 events):
Event: 6.699 GC heap before
{Heap before GC invocations=0 (full 0):
 garbage-first heap   total 260096K, used 22528K [0x0000000702000000, 0x0000000800000000)
  region size 2048K, 11 young (22528K), 0 survivors (0K)
 Metaspace       used 5183K, committed 5376K, reserved 1114112K
  class space    used 587K, committed 704K, reserved 1048576K
}
Event: 6.718 GC heap after
{Heap after GC invocations=1 (full 0):
 garbage-first heap   total 260096K, used 3722K [0x0000000702000000, 0x0000000800000000)
  region size 2048K, 2 young (4096K), 2 survivors (4096K)
 Metaspace       used 5183K, committed 5376K, reserved 1114112K
  class space    used 587K, committed 704K, reserved 1048576K
}
Event: 8.479 GC heap before
{Heap before GC invocations=1 (full 0):
 garbage-first heap   total 260096K, used 89738K [0x0000000702000000, 0x0000000800000000)
  region size 2048K, 19 young (38912K), 2 survivors (4096K)
 Metaspace       used 13969K, committed 14208K, reserved 1114112K
  class space    used 1775K, committed 1920K, reserved 1048576K
}
Event: 8.483 GC heap after
{Heap after GC invocations=2 (full 0):
 garbage-first heap   total 260096K, used 31708K [0x0000000702000000, 0x0000000800000000)
  region size 2048K, 3 young (6144K), 3 survivors (6144K)
 Metaspace       used 13969K, committed 14208K, reserved 1114112K
  class space    used 1775K, committed 1920K, reserved 1048576K
}

Deoptimization events (20 events):
Event: 14.251 Thread 0x000001fded85b3f0 DEOPT PACKING pc=0x000001fd9419be7c sp=0x0000003f07cfcd20
Event: 14.251 Thread 0x000001fded85b3f0 DEOPT UNPACKING pc=0x000001fd93b723a3 sp=0x0000003f07cfcc98 mode 2
Event: 14.252 Thread 0x000001fded85b3f0 Uncommon trap: trap_request=0xffffffde fr.pc=0x000001fd9419be7c relative=0x00000000000000dc
Event: 14.252 Thread 0x000001fded85b3f0 Uncommon trap: reason=class_check action=maybe_recompile pc=0x000001fd9419be7c method=com.sun.javafx.css.BitSet.contains(Ljava/lang/Object;)Z @ 8 c2
Event: 14.252 Thread 0x000001fded85b3f0 DEOPT PACKING pc=0x000001fd9419be7c sp=0x0000003f07cfcd20
Event: 14.252 Thread 0x000001fded85b3f0 DEOPT UNPACKING pc=0x000001fd93b723a3 sp=0x0000003f07cfcc98 mode 2
Event: 14.279 Thread 0x000001fded85b3f0 Uncommon trap: trap_request=0xffffffde fr.pc=0x000001fd9419be7c relative=0x00000000000000dc
Event: 14.279 Thread 0x000001fded85b3f0 Uncommon trap: reason=class_check action=maybe_recompile pc=0x000001fd9419be7c method=com.sun.javafx.css.BitSet.contains(Ljava/lang/Object;)Z @ 8 c2
Event: 14.279 Thread 0x000001fded85b3f0 DEOPT PACKING pc=0x000001fd9419be7c sp=0x0000003f07cfccd0
Event: 14.279 Thread 0x000001fded85b3f0 DEOPT UNPACKING pc=0x000001fd93b723a3 sp=0x0000003f07cfcc38 mode 2
Event: 14.314 Thread 0x000001fded85b3f0 DEOPT PACKING pc=0x000001fd8c89d965 sp=0x0000003f07cfcb20
Event: 14.314 Thread 0x000001fded85b3f0 DEOPT UNPACKING pc=0x000001fd93b72b43 sp=0x0000003f07cfc018 mode 0
Event: 14.546 Thread 0x000001fded85b3f0 Uncommon trap: trap_request=0xffffff45 fr.pc=0x000001fd94127c60 relative=0x00000000000001e0
Event: 14.546 Thread 0x000001fded85b3f0 Uncommon trap: reason=unstable_if action=reinterpret pc=0x000001fd94127c60 method=java.io.ByteArrayInputStream.read()I @ 8 c2
Event: 14.546 Thread 0x000001fded85b3f0 DEOPT PACKING pc=0x000001fd94127c60 sp=0x0000003f07cfbdb0
Event: 14.546 Thread 0x000001fded85b3f0 DEOPT UNPACKING pc=0x000001fd93b723a3 sp=0x0000003f07cfbd68 mode 2
Event: 14.577 Thread 0x000001fded85b3f0 Uncommon trap: trap_request=0xffffff45 fr.pc=0x000001fd941824d0 relative=0x0000000000000050
Event: 14.577 Thread 0x000001fded85b3f0 Uncommon trap: reason=unstable_if action=reinterpret pc=0x000001fd941824d0 method=java.util.stream.StreamOpFlag.fromCharacteristics(Ljava/util/Spliterator;)I @ 10 c2
Event: 14.577 Thread 0x000001fded85b3f0 DEOPT PACKING pc=0x000001fd941824d0 sp=0x0000003f07cfd060
Event: 14.577 Thread 0x000001fded85b3f0 DEOPT UNPACKING pc=0x000001fd93b723a3 sp=0x0000003f07cfcff8 mode 2

Classes unloaded (0 events):
No events

Classes redefined (0 events):
No events

Internal exceptions (20 events):
Event: 6.797 Thread 0x000001fded85b3f0 Exception <a 'java/lang/NoSuchMethodError'{0x00000007118331f8}: 'java.lang.Object java.lang.invoke.DirectMethodHandle$Holder.invokeStaticInit(java.lang.Object, java.lang.Object, java.lang.Object, java.lang.Object)'> (0x00000007118331f8) 
thrown [s\open\src\hotspot\share\interpreter\linkResolver.cpp, line 759]
Event: 6.799 Thread 0x000001fded85b3f0 Exception <a 'java/lang/NullPointerException'{0x000000071183eec0}> (0x000000071183eec0) 
thrown [s\open\src\hotspot\share\interpreter\linkResolver.cpp, line 1350]
Event: 6.987 Thread 0x000001fded85b3f0 Exception <a 'java/lang/ClassNotFoundException'{0x00000007117bd288}: com/sun/glass/ui/win/themes> (0x00000007117bd288) 
thrown [s\open\src\hotspot\share\prims\jni.cpp, line 535]
Event: 6.989 Thread 0x000001fded85b3f0 Exception <a 'java/lang/ClassNotFoundException'{0x00000007117c9538}: com/sun/glass/ui/win/themes_fr> (0x00000007117c9538) 
thrown [s\open\src\hotspot\share\prims\jni.cpp, line 535]
Event: 6.989 Thread 0x000001fded85b3f0 Exception <a 'java/lang/ClassNotFoundException'{0x00000007117d1600}: com/sun/glass/ui/win/themes_fr_FR> (0x00000007117d1600) 
thrown [s\open\src\hotspot\share\prims\jni.cpp, line 535]
Event: 7.085 Thread 0x000001fded85b3f0 Exception <a 'java/lang/NoSuchMethodError'{0x00000007110f88e8}: 'void java.lang.invoke.DirectMethodHandle$Holder.invokeStaticInit(java.lang.Object, java.lang.Object)'> (0x00000007110f88e8) 
thrown [s\open\src\hotspot\share\interpreter\linkResolver.cpp, line 759]
Event: 7.089 Thread 0x000001fded85b3f0 Exception <a 'java/lang/NoSuchMethodError'{0x000000071112db58}: 'void java.lang.invoke.DirectMethodHandle$Holder.invokeSpecial(java.lang.Object, java.lang.Object, java.lang.Object, java.lang.Object, java.lang.Object)'> (0x000000071112db58) 
thrown [s\open\src\hotspot\share\interpreter\linkResolver.cpp, line 759]
Event: 7.958 Thread 0x000001fded85b3f0 Exception <a 'java/lang/NoSuchMethodError'{0x000000071098dc60}: 'java.lang.Object java.lang.invoke.DirectMethodHandle$Holder.invokeInterface(java.lang.Object, java.lang.Object)'> (0x000000071098dc60) 
thrown [s\open\src\hotspot\share\interpreter\linkResolver.cpp, line 759]
Event: 7.978 Thread 0x000001fded85b3f0 Exception <a 'java/lang/NoSuchMethodError'{0x0000000710215438}: 'java.lang.Object java.lang.invoke.DirectMethodHandle$Holder.invokeVirtual(java.lang.Object, java.lang.Object, java.lang.Object)'> (0x0000000710215438) 
thrown [s\open\src\hotspot\share\interpreter\linkResolver.cpp, line 759]
Event: 8.574 Thread 0x000001fded85b3f0 Implicit null exception at 0x000001fd940e33e0 to 0x000001fd940e347a
Event: 8.577 Thread 0x000001fded85b3f0 Exception <a 'java/io/FileNotFoundException'{0x0000000711bc75c0}> (0x0000000711bc75c0) 
thrown [s\open\src\hotspot\share\prims\jni.cpp, line 516]
Event: 8.631 Thread 0x000001fded85b3f0 Implicit null exception at 0x000001fd9414050f to 0x000001fd94140aa4
Event: 8.631 Thread 0x000001fded85b3f0 Implicit null exception at 0x000001fd9413e48f to 0x000001fd9413ea64
Event: 8.632 Thread 0x000001fded85b3f0 Implicit null exception at 0x000001fd940e1f8f to 0x000001fd940e2009
Event: 14.245 Thread 0x000001fded85b3f0 Exception <a 'java/lang/NoSuchMethodError'{0x000000071135e3c0}: 'java.lang.Object java.lang.invoke.DirectMethodHandle$Holder.invokeInterface(java.lang.Object, java.lang.Object, java.lang.Object)'> (0x000000071135e3c0) 
thrown [s\open\src\hotspot\share\interpreter\linkResolver.cpp, line 759]
Event: 14.246 Thread 0x000001fded85b3f0 Exception <a 'java/lang/IncompatibleClassChangeError'{0x0000000711361a88}: Found class java.lang.Object, but interface was expected> (0x0000000711361a88) 
thrown [s\open\src\hotspot\share\interpreter\linkResolver.cpp, line 826]
Event: 14.313 Thread 0x000001fded85b3f0 Exception <a 'java/lang/ClassNotFoundException'{0x000000071118fa10}: com/sun/javafx/scene/control/skin/resources/controls> (0x000000071118fa10) 
thrown [s\open\src\hotspot\share\prims\jni.cpp, line 535]
Event: 14.313 Thread 0x000001fded85b3f0 Exception <a 'java/lang/ClassNotFoundException'{0x000000071119de40}: com/sun/javafx/scene/control/skin/resources/controls_fr> (0x000000071119de40) 
thrown [s\open\src\hotspot\share\prims\jni.cpp, line 535]
Event: 14.314 Thread 0x000001fded85b3f0 Exception <a 'java/lang/ClassNotFoundException'{0x00000007111abb78}: com/sun/javafx/scene/control/skin/resources/controls_fr_FR> (0x00000007111abb78) 
thrown [s\open\src\hotspot\share\prims\jni.cpp, line 535]
Event: 14.488 Thread 0x000001fded85b3f0 Exception <a 'java/lang/NoSuchMethodError'{0x0000000710f665b8}: 'void java.lang.invoke.DirectMethodHandle$Holder.invokeSpecial(java.lang.Object, java.lang.Object, java.lang.Object, java.lang.Object, java.lang.Object, java.lang.Object)'> (0x0000000710f665b8) 
thrown [s\open\src\hotspot\share\interpreter\linkResolver.cpp, line 759]

VM Operations (20 events):
Event: 8.031 Executing VM operation: HandshakeAllThreads
Event: 8.031 Executing VM operation: HandshakeAllThreads done
Event: 8.082 Executing VM operation: HandshakeAllThreads
Event: 8.082 Executing VM operation: HandshakeAllThreads done
Event: 8.206 Executing VM operation: HandshakeAllThreads
Event: 8.206 Executing VM operation: HandshakeAllThreads done
Event: 8.419 Executing VM operation: ICBufferFull
Event: 8.419 Executing VM operation: ICBufferFull done
Event: 8.478 Executing VM operation: G1CollectForAllocation
Event: 8.483 Executing VM operation: G1CollectForAllocation done
Event: 8.565 Executing VM operation: HandshakeAllThreads
Event: 8.565 Executing VM operation: HandshakeAllThreads done
Event: 9.565 Executing VM operation: Cleanup
Event: 9.565 Executing VM operation: Cleanup done
Event: 13.568 Executing VM operation: Cleanup
Event: 13.568 Executing VM operation: Cleanup done
Event: 14.486 Executing VM operation: HandshakeAllThreads
Event: 14.486 Executing VM operation: HandshakeAllThreads done
Event: 15.487 Executing VM operation: Cleanup
Event: 15.487 Executing VM operation: Cleanup done

Events (20 events):
Event: 14.547 loading class jdk/internal/icu/impl/Trie2$1
Event: 14.547 loading class jdk/internal/icu/impl/Trie2$ValueMapper
Event: 14.547 loading class jdk/internal/icu/impl/Trie2$ValueMapper done
Event: 14.547 loading class jdk/internal/icu/impl/Trie2$1 done
Event: 14.547 loading class jdk/internal/icu/impl/Trie2$UTrie2Header
Event: 14.547 loading class jdk/internal/icu/impl/Trie2$UTrie2Header done
Event: 14.548 loading class jdk/internal/icu/text/UTF16
Event: 14.548 loading class jdk/internal/icu/text/UTF16 done
Event: 14.549 loading class jdk/internal/icu/text/BidiLine
Event: 14.549 loading class jdk/internal/icu/text/BidiLine done
Event: 14.560 loading class java/lang/FdLibm$Hypot
Event: 14.560 loading class java/lang/FdLibm$Hypot done
Event: 14.560 loading class java/lang/FdLibm
Event: 14.560 loading class java/lang/FdLibm done
Event: 14.577 loading class java/util/BitSet$1BitSetSpliterator
Event: 14.577 loading class java/util/BitSet$1BitSetSpliterator done
Event: 14.577 loading class java/util/stream/IntPipeline$1
Event: 14.578 loading class java/util/stream/IntPipeline$1 done
Event: 14.578 loading class java/util/stream/IntPipeline$1$1
Event: 14.578 loading class java/util/stream/IntPipeline$1$1 done


Dynamic libraries:
0x00007ff67e230000 - 0x00007ff67e240000 	C:\Program Files\Java\jdk-17\bin\java.exe
0x00007ff919410000 - 0x00007ff919608000 	C:\Windows\SYSTEM32\ntdll.dll
0x00007ff918cc0000 - 0x00007ff918d7f000 	C:\Windows\System32\KERNEL32.DLL
0x00007ff916cf0000 - 0x00007ff916fe6000 	C:\Windows\System32\KERNELBASE.dll
0x00007ff916ff0000 - 0x00007ff9170f0000 	C:\Windows\System32\ucrtbase.dll
0x00007ff9126b0000 - 0x00007ff9126c9000 	C:\Program Files\Java\jdk-17\bin\jli.dll
0x00007ff918990000 - 0x00007ff918a3f000 	C:\Windows\System32\ADVAPI32.dll
0x00007ff9190d0000 - 0x00007ff91916e000 	C:\Windows\System32\msvcrt.dll
0x00007ff918d80000 - 0x00007ff918e1c000 	C:\Windows\System32\sechost.dll
0x00007ff918e50000 - 0x00007ff918f76000 	C:\Windows\System32\RPCRT4.dll
0x00007ff917470000 - 0x00007ff91760d000 	C:\Windows\System32\USER32.dll
0x00007ff917440000 - 0x00007ff917462000 	C:\Windows\System32\win32u.dll
0x00007ff919030000 - 0x00007ff91905c000 	C:\Windows\System32\GDI32.dll
0x00007ff9171a0000 - 0x00007ff9172b5000 	C:\Windows\System32\gdi32full.dll
0x00007ff916af0000 - 0x00007ff916b8d000 	C:\Windows\System32\msvcp_win.dll
0x00007ff9114a0000 - 0x00007ff9114bb000 	C:\Program Files\Java\jdk-17\bin\VCRUNTIME140.dll
0x00007ff8fce00000 - 0x00007ff8fd09a000 	C:\Windows\WinSxS\amd64_microsoft.windows.common-controls_6595b64144ccf1df_6.0.19041.1110_none_60b5254171f9507e\COMCTL32.dll
0x00007ff9106b0000 - 0x00007ff9106ba000 	C:\Windows\SYSTEM32\VERSION.dll
0x00007ff918e20000 - 0x00007ff918e50000 	C:\Windows\System32\IMM32.DLL
0x00007ff913330000 - 0x00007ff91333c000 	C:\Program Files\Java\jdk-17\bin\vcruntime140_1.dll
0x00007ff910f70000 - 0x00007ff910ffe000 	C:\Program Files\Java\jdk-17\bin\msvcp140.dll
0x00007ff8daca0000 - 0x00007ff8db87f000 	C:\Program Files\Java\jdk-17\bin\server\jvm.dll
0x00007ff918bd0000 - 0x00007ff918bd8000 	C:\Windows\System32\PSAPI.DLL
0x00007ff8fda40000 - 0x00007ff8fda49000 	C:\Windows\SYSTEM32\WSOCK32.dll
0x00007ff919060000 - 0x00007ff9190cb000 	C:\Windows\System32\WS2_32.dll
0x00007ff8ffe20000 - 0x00007ff8ffe47000 	C:\Windows\SYSTEM32\WINMM.dll
0x00007ff914b70000 - 0x00007ff914b82000 	C:\Windows\SYSTEM32\kernel.appcore.dll
0x00007ff912760000 - 0x00007ff91276a000 	C:\Program Files\Java\jdk-17\bin\jimage.dll
0x00007ff914570000 - 0x00007ff914754000 	C:\Windows\SYSTEM32\DBGHELP.DLL
0x00007ff8fdaf0000 - 0x00007ff8fdb24000 	C:\Windows\SYSTEM32\dbgcore.DLL
0x00007ff9172f0000 - 0x00007ff917372000 	C:\Windows\System32\bcryptPrimitives.dll
0x00007ff90fd90000 - 0x00007ff90fdb5000 	C:\Program Files\Java\jdk-17\bin\java.dll
0x00007ff90b4a0000 - 0x00007ff90b577000 	C:\Program Files\Java\jdk-17\bin\jsvml.dll
0x00007ff917c10000 - 0x00007ff918354000 	C:\Windows\System32\SHELL32.dll
0x00007ff914b90000 - 0x00007ff915323000 	C:\Windows\SYSTEM32\windows.storage.dll
0x00007ff918360000 - 0x00007ff9186b4000 	C:\Windows\System32\combase.dll
0x00007ff916530000 - 0x00007ff91655e000 	C:\Windows\SYSTEM32\Wldp.dll
0x00007ff919170000 - 0x00007ff91921d000 	C:\Windows\System32\SHCORE.dll
0x00007ff918a40000 - 0x00007ff918a95000 	C:\Windows\System32\shlwapi.dll
0x00007ff916a20000 - 0x00007ff916a45000 	C:\Windows\SYSTEM32\profapi.dll
0x00007ff90f680000 - 0x00007ff90f699000 	C:\Program Files\Java\jdk-17\bin\net.dll
0x00007ff90fa30000 - 0x00007ff90fb3a000 	C:\Windows\SYSTEM32\WINHTTP.dll
0x00007ff916290000 - 0x00007ff9162fa000 	C:\Windows\system32\mswsock.dll
0x00007ff90f660000 - 0x00007ff90f676000 	C:\Program Files\Java\jdk-17\bin\nio.dll
0x00007ff910cf0000 - 0x00007ff910d08000 	C:\Program Files\Java\jdk-17\bin\zip.dll
0x000001fd84cf0000 - 0x000001fd84cf3000 	C:\Users\LENOVO\.openjfx\cache\21.0.2+5\amd64\api-ms-win-core-console-l1-1-0.dll
0x000001fd84d00000 - 0x000001fd84d03000 	C:\Users\LENOVO\.openjfx\cache\21.0.2+5\amd64\api-ms-win-core-console-l1-2-0.dll
0x000001fda7ff0000 - 0x000001fda7ff3000 	C:\Users\LENOVO\.openjfx\cache\21.0.2+5\amd64\api-ms-win-core-datetime-l1-1-0.dll
0x000001fdedc00000 - 0x000001fdedc03000 	C:\Users\LENOVO\.openjfx\cache\21.0.2+5\amd64\api-ms-win-core-debug-l1-1-0.dll
0x000001fdedc10000 - 0x000001fdedc13000 	C:\Users\LENOVO\.openjfx\cache\21.0.2+5\amd64\api-ms-win-core-errorhandling-l1-1-0.dll
0x000001fdedc20000 - 0x000001fdedc24000 	C:\Users\LENOVO\.openjfx\cache\21.0.2+5\amd64\api-ms-win-core-file-l1-1-0.dll
0x000001fdedc30000 - 0x000001fdedc33000 	C:\Users\LENOVO\.openjfx\cache\21.0.2+5\amd64\api-ms-win-core-file-l1-2-0.dll
0x000001fdedc40000 - 0x000001fdedc43000 	C:\Users\LENOVO\.openjfx\cache\21.0.2+5\amd64\api-ms-win-core-file-l2-1-0.dll
0x000001fdedc50000 - 0x000001fdedc53000 	C:\Users\LENOVO\.openjfx\cache\21.0.2+5\amd64\api-ms-win-core-handle-l1-1-0.dll
0x000001fdedc60000 - 0x000001fdedc63000 	C:\Users\LENOVO\.openjfx\cache\21.0.2+5\amd64\api-ms-win-core-heap-l1-1-0.dll
0x000001fdedc70000 - 0x000001fdedc73000 	C:\Users\LENOVO\.openjfx\cache\21.0.2+5\amd64\api-ms-win-core-interlocked-l1-1-0.dll
0x000001fdedc80000 - 0x000001fdedc83000 	C:\Users\LENOVO\.openjfx\cache\21.0.2+5\amd64\api-ms-win-core-libraryloader-l1-1-0.dll
0x000001fdedc90000 - 0x000001fdedc93000 	C:\Users\LENOVO\.openjfx\cache\21.0.2+5\amd64\api-ms-win-core-localization-l1-2-0.dll
0x000001fdedca0000 - 0x000001fdedca3000 	C:\Users\LENOVO\.openjfx\cache\21.0.2+5\amd64\api-ms-win-core-memory-l1-1-0.dll
0x000001fdedcb0000 - 0x000001fdedcb3000 	C:\Users\LENOVO\.openjfx\cache\21.0.2+5\amd64\api-ms-win-core-namedpipe-l1-1-0.dll
0x000001fdedcc0000 - 0x000001fdedcc3000 	C:\Users\LENOVO\.openjfx\cache\21.0.2+5\amd64\api-ms-win-core-processenvironment-l1-1-0.dll
0x000001fdedcd0000 - 0x000001fdedcd3000 	C:\Users\LENOVO\.openjfx\cache\21.0.2+5\amd64\api-ms-win-core-processthreads-l1-1-0.dll
0x000001fdedce0000 - 0x000001fdedce3000 	C:\Users\LENOVO\.openjfx\cache\21.0.2+5\amd64\api-ms-win-core-processthreads-l1-1-1.dll
0x000001fdedcf0000 - 0x000001fdedcf3000 	C:\Users\LENOVO\.openjfx\cache\21.0.2+5\amd64\api-ms-win-core-profile-l1-1-0.dll
0x000001fdedd00000 - 0x000001fdedd03000 	C:\Users\LENOVO\.openjfx\cache\21.0.2+5\amd64\api-ms-win-core-rtlsupport-l1-1-0.dll
0x000001fdedd10000 - 0x000001fdedd13000 	C:\Users\LENOVO\.openjfx\cache\21.0.2+5\amd64\api-ms-win-core-string-l1-1-0.dll
0x000001fdedd20000 - 0x000001fdedd23000 	C:\Users\LENOVO\.openjfx\cache\21.0.2+5\amd64\api-ms-win-core-synch-l1-1-0.dll
0x000001fdedd30000 - 0x000001fdedd33000 	C:\Users\LENOVO\.openjfx\cache\21.0.2+5\amd64\api-ms-win-core-synch-l1-2-0.dll
0x000001fdedd40000 - 0x000001fdedd43000 	C:\Users\LENOVO\.openjfx\cache\21.0.2+5\amd64\api-ms-win-core-sysinfo-l1-1-0.dll
0x000001fdedd50000 - 0x000001fdedd53000 	C:\Users\LENOVO\.openjfx\cache\21.0.2+5\amd64\api-ms-win-core-timezone-l1-1-0.dll
0x000001fdedd60000 - 0x000001fdedd63000 	C:\Users\LENOVO\.openjfx\cache\21.0.2+5\amd64\api-ms-win-core-util-l1-1-0.dll
0x000001fdedd70000 - 0x000001fdedd73000 	C:\Users\LENOVO\.openjfx\cache\21.0.2+5\amd64\api-ms-win-crt-conio-l1-1-0.dll
0x000001fdedd80000 - 0x000001fdedd84000 	C:\Users\LENOVO\.openjfx\cache\21.0.2+5\amd64\api-ms-win-crt-convert-l1-1-0.dll
0x000001fdedd90000 - 0x000001fdedd93000 	C:\Users\LENOVO\.openjfx\cache\21.0.2+5\amd64\api-ms-win-crt-environment-l1-1-0.dll
0x000001fdedda0000 - 0x000001fdedda3000 	C:\Users\LENOVO\.openjfx\cache\21.0.2+5\amd64\api-ms-win-crt-filesystem-l1-1-0.dll
0x000001fdeddb0000 - 0x000001fdeddb3000 	C:\Users\LENOVO\.openjfx\cache\21.0.2+5\amd64\api-ms-win-crt-heap-l1-1-0.dll
0x000001fdeddc0000 - 0x000001fdeddc3000 	C:\Users\LENOVO\.openjfx\cache\21.0.2+5\amd64\api-ms-win-crt-locale-l1-1-0.dll
0x000001fdeddd0000 - 0x000001fdeddd5000 	C:\Users\LENOVO\.openjfx\cache\21.0.2+5\amd64\api-ms-win-crt-math-l1-1-0.dll
0x000001fdedde0000 - 0x000001fdedde5000 	C:\Users\LENOVO\.openjfx\cache\21.0.2+5\amd64\api-ms-win-crt-multibyte-l1-1-0.dll
0x000001fdeddf0000 - 0x000001fdede00000 	C:\Users\LENOVO\.openjfx\cache\21.0.2+5\amd64\api-ms-win-crt-private-l1-1-0.dll
0x000001fdede00000 - 0x000001fdede03000 	C:\Users\LENOVO\.openjfx\cache\21.0.2+5\amd64\api-ms-win-crt-process-l1-1-0.dll
0x000001fdede10000 - 0x000001fdede14000 	C:\Users\LENOVO\.openjfx\cache\21.0.2+5\amd64\api-ms-win-crt-runtime-l1-1-0.dll
0x000001fdede20000 - 0x000001fdede24000 	C:\Users\LENOVO\.openjfx\cache\21.0.2+5\amd64\api-ms-win-crt-stdio-l1-1-0.dll
0x000001fdede30000 - 0x000001fdede34000 	C:\Users\LENOVO\.openjfx\cache\21.0.2+5\amd64\api-ms-win-crt-string-l1-1-0.dll
0x000001fdede40000 - 0x000001fdede43000 	C:\Users\LENOVO\.openjfx\cache\21.0.2+5\amd64\api-ms-win-crt-time-l1-1-0.dll
0x000001fdede50000 - 0x000001fdede53000 	C:\Users\LENOVO\.openjfx\cache\21.0.2+5\amd64\api-ms-win-crt-utility-l1-1-0.dll
0x00007ff90b3a0000 - 0x00007ff90b49c000 	C:\Users\LENOVO\.openjfx\cache\21.0.2+5\amd64\ucrtbase.dll
0x00007ff90b380000 - 0x00007ff90b39b000 	C:\Users\LENOVO\.openjfx\cache\21.0.2+5\amd64\vcruntime140.dll
0x00007ff90c010000 - 0x00007ff90c01c000 	C:\Users\LENOVO\.openjfx\cache\21.0.2+5\amd64\vcruntime140_1.dll
0x00007ff90b2f0000 - 0x00007ff90b37e000 	C:\Users\LENOVO\.openjfx\cache\21.0.2+5\amd64\msvcp140.dll
0x00007ff90b2e0000 - 0x00007ff90b2e9000 	C:\Users\LENOVO\.openjfx\cache\21.0.2+5\amd64\msvcp140_1.dll
0x00007ff90b290000 - 0x00007ff90b2d1000 	C:\Users\LENOVO\.openjfx\cache\21.0.2+5\amd64\msvcp140_2.dll
0x00007ff90b260000 - 0x00007ff90b290000 	C:\Users\LENOVO\.openjfx\cache\21.0.2+5\amd64\prism_d3d.dll
0x00007ff90bc40000 - 0x00007ff90be0d000 	C:\Windows\system32\d3d9.dll
0x00007ff9139c0000 - 0x00007ff9139ef000 	C:\Windows\SYSTEM32\dwmapi.dll
0x00007ff9134b0000 - 0x00007ff91354e000 	C:\Windows\system32\uxtheme.dll
0x00007ff8be460000 - 0x00007ff8be5c5000 	C:\Windows\System32\DriverStore\FileRepository\iigd_dch.inf_amd64_e6980897e3126266\igdumdim64.dll
0x00007ff918aa0000 - 0x00007ff918bca000 	C:\Windows\System32\ole32.dll
0x00007ff8a0cc0000 - 0x00007ff8a494b000 	C:\Windows\System32\DriverStore\FileRepository\iigd_dch.inf_amd64_e6980897e3126266\igd9dxva64.dll
0x00007ff919280000 - 0x00007ff91934d000 	C:\Windows\System32\OLEAUT32.dll
0x00007ff917620000 - 0x00007ff917a8e000 	C:\Windows\System32\SETUPAPI.dll
0x00007ff917380000 - 0x00007ff9173ce000 	C:\Windows\System32\cfgmgr32.dll
0x00007ff9172c0000 - 0x00007ff9172e7000 	C:\Windows\System32\bcrypt.dll
0x00007ff90ad50000 - 0x00007ff90b086000 	C:\Windows\System32\DriverStore\FileRepository\iigd_dch.inf_amd64_e6980897e3126266\igdgmm64.dll
0x00007ff909c40000 - 0x00007ff909c82000 	C:\Users\LENOVO\.openjfx\cache\21.0.2+5\amd64\glass.dll
0x00007ff918be0000 - 0x00007ff918cba000 	C:\Windows\System32\COMDLG32.dll
0x00007ff917a90000 - 0x00007ff917ba4000 	C:\Windows\System32\MSCTF.dll
0x00007ff8d6ec0000 - 0x00007ff8d6ee7000 	C:\Windows\System32\DriverStore\FileRepository\iigd_dch.inf_amd64_e6980897e3126266\igdinfo64.dll
0x00007ff916480000 - 0x00007ff916498000 	C:\Windows\SYSTEM32\CRYPTSP.dll
0x00007ff915b30000 - 0x00007ff915b64000 	C:\Windows\system32\rsaenh.dll
0x00007ff9164a0000 - 0x00007ff9164ac000 	C:\Windows\SYSTEM32\CRYPTBASE.dll
0x00007ff904440000 - 0x00007ff9071cf000 	C:\Windows\System32\DriverStore\FileRepository\iigd_dch.inf_amd64_e6980897e3126266\igc64.dll
0x00007ff90be10000 - 0x00007ff90be4b000 	C:\Windows\SYSTEM32\dxcore.dll
0x00007ff909c10000 - 0x00007ff909c3d000 	C:\Users\LENOVO\.openjfx\cache\21.0.2+5\amd64\javafx_iio.dll
0x00007ff90b240000 - 0x00007ff90b254000 	C:\Users\LENOVO\.openjfx\cache\21.0.2+5\amd64\javafx_font.dll
0x00007ff9141b0000 - 0x00007ff91442f000 	C:\Windows\SYSTEM32\dwrite.dll
0x00007ff915f70000 - 0x00007ff91603a000 	C:\Windows\SYSTEM32\DNSAPI.dll
0x00007ff915f30000 - 0x00007ff915f6b000 	C:\Windows\SYSTEM32\IPHLPAPI.DLL
0x00007ff918740000 - 0x00007ff918748000 	C:\Windows\System32\NSI.dll
0x00007ff90a0b0000 - 0x00007ff90a0ba000 	C:\Windows\System32\rasadhlp.dll
0x00007ff90a150000 - 0x00007ff90a1d2000 	C:\Windows\System32\fwpuclnt.dll
0x00007ff918f80000 - 0x00007ff919029000 	C:\Windows\System32\clbcatq.dll
0x00007ff90ed50000 - 0x00007ff90ef04000 	C:\Windows\SYSTEM32\WindowsCodecs.dll
0x00007ff8fa670000 - 0x00007ff8fa6ae000 	C:\Windows\system32\dataexchange.dll
0x00007ff914780000 - 0x00007ff9149e3000 	C:\Windows\system32\d3d11.dll
0x00007ff912780000 - 0x00007ff912963000 	C:\Windows\system32\dcomp.dll
0x00007ff915390000 - 0x00007ff915483000 	C:\Windows\system32\dxgi.dll
0x00007ff90f730000 - 0x00007ff90f937000 	C:\Windows\system32\twinapi.appcore.dll

dbghelp: loaded successfully - version: 4.0.5 - missing functions: none
symbol engine: initialized successfully - sym options: 0x614 - pdb path: .;C:\Program Files\Java\jdk-17\bin;C:\Windows\SYSTEM32;C:\Windows\WinSxS\amd64_microsoft.windows.common-controls_6595b64144ccf1df_6.0.19041.1110_none_60b5254171f9507e;C:\Program Files\Java\jdk-17\bin\server;C:\Users\LENOVO\.openjfx\cache\21.0.2+5\amd64;C:\Windows\System32\DriverStore\FileRepository\iigd_dch.inf_amd64_e6980897e3126266;C:\Program Files\Common Files\Microsoft Shared\Ink

VM Arguments:
jvm_args: --module-path=C:\Users\LENOVO\.m2\repository\org\openjfx\javafx-base\21.0.2\javafx-base-21.0.2-win.jar;C:\Users\LENOVO\.m2\repository\org\openjfx\javafx-base\21.0.2\javafx-base-21.0.2.jar;C:\Users\LENOVO\.m2\repository\org\openjfx\javafx-controls\21.0.2\javafx-controls-21.0.2-win.jar;C:\Users\LENOVO\.m2\repository\org\openjfx\javafx-controls\21.0.2\javafx-controls-21.0.2.jar;C:\Users\LENOVO\.m2\repository\org\openjfx\javafx-fxml\21.0.2\javafx-fxml-21.0.2-win.jar;C:\Users\LENOVO\.m2\repository\org\openjfx\javafx-fxml\21.0.2\javafx-fxml-21.0.2.jar;C:\Users\LENOVO\.m2\repository\org\openjfx\javafx-graphics\21.0.2\javafx-graphics-21.0.2-win.jar;C:\Users\LENOVO\.m2\repository\org\openjfx\javafx-graphics\21.0.2\javafx-graphics-21.0.2.jar;C:\Users\LENOVO\.m2\repository\org\openjfx\javafx-media\21.0.2\javafx-media-21.0.2-win.jar;C:\Users\LENOVO\.m2\repository\org\openjfx\javafx-media\21.0.2\javafx-media-21.0.2.jar --add-modules=javafx.base,javafx.controls,javafx.fxml,javafx.graphics,javafx.media 
java_command: edu.esprit.tests.MainFx
java_class_path (initial): C:\projetPIDEV\gestionCours\target\classes;C:\Users\LENOVO\.m2\repository\com\fasterxml\jackson\core\jackson-annotations\2.12.5\jackson-annotations-2.12.5.jar;C:\Users\LENOVO\.m2\repository\com\fasterxml\jackson\core\jackson-core\2.12.5\jackson-core-2.12.5.jar;C:\Users\LENOVO\.m2\repository\com\fasterxml\jackson\core\jackson-databind\2.12.5\jackson-databind-2.12.5.jar;C:\Users\LENOVO\.m2\repository\com\fasterxml\jackson\datatype\jackson-datatype-jsr310\2.12.5\jackson-datatype-jsr310-2.12.5.jar;C:\Users\LENOVO\.m2\repository\com\google\protobuf\protobuf-java\3.21.9\protobuf-java-3.21.9.jar;C:\Users\LENOVO\.m2\repository\com\mysql\mysql-connector-j\8.0.33\mysql-connector-j-8.0.33.jar;C:\Users\LENOVO\.m2\repository\com\sun\mail\javax.mail\1.5.6\javax.mail-1.5.6.jar;C:\Users\LENOVO\.m2\repository\com\twilio\sdk\twilio\8.22.0\twilio-8.22.0.jar;C:\Users\LENOVO\.m2\repository\commons-codec\commons-codec\1.15\commons-codec-1.15.jar;C:\Users\LENOVO\.m2\repository\commons-io\commons-io\2.7\commons-io-2.7.jar;C:\Users\LENOVO\.m2\repository\commons-logging\commons-logging\1.2\commons-logging-1.2.jar;C:\Users\LENOVO\.m2\repository\io\jsonwebtoken\jjwt-api\0.11.2\jjwt-api-0.11.2.jar;C:\Users\LENOVO\.m2\repository\io\jsonwebtoken\jjwt-impl\0.11.2\jjwt-impl-0.11.2.jar;C:\Users\LENOVO\.m2\repository\io\jsonwebtoken\jjwt-jackson\0.11.2\jjwt-jackson-0.11.2.jar;C:\Users\LENOVO\.m2\repository\javax\activation\activation\1.1\activation-1.1.jar;C:\Users\LENOVO\.m2\repository\javax\activation\javax.activation-api\1.2.0\javax.activation-api-1.2.0.jar;C:\Users\LENOVO\.m2\repository\javax\xml\bind\jaxb-api\2.3.1\jaxb-api-2.3.1.jar;C:\Users\LENOVO\.m2\repository\org\apache\commons\commons-email\1.5\commons-email-1.5.jar;C:\Users\LENOVO\.m2\repository\org\apache\httpcomponents\httpclient\4.5.13\httpclient-4.5.13.jar;C:\Users\LENOVO\.m2\repository\org\apache\httpcomponents\httpcore\4.4.13\httpcore-4.4.13.jar;C:\Users\LENOVO\.m2\repository\org\slf4j\slf4j-api\1.7.30\s
Launcher Type: SUN_STANDARD

[Global flags]
     intx CICompilerCount                          = 4                                         {product} {ergonomic}
     uint ConcGCThreads                            = 3                                         {product} {ergonomic}
     uint G1ConcRefinementThreads                  = 10                                        {product} {ergonomic}
   size_t G1HeapRegionSize                         = 2097152                                   {product} {ergonomic}
    uintx GCDrainStackTargetSize                   = 64                                        {product} {ergonomic}
   size_t InitialHeapSize                          = 266338304                                 {product} {ergonomic}
   size_t MarkStackSize                            = 4194304                                   {product} {ergonomic}
   size_t MaxHeapSize                              = 4261412864                                {product} {ergonomic}
   size_t MaxNewSize                               = 2556428288                                {product} {ergonomic}
   size_t MinHeapDeltaBytes                        = 2097152                                   {product} {ergonomic}
   size_t MinHeapSize                              = 8388608                                   {product} {ergonomic}
    uintx NonNMethodCodeHeapSize                   = 5839372                                {pd product} {ergonomic}
    uintx NonProfiledCodeHeapSize                  = 122909434                              {pd product} {ergonomic}
    uintx ProfiledCodeHeapSize                     = 122909434                              {pd product} {ergonomic}
    uintx ReservedCodeCacheSize                    = 251658240                              {pd product} {ergonomic}
     bool SegmentedCodeCache                       = true                                      {product} {ergonomic}
   size_t SoftMaxHeapSize                          = 4261412864                             {manageable} {ergonomic}
     bool UseCompressedClassPointers               = true                           {product lp64_product} {ergonomic}
     bool UseCompressedOops                        = true                           {product lp64_product} {ergonomic}
     bool UseG1GC                                  = true                                      {product} {ergonomic}
     bool UseLargePagesIndividualAllocation        = false                                  {pd product} {ergonomic}

Logging:
Log output configuration:
 #0: stdout all=warning uptime,level,tags
 #1: stderr all=off uptime,level,tags

Environment Variables:
PATH=C:\oraclexe\app\oracle\product\11.2.0\server\bin;;C:\Users\LENOVO\.jdks\corretto-17.0.8.1\bin;C:\Program Files\Common Files\Oracle\Java\javapath;C:\oraclexe\app\oracle\product\11.2.0\server\bin;C:\Program Files (x86)\Common Files\Intel\Shared Libraries\redist\intel64\compiler;C:\Windows\system32;C:\Windows;C:\Windows\System32\Wbem;C:\Windows\System32\WindowsPowerShell\v1.0\;C:\Windows\System32\OpenSSH\;C:\Program Files\Git\cmd;C:\Program Files\nodejs\;C:\ProgramData\chocolatey\bin;C:\Strawberry\c\bin;C:\Strawberry\perl\site\bin;C:\Strawberry\perl\bin;C:\instantclient12_2;C:\oraclexe\app\oracle\admin\XE;C:\oraclexe;C:\ProgramData\ComposerSetup\bin;C:\Users\LENOVO\scoop\shims;C:\Users\LENOVO\AppData\Local\Microsoft\WindowsApps;C:\Users\LENOVO\AppData\Local\Programs\Microsoft VS Code\bin;C:\Users\LENOVO\AppData\Roaming\npm;C:\Users\LENOVO\AppData\Local\atom\bin;C:\Program Files\JetBrains\IntelliJ IDEA 2023.2.1\bin;;C:\Users\LENOVO\AppData\Local\GitHubDesktop\bin;C:\xampp\php;C:\Users\LENOVO\AppData\Roaming\Composer\vendor\bin;C:\Users\LENOVO\Downloads;C:\Flex Windows\gcc\bin;C:\Flex Windows\Lex\bin;C:\Flex Windows\bison\bin
USERNAME=LENOVO
OS=Windows_NT
PROCESSOR_IDENTIFIER=Intel64 Family 6 Model 165 Stepping 2, GenuineIntel



---------------  S Y S T E M  ---------------

OS:
 Windows 10 , 64 bit Build 19041 (10.0.19041.3155)
OS uptime: 7 days 3:24 hours

CPU: total 12 (initial active 12) (6 cores per cpu, 2 threads per core) family 6 model 165 stepping 2 microcode 0xe2, cx8, cmov, fxsr, ht, mmx, 3dnowpref, sse, sse2, sse3, ssse3, sse4.1, sse4.2, popcnt, lzcnt, tsc, tscinvbit, avx, avx2, aes, erms, clmul, bmi1, bmi2, adx, fma, vzeroupper, clflush, clflushopt

Memory: 4k page, system-wide physical 16251M (383M free)
TotalPageFile size 37291M (AvailPageFile size 10M)
current process WorkingSet (physical memory assigned to process): 197M, peak: 200M
current process commit charge ("private bytes"): 412M, peak: 418M

vm_info: Java HotSpot(TM) 64-Bit Server VM (17.0.10+11-LTS-240) for windows-amd64 JRE (17.0.10+11-LTS-240), built on Dec 19 2023 21:47:25 by "mach5one" with MS VC++ 17.1 (VS2022)

END.
